# JRE version: OpenJDK Runtime Environment (17.0.9) (build 17.0.9+0--11185874)
# Java VM: OpenJDK 64-Bit Server VM (17.0.9+0--11185874, mixed mode, tiered, compressed oops, compressed class ptrs, g1 gc, windows-amd64)
GC Precious Log:
 CPUs: 6 total, 6 available
 Memory: 7542M
 Large Page Support: Disabled
 NUMA Support: Disabled
 Compressed Oops: Enabled (32-bit)
 Heap Region Size: 1M
 Heap Min Capacity: 8M
 Heap Initial Capacity: 118M
 Heap Max Capacity: 2G
 Pre-touch: Disabled
 Parallel Workers: 6
 Concurrent Workers: 2
 Concurrent Refinement Workers: 6
 Periodic GC: Disabled
Heap:
 garbage-first heap   total 414720K, used 230582K [0x0000000080000000, 0x0000000100000000)
  region size 1024K, 26 young (26624K), 2 survivors (2048K)
 Metaspace       used 175190K, committed 176128K, reserved 1245184K
  class space    used 22548K, committed 22976K, reserved 1048576K
GC Heap History (20 events):
Event: 26.755 GC heap before
{Heap before GC invocations=67 (full 0):
 garbage-first heap   total 291840K, used 246390K [0x0000000080000000, 0x0000000100000000)
  region size 1024K, 39 young (39936K), 4 survivors (4096K)
 Metaspace       used 163165K, committed 164096K, reserved 1245184K
  class space    used 21031K, committed 21440K, reserved 1048576K
}
Event: 26.758 GC heap after
{Heap after GC invocations=68 (full 0):
 garbage-first heap   total 291840K, used 211818K [0x0000000080000000, 0x0000000100000000)
  region size 1024K, 3 young (3072K), 3 survivors (3072K)
 Metaspace       used 163165K, committed 164096K, reserved 1245184K
  class space    used 21031K, committed 21440K, reserved 1048576K
}
Event: 27.396 GC heap before
{Heap before GC invocations=68 (full 0):
 garbage-first heap   total 291840K, used 248682K [0x0000000080000000, 0x0000000100000000)
  region size 1024K, 39 young (39936K), 3 survivors (3072K)
 Metaspace       used 163165K, committed 164096K, reserved 1245184K
  class space    used 21031K, committed 21440K, reserved 1048576K
}
Event: 27.400 GC heap after
{Heap after GC invocations=69 (full 0):
 garbage-first heap   total 291840K, used 213679K [0x0000000080000000, 0x0000000100000000)
  region size 1024K, 4 young (4096K), 4 survivors (4096K)
 Metaspace       used 163165K, committed 164096K, reserved 1245184K
  class space    used 21031K, committed 21440K, reserved 1048576K
}
Event: 27.973 GC heap before
{Heap before GC invocations=69 (full 0):
 garbage-first heap   total 291840K, used 249519K [0x0000000080000000, 0x0000000100000000)
  region size 1024K, 39 young (39936K), 4 survivors (4096K)
 Metaspace       used 163165K, committed 164096K, reserved 1245184K
  class space    used 21031K, committed 21440K, reserved 1048576K
}
Event: 27.976 GC heap after
{Heap after GC invocations=70 (full 0):
 garbage-first heap   total 291840K, used 215032K [0x0000000080000000, 0x0000000100000000)
  region size 1024K, 4 young (4096K), 4 survivors (4096K)
 Metaspace       used 163165K, committed 164096K, reserved 1245184K
  class space    used 21031K, committed 21440K, reserved 1048576K
}
Event: 28.317 GC heap before
{Heap before GC invocations=70 (full 0):
 garbage-first heap   total 291840K, used 249848K [0x0000000080000000, 0x0000000100000000)
  region size 1024K, 38 young (38912K), 4 survivors (4096K)
 Metaspace       used 163165K, committed 164096K, reserved 1245184K
  class space    used 21031K, committed 21440K, reserved 1048576K
}
Event: 28.319 GC heap after
{Heap after GC invocations=71 (full 0):
 garbage-first heap   total 291840K, used 216652K [0x0000000080000000, 0x0000000100000000)
  region size 1024K, 4 young (4096K), 4 survivors (4096K)
 Metaspace       used 163165K, committed 164096K, reserved 1245184K
  class space    used 21031K, committed 21440K, reserved 1048576K
}
Event: 28.614 GC heap before
{Heap before GC invocations=71 (full 0):
 garbage-first heap   total 291840K, used 250444K [0x0000000080000000, 0x0000000100000000)
  region size 1024K, 37 young (37888K), 4 survivors (4096K)
 Metaspace       used 163165K, committed 164096K, reserved 1245184K
  class space    used 21031K, committed 21440K, reserved 1048576K
}
Event: 28.617 GC heap after
{Heap after GC invocations=72 (full 0):
 garbage-first heap   total 291840K, used 218076K [0x0000000080000000, 0x0000000100000000)
  region size 1024K, 4 young (4096K), 4 survivors (4096K)
 Metaspace       used 163165K, committed 164096K, reserved 1245184K
  class space    used 21031K, committed 21440K, reserved 1048576K
}
Event: 28.993 GC heap before
{Heap before GC invocations=72 (full 0):
 garbage-first heap   total 291840K, used 251868K [0x0000000080000000, 0x0000000100000000)
  region size 1024K, 37 young (37888K), 4 survivors (4096K)
 Metaspace       used 163165K, committed 164096K, reserved 1245184K
  class space    used 21031K, committed 21440K, reserved 1048576K
}
Event: 28.995 GC heap after
{Heap after GC invocations=73 (full 0):
 garbage-first heap   total 291840K, used 219436K [0x0000000080000000, 0x0000000100000000)
  region size 1024K, 4 young (4096K), 4 survivors (4096K)
 Metaspace       used 163165K, committed 164096K, reserved 1245184K
  class space    used 21031K, committed 21440K, reserved 1048576K
}
Event: 29.307 GC heap before
{Heap before GC invocations=73 (full 0):
 garbage-first heap   total 291840K, used 263468K [0x0000000080000000, 0x0000000100000000)
  region size 1024K, 36 young (36864K), 4 survivors (4096K)
 Metaspace       used 163204K, committed 164096K, reserved 1245184K
  class space    used 21042K, committed 21440K, reserved 1048576K
}
Event: 29.310 GC heap after
{Heap after GC invocations=74 (full 0):
 garbage-first heap   total 291840K, used 233027K [0x0000000080000000, 0x0000000100000000)
  region size 1024K, 4 young (4096K), 4 survivors (4096K)
 Metaspace       used 163204K, committed 164096K, reserved 1245184K
  class space    used 21042K, committed 21440K, reserved 1048576K
}
Event: 29.449 GC heap before
{Heap before GC invocations=74 (full 0):
 garbage-first heap   total 414720K, used 250435K [0x0000000080000000, 0x0000000100000000)
  region size 1024K, 24 young (24576K), 4 survivors (4096K)
 Metaspace       used 163372K, committed 164224K, reserved 1245184K
  class space    used 21061K, committed 21440K, reserved 1048576K
}
Event: 29.458 GC heap after
{Heap after GC invocations=75 (full 0):
 garbage-first heap   total 414720K, used 220328K [0x0000000080000000, 0x0000000100000000)
  region size 1024K, 3 young (3072K), 3 survivors (3072K)
 Metaspace       used 163372K, committed 164224K, reserved 1245184K
  class space    used 21061K, committed 21440K, reserved 1048576K
}
Event: 31.568 GC heap before
{Heap before GC invocations=76 (full 0):
 garbage-first heap   total 414720K, used 348328K [0x0000000080000000, 0x0000000100000000)
  region size 1024K, 127 young (130048K), 3 survivors (3072K)
 Metaspace       used 174354K, committed 175360K, reserved 1245184K
  class space    used 22452K, committed 22912K, reserved 1048576K
}
Event: 31.578 GC heap after
{Heap after GC invocations=77 (full 0):
 garbage-first heap   total 414720K, used 228455K [0x0000000080000000, 0x0000000100000000)
  region size 1024K, 11 young (11264K), 11 survivors (11264K)
 Metaspace       used 174354K, committed 175360K, reserved 1245184K
  class space    used 22452K, committed 22912K, reserved 1048576K
}
Event: 31.676 GC heap before
{Heap before GC invocations=77 (full 0):
 garbage-first heap   total 414720K, used 236647K [0x0000000080000000, 0x0000000100000000)
  region size 1024K, 20 young (20480K), 11 survivors (11264K)
 Metaspace       used 174451K, committed 175424K, reserved 1245184K
  class space    used 22456K, committed 22912K, reserved 1048576K
}
Event: 31.687 GC heap after
{Heap after GC invocations=78 (full 0):
 garbage-first heap   total 414720K, used 207030K [0x0000000080000000, 0x0000000100000000)
  region size 1024K, 2 young (2048K), 2 survivors (2048K)
 Metaspace       used 174451K, committed 175424K, reserved 1245184K
  class space    used 22456K, committed 22912K, reserved 1048576K
}

