# JRE version: OpenJDK Runtime Environment (17.0.9) (build 17.0.9+0--11185874)
# Java VM: OpenJDK 64-Bit Server VM (17.0.9+0--11185874, mixed mode, tiered, compressed oops, compressed class ptrs, g1 gc, windows-amd64)
GC Precious Log:
 CPUs: 6 total, 6 available
 Memory: 7542M
 Large Page Support: Disabled
 NUMA Support: Disabled
 Compressed Oops: Enabled (32-bit)
 Heap Region Size: 1M
 Heap Min Capacity: 8M
 Heap Initial Capacity: 118M
 Heap Max Capacity: 2G
 Pre-touch: Disabled
 Parallel Workers: 6
 Concurrent Workers: 2
 Concurrent Refinement Workers: 6
 Periodic GC: Disabled
Heap:
 garbage-first heap   total 335872K, used 187339K [0x0000000080000000, 0x0000000100000000)
  region size 1024K, 41 young (41984K), 3 survivors (3072K)
 Metaspace       used 154443K, committed 155648K, reserved 1245184K
  class space    used 20790K, committed 21376K, reserved 1048576K
GC Heap History (20 events):
Event: 18.356 GC heap before
{Heap before GC invocations=48 (full 0):
 garbage-first heap   total 335872K, used 246692K [0x0000000080000000, 0x0000000100000000)
  region size 1024K, 141 young (144384K), 17 survivors (17408K)
 Metaspace       used 111617K, committed 112448K, reserved 1179648K
  class space    used 14993K, committed 15424K, reserved 1048576K
}
Event: 18.368 GC heap after
{Heap after GC invocations=49 (full 0):
 garbage-first heap   total 335872K, used 122805K [0x0000000080000000, 0x0000000100000000)
  region size 1024K, 10 young (10240K), 10 survivors (10240K)
 Metaspace       used 111617K, committed 112448K, reserved 1179648K
  class space    used 14993K, committed 15424K, reserved 1048576K
}
Event: 21.192 GC heap before
{Heap before GC invocations=49 (full 0):
 garbage-first heap   total 335872K, used 256949K [0x0000000080000000, 0x0000000100000000)
  region size 1024K, 140 young (143360K), 10 survivors (10240K)
 Metaspace       used 120819K, committed 121664K, reserved 1179648K
  class space    used 16136K, committed 16512K, reserved 1048576K
}
Event: 21.203 GC heap after
{Heap after GC invocations=50 (full 0):
 garbage-first heap   total 335872K, used 137564K [0x0000000080000000, 0x0000000100000000)
  region size 1024K, 14 young (14336K), 14 survivors (14336K)
 Metaspace       used 120819K, committed 121664K, reserved 1179648K
  class space    used 16136K, committed 16512K, reserved 1048576K
}
Event: 35.074 GC heap before
{Heap before GC invocations=50 (full 0):
 garbage-first heap   total 335872K, used 258396K [0x0000000080000000, 0x0000000100000000)
  region size 1024K, 133 young (136192K), 14 survivors (14336K)
 Metaspace       used 129897K, committed 130752K, reserved 1179648K
  class space    used 17114K, committed 17536K, reserved 1048576K
}
Event: 35.082 GC heap after
{Heap after GC invocations=51 (full 0):
 garbage-first heap   total 335872K, used 134973K [0x0000000080000000, 0x0000000100000000)
  region size 1024K, 5 young (5120K), 5 survivors (5120K)
 Metaspace       used 129897K, committed 130752K, reserved 1179648K
  class space    used 17114K, committed 17536K, reserved 1048576K
}
Event: 37.135 GC heap before
{Heap before GC invocations=51 (full 0):
 garbage-first heap   total 335872K, used 269117K [0x0000000080000000, 0x0000000100000000)
  region size 1024K, 133 young (136192K), 5 survivors (5120K)
 Metaspace       used 131831K, committed 132672K, reserved 1179648K
  class space    used 17299K, committed 17728K, reserved 1048576K
}
Event: 37.146 GC heap after
{Heap after GC invocations=52 (full 0):
 garbage-first heap   total 335872K, used 142601K [0x0000000080000000, 0x0000000100000000)
  region size 1024K, 11 young (11264K), 11 survivors (11264K)
 Metaspace       used 131831K, committed 132672K, reserved 1179648K
  class space    used 17299K, committed 17728K, reserved 1048576K
}
Event: 38.541 GC heap before
{Heap before GC invocations=52 (full 0):
 garbage-first heap   total 335872K, used 268553K [0x0000000080000000, 0x0000000100000000)
  region size 1024K, 135 young (138240K), 11 survivors (11264K)
 Metaspace       used 144971K, committed 145856K, reserved 1179648K
  class space    used 19567K, committed 19968K, reserved 1048576K
}
Event: 38.558 GC heap after
{Heap after GC invocations=53 (full 0):
 garbage-first heap   total 335872K, used 151013K [0x0000000080000000, 0x0000000100000000)
  region size 1024K, 17 young (17408K), 17 survivors (17408K)
 Metaspace       used 144971K, committed 145856K, reserved 1179648K
  class space    used 19567K, committed 19968K, reserved 1048576K
}
Event: 39.760 GC heap before
{Heap before GC invocations=53 (full 0):
 garbage-first heap   total 335872K, used 268773K [0x0000000080000000, 0x0000000100000000)
  region size 1024K, 132 young (135168K), 17 survivors (17408K)
 Metaspace       used 149933K, committed 150912K, reserved 1179648K
  class space    used 20289K, committed 20800K, reserved 1048576K
}
Event: 39.774 GC heap after
{Heap after GC invocations=54 (full 0):
 garbage-first heap   total 335872K, used 149346K [0x0000000080000000, 0x0000000100000000)
  region size 1024K, 6 young (6144K), 6 survivors (6144K)
 Metaspace       used 149933K, committed 150912K, reserved 1179648K
  class space    used 20289K, committed 20800K, reserved 1048576K
}
Event: 137.392 GC heap before
{Heap before GC invocations=54 (full 0):
 garbage-first heap   total 335872K, used 284514K [0x0000000080000000, 0x0000000100000000)
  region size 1024K, 126 young (129024K), 6 survivors (6144K)
 Metaspace       used 152524K, committed 153536K, reserved 1245184K
  class space    used 20659K, committed 21120K, reserved 1048576K
}
Event: 137.421 GC heap after
{Heap after GC invocations=55 (full 0):
 garbage-first heap   total 335872K, used 152553K [0x0000000080000000, 0x0000000100000000)
  region size 1024K, 9 young (9216K), 9 survivors (9216K)
 Metaspace       used 152524K, committed 153536K, reserved 1245184K
  class space    used 20659K, committed 21120K, reserved 1048576K
}
Event: 160.589 GC heap before
{Heap before GC invocations=55 (full 0):
 garbage-first heap   total 335872K, used 272361K [0x0000000080000000, 0x0000000100000000)
  region size 1024K, 127 young (130048K), 9 survivors (9216K)
 Metaspace       used 153147K, committed 154176K, reserved 1245184K
  class space    used 20705K, committed 21184K, reserved 1048576K
}
Event: 160.599 GC heap after
{Heap after GC invocations=56 (full 0):
 garbage-first heap   total 335872K, used 151029K [0x0000000080000000, 0x0000000100000000)
  region size 1024K, 7 young (7168K), 7 survivors (7168K)
 Metaspace       used 153147K, committed 154176K, reserved 1245184K
  class space    used 20705K, committed 21184K, reserved 1048576K
}
Event: 282.233 GC heap before
{Heap before GC invocations=56 (full 0):
 garbage-first heap   total 335872K, used 275957K [0x0000000080000000, 0x0000000100000000)
  region size 1024K, 129 young (132096K), 7 survivors (7168K)
 Metaspace       used 153616K, committed 154688K, reserved 1245184K
  class space    used 20728K, committed 21248K, reserved 1048576K
}
Event: 282.244 GC heap after
{Heap after GC invocations=57 (full 0):
 garbage-first heap   total 335872K, used 148463K [0x0000000080000000, 0x0000000100000000)
  region size 1024K, 4 young (4096K), 4 survivors (4096K)
 Metaspace       used 153616K, committed 154688K, reserved 1245184K
  class space    used 20728K, committed 21248K, reserved 1048576K
}
Event: 358.395 GC heap before
{Heap before GC invocations=57 (full 0):
 garbage-first heap   total 335872K, used 292847K [0x0000000080000000, 0x0000000100000000)
  region size 1024K, 132 young (135168K), 4 survivors (4096K)
 Metaspace       used 154103K, committed 155200K, reserved 1245184K
  class space    used 20737K, committed 21248K, reserved 1048576K
}
Event: 358.405 GC heap after
{Heap after GC invocations=58 (full 0):
 garbage-first heap   total 335872K, used 149451K [0x0000000080000000, 0x0000000100000000)
  region size 1024K, 3 young (3072K), 3 survivors (3072K)
 Metaspace       used 154103K, committed 155200K, reserved 1245184K
  class space    used 20737K, committed 21248K, reserved 1048576K
}

