# JRE version: OpenJDK Runtime Environment (11.0.15) (build 11.0.15+0-b2043.56-8887301)
# Java VM: OpenJDK 64-Bit Server VM (11.0.15+0-b2043.56-8887301, mixed mode, tiered, compressed oops, g1 gc, windows-amd64)
Heap:
 garbage-first heap   total 356352K, used 91884K [0x0000000080000000, 0x0000000100000000)
  region size 1024K, 6 young (6144K), 6 survivors (6144K)
 Metaspace       used 51033K, capacity 52492K, committed 52816K, reserved 1095680K
  class space    used 6515K, capacity 7042K, committed 7168K, reserved 1048576K
GC Heap History (20 events):
Event: 8.581 GC heap after
{Heap after GC invocations=36 (full 0):
 garbage-first heap   total 151552K, used 76823K [0x0000000080000000, 0x0000000100000000)
  region size 1024K, 2 young (2048K), 2 survivors (2048K)
 Metaspace       used 51024K, capacity 52364K, committed 52560K, reserved 1095680K
  class space    used 6515K, capacity 7042K, committed 7168K, reserved 1048576K
}
Event: 8.648 GC heap before
{Heap before GC invocations=37 (full 0):
 garbage-first heap   total 151552K, used 115735K [0x0000000080000000, 0x0000000100000000)
  region size 1024K, 40 young (40960K), 2 survivors (2048K)
 Metaspace       used 51024K, capacity 52364K, committed 52560K, reserved 1095680K
  class space    used 6515K, capacity 7042K, committed 7168K, reserved 1048576K
}
Event: 8.650 GC heap after
{Heap after GC invocations=38 (full 0):
 garbage-first heap   total 151552K, used 77133K [0x0000000080000000, 0x0000000100000000)
  region size 1024K, 2 young (2048K), 2 survivors (2048K)
 Metaspace       used 51024K, capacity 52364K, committed 52560K, reserved 1095680K
  class space    used 6515K, capacity 7042K, committed 7168K, reserved 1048576K
}
Event: 8.713 GC heap before
{Heap before GC invocations=38 (full 0):
 garbage-first heap   total 151552K, used 118093K [0x0000000080000000, 0x0000000100000000)
  region size 1024K, 42 young (43008K), 2 survivors (2048K)
 Metaspace       used 51025K, capacity 52364K, committed 52560K, reserved 1095680K
  class space    used 6515K, capacity 7042K, committed 7168K, reserved 1048576K
}
Event: 8.716 GC heap after
{Heap after GC invocations=39 (full 0):
 garbage-first heap   total 182272K, used 77627K [0x0000000080000000, 0x0000000100000000)
  region size 1024K, 3 young (3072K), 3 survivors (3072K)
 Metaspace       used 51025K, capacity 52364K, committed 52560K, reserved 1095680K
  class space    used 6515K, capacity 7042K, committed 7168K, reserved 1048576K
}
Event: 8.833 GC heap before
{Heap before GC invocations=40 (full 0):
 garbage-first heap   total 182272K, used 130875K [0x0000000080000000, 0x0000000100000000)
  region size 1024K, 55 young (56320K), 3 survivors (3072K)
 Metaspace       used 51026K, capacity 52428K, committed 52816K, reserved 1095680K
  class space    used 6515K, capacity 7042K, committed 7168K, reserved 1048576K
}
Event: 8.835 GC heap after
{Heap after GC invocations=41 (full 0):
 garbage-first heap   total 182272K, used 77935K [0x0000000080000000, 0x0000000100000000)
  region size 1024K, 3 young (3072K), 3 survivors (3072K)
 Metaspace       used 51026K, capacity 52428K, committed 52816K, reserved 1095680K
  class space    used 6515K, capacity 7042K, committed 7168K, reserved 1048576K
}
Event: 8.938 GC heap before
{Heap before GC invocations=41 (full 0):
 garbage-first heap   total 182272K, used 134255K [0x0000000080000000, 0x0000000100000000)
  region size 1024K, 58 young (59392K), 3 survivors (3072K)
 Metaspace       used 51027K, capacity 52428K, committed 52816K, reserved 1095680K
  class space    used 6515K, capacity 7042K, committed 7168K, reserved 1048576K
}
Event: 8.940 GC heap after
{Heap after GC invocations=42 (full 0):
 garbage-first heap   total 182272K, used 78481K [0x0000000080000000, 0x0000000100000000)
  region size 1024K, 4 young (4096K), 4 survivors (4096K)
 Metaspace       used 51027K, capacity 52428K, committed 52816K, reserved 1095680K
  class space    used 6515K, capacity 7042K, committed 7168K, reserved 1048576K
}
Event: 9.036 GC heap before
{Heap before GC invocations=42 (full 0):
 garbage-first heap   total 182272K, used 136849K [0x0000000080000000, 0x0000000100000000)
  region size 1024K, 61 young (62464K), 4 survivors (4096K)
 Metaspace       used 51027K, capacity 52428K, committed 52816K, reserved 1095680K
  class space    used 6515K, capacity 7042K, committed 7168K, reserved 1048576K
}
Event: 9.038 GC heap after
{Heap after GC invocations=43 (full 0):
 garbage-first heap   total 182272K, used 78988K [0x0000000080000000, 0x0000000100000000)
  region size 1024K, 4 young (4096K), 4 survivors (4096K)
 Metaspace       used 51027K, capacity 52428K, committed 52816K, reserved 1095680K
  class space    used 6515K, capacity 7042K, committed 7168K, reserved 1048576K
}
Event: 9.163 GC heap before
{Heap before GC invocations=43 (full 0):
 garbage-first heap   total 182272K, used 142476K [0x0000000080000000, 0x0000000100000000)
  region size 1024K, 64 young (65536K), 4 survivors (4096K)
 Metaspace       used 51028K, capacity 52428K, committed 52816K, reserved 1095680K
  class space    used 6515K, capacity 7042K, committed 7168K, reserved 1048576K
}
Event: 9.166 GC heap after
{Heap after GC invocations=44 (full 0):
 garbage-first heap   total 226304K, used 80332K [0x0000000080000000, 0x0000000100000000)
  region size 1024K, 5 young (5120K), 5 survivors (5120K)
 Metaspace       used 51028K, capacity 52428K, committed 52816K, reserved 1095680K
  class space    used 6515K, capacity 7042K, committed 7168K, reserved 1048576K
}
Event: 9.369 GC heap before
{Heap before GC invocations=44 (full 0):
 garbage-first heap   total 226304K, used 162252K [0x0000000080000000, 0x0000000100000000)
  region size 1024K, 85 young (87040K), 5 survivors (5120K)
 Metaspace       used 51029K, capacity 52428K, committed 52816K, reserved 1095680K
  class space    used 6515K, capacity 7042K, committed 7168K, reserved 1048576K
}
Event: 9.377 GC heap after
{Heap after GC invocations=45 (full 0):
 garbage-first heap   total 226304K, used 86074K [0x0000000080000000, 0x0000000100000000)
  region size 1024K, 11 young (11264K), 11 survivors (11264K)
 Metaspace       used 51029K, capacity 52428K, committed 52816K, reserved 1095680K
  class space    used 6515K, capacity 7042K, committed 7168K, reserved 1048576K
}
Event: 9.566 GC heap before
{Heap before GC invocations=45 (full 0):
 garbage-first heap   total 226304K, used 169018K [0x0000000080000000, 0x0000000100000000)
  region size 1024K, 92 young (94208K), 11 survivors (11264K)
 Metaspace       used 51030K, capacity 52428K, committed 52816K, reserved 1095680K
  class space    used 6515K, capacity 7042K, committed 7168K, reserved 1048576K
}
Event: 9.575 GC heap after
{Heap after GC invocations=46 (full 0):
 garbage-first heap   total 226304K, used 90245K [0x0000000080000000, 0x0000000100000000)
  region size 1024K, 10 young (10240K), 10 survivors (10240K)
 Metaspace       used 51030K, capacity 52428K, committed 52816K, reserved 1095680K
  class space    used 6515K, capacity 7042K, committed 7168K, reserved 1048576K
}
Event: 9.725 GC heap before
{Heap before GC invocations=46 (full 0):
 garbage-first heap   total 226304K, used 173189K [0x0000000080000000, 0x0000000100000000)
  region size 1024K, 91 young (93184K), 10 survivors (10240K)
 Metaspace       used 51033K, capacity 52492K, committed 52816K, reserved 1095680K
  class space    used 6515K, capacity 7042K, committed 7168K, reserved 1048576K
}
Event: 9.730 GC heap after
{Heap after GC invocations=47 (full 0):
 garbage-first heap   total 226304K, used 91445K [0x0000000080000000, 0x0000000100000000)
  region size 1024K, 6 young (6144K), 6 survivors (6144K)
 Metaspace       used 51033K, capacity 52492K, committed 52816K, reserved 1095680K
  class space    used 6515K, capacity 7042K, committed 7168K, reserved 1048576K
}
Event: 9.865 GC heap before
{Heap before GC invocations=47 (full 0):
 garbage-first heap   total 226304K, used 177461K [0x0000000080000000, 0x0000000100000000)
  region size 1024K, 90 young (92160K), 6 survivors (6144K)
 Metaspace       used 51033K, capacity 52492K, committed 52816K, reserved 1095680K
  class space    used 6515K, capacity 7042K, committed 7168K, reserved 1048576K
}

