# JRE version: OpenJDK Runtime Environment (11.0.15) (build 11.0.15+0-b2043.56-8887301)
# Java VM: OpenJDK 64-Bit Server VM (11.0.15+0-b2043.56-8887301, mixed mode, tiered, compressed oops, g1 gc, windows-amd64)
Heap:
 garbage-first heap   total 281600K, used 169873K [0x0000000080000000, 0x0000000100000000)
  region size 1024K, 65 young (66560K), 10 survivors (10240K)
 Metaspace       used 54085K, capacity 55804K, committed 55936K, reserved 1097728K
  class space    used 6900K, capacity 7497K, committed 7552K, reserved 1048576K
GC Heap History (20 events):
Event: 13.719 GC heap before
{Heap before GC invocations=50 (full 0):
 garbage-first heap   total 281600K, used 258647K [0x0000000080000000, 0x0000000100000000)
  region size 1024K, 163 young (166912K), 2 survivors (2048K)
 Metaspace       used 54072K, capacity 55804K, committed 55936K, reserved 1097728K
  class space    used 6900K, capacity 7497K, committed 7552K, reserved 1048576K
}
Event: 13.723 GC heap after
{Heap after GC invocations=51 (full 0):
 garbage-first heap   total 281600K, used 98039K [0x0000000080000000, 0x0000000100000000)
  region size 1024K, 5 young (5120K), 5 survivors (5120K)
 Metaspace       used 54072K, capacity 55804K, committed 55936K, reserved 1097728K
  class space    used 6900K, capacity 7497K, committed 7552K, reserved 1048576K
}
Event: 13.854 GC heap before
{Heap before GC invocations=51 (full 0):
 garbage-first heap   total 281600K, used 245495K [0x0000000080000000, 0x0000000100000000)
  region size 1024K, 149 young (152576K), 5 survivors (5120K)
 Metaspace       used 54074K, capacity 55804K, committed 55936K, reserved 1097728K
  class space    used 6900K, capacity 7497K, committed 7552K, reserved 1048576K
}
Event: 13.857 GC heap after
{Heap after GC invocations=52 (full 0):
 garbage-first heap   total 281600K, used 100018K [0x0000000080000000, 0x0000000100000000)
  region size 1024K, 7 young (7168K), 7 survivors (7168K)
 Metaspace       used 54074K, capacity 55804K, committed 55936K, reserved 1097728K
  class space    used 6900K, capacity 7497K, committed 7552K, reserved 1048576K
}
Event: 14.014 GC heap before
{Heap before GC invocations=52 (full 0):
 garbage-first heap   total 281600K, used 243378K [0x0000000080000000, 0x0000000100000000)
  region size 1024K, 148 young (151552K), 7 survivors (7168K)
 Metaspace       used 54076K, capacity 55804K, committed 55936K, reserved 1097728K
  class space    used 6900K, capacity 7497K, committed 7552K, reserved 1048576K
}
Event: 14.019 GC heap after
{Heap after GC invocations=53 (full 0):
 garbage-first heap   total 281600K, used 102408K [0x0000000080000000, 0x0000000100000000)
  region size 1024K, 9 young (9216K), 9 survivors (9216K)
 Metaspace       used 54076K, capacity 55804K, committed 55936K, reserved 1097728K
  class space    used 6900K, capacity 7497K, committed 7552K, reserved 1048576K
}
Event: 14.195 GC heap before
{Heap before GC invocations=53 (full 0):
 garbage-first heap   total 281600K, used 241672K [0x0000000080000000, 0x0000000100000000)
  region size 1024K, 146 young (149504K), 9 survivors (9216K)
 Metaspace       used 54076K, capacity 55804K, committed 55936K, reserved 1097728K
  class space    used 6900K, capacity 7497K, committed 7552K, reserved 1048576K
}
Event: 14.199 GC heap after
{Heap after GC invocations=54 (full 0):
 garbage-first heap   total 281600K, used 105050K [0x0000000080000000, 0x0000000100000000)
  region size 1024K, 12 young (12288K), 12 survivors (12288K)
 Metaspace       used 54076K, capacity 55804K, committed 55936K, reserved 1097728K
  class space    used 6900K, capacity 7497K, committed 7552K, reserved 1048576K
}
Event: 14.319 GC heap before
{Heap before GC invocations=54 (full 0):
 garbage-first heap   total 281600K, used 238170K [0x0000000080000000, 0x0000000100000000)
  region size 1024K, 143 young (146432K), 12 survivors (12288K)
 Metaspace       used 54077K, capacity 55804K, committed 55936K, reserved 1097728K
  class space    used 6900K, capacity 7497K, committed 7552K, reserved 1048576K
}
Event: 14.324 GC heap after
{Heap after GC invocations=55 (full 0):
 garbage-first heap   total 281600K, used 107425K [0x0000000080000000, 0x0000000100000000)
  region size 1024K, 10 young (10240K), 10 survivors (10240K)
 Metaspace       used 54077K, capacity 55804K, committed 55936K, reserved 1097728K
  class space    used 6900K, capacity 7497K, committed 7552K, reserved 1048576K
}
Event: 14.448 GC heap before
{Heap before GC invocations=55 (full 0):
 garbage-first heap   total 281600K, used 244641K [0x0000000080000000, 0x0000000100000000)
  region size 1024K, 141 young (144384K), 10 survivors (10240K)
 Metaspace       used 54082K, capacity 55804K, committed 55936K, reserved 1097728K
  class space    used 6900K, capacity 7497K, committed 7552K, reserved 1048576K
}
Event: 14.452 GC heap after
{Heap after GC invocations=56 (full 0):
 garbage-first heap   total 281600K, used 110076K [0x0000000080000000, 0x0000000100000000)
  region size 1024K, 10 young (10240K), 10 survivors (10240K)
 Metaspace       used 54082K, capacity 55804K, committed 55936K, reserved 1097728K
  class space    used 6900K, capacity 7497K, committed 7552K, reserved 1048576K
}
Event: 14.570 GC heap before
{Heap before GC invocations=56 (full 0):
 garbage-first heap   total 281600K, used 245244K [0x0000000080000000, 0x0000000100000000)
  region size 1024K, 139 young (142336K), 10 survivors (10240K)
 Metaspace       used 54085K, capacity 55804K, committed 55936K, reserved 1097728K
  class space    used 6900K, capacity 7497K, committed 7552K, reserved 1048576K
}
Event: 14.574 GC heap after
{Heap after GC invocations=57 (full 0):
 garbage-first heap   total 281600K, used 110522K [0x0000000080000000, 0x0000000100000000)
  region size 1024K, 11 young (11264K), 11 survivors (11264K)
 Metaspace       used 54085K, capacity 55804K, committed 55936K, reserved 1097728K
  class space    used 6900K, capacity 7497K, committed 7552K, reserved 1048576K
}
Event: 14.705 GC heap before
{Heap before GC invocations=57 (full 0):
 garbage-first heap   total 281600K, used 240570K [0x0000000080000000, 0x0000000100000000)
  region size 1024K, 138 young (141312K), 11 survivors (11264K)
 Metaspace       used 54085K, capacity 55804K, committed 55936K, reserved 1097728K
  class space    used 6900K, capacity 7497K, committed 7552K, reserved 1048576K
}
Event: 14.709 GC heap after
{Heap after GC invocations=58 (full 0):
 garbage-first heap   total 281600K, used 112132K [0x0000000080000000, 0x0000000100000000)
  region size 1024K, 10 young (10240K), 10 survivors (10240K)
 Metaspace       used 54085K, capacity 55804K, committed 55936K, reserved 1097728K
  class space    used 6900K, capacity 7497K, committed 7552K, reserved 1048576K
}
Event: 14.836 GC heap before
{Heap before GC invocations=58 (full 0):
 garbage-first heap   total 281600K, used 242180K [0x0000000080000000, 0x0000000100000000)
  region size 1024K, 137 young (140288K), 10 survivors (10240K)
 Metaspace       used 54085K, capacity 55804K, committed 55936K, reserved 1097728K
  class space    used 6900K, capacity 7497K, committed 7552K, reserved 1048576K
}
Event: 14.840 GC heap after
{Heap after GC invocations=59 (full 0):
 garbage-first heap   total 281600K, used 113829K [0x0000000080000000, 0x0000000100000000)
  region size 1024K, 10 young (10240K), 10 survivors (10240K)
 Metaspace       used 54085K, capacity 55804K, committed 55936K, reserved 1097728K
  class space    used 6900K, capacity 7497K, committed 7552K, reserved 1048576K
}
Event: 15.021 GC heap before
{Heap before GC invocations=59 (full 0):
 garbage-first heap   total 281600K, used 241829K [0x0000000080000000, 0x0000000100000000)
  region size 1024K, 135 young (138240K), 10 survivors (10240K)
 Metaspace       used 54085K, capacity 55804K, committed 55936K, reserved 1097728K
  class space    used 6900K, capacity 7497K, committed 7552K, reserved 1048576K
}
Event: 15.025 GC heap after
{Heap after GC invocations=60 (full 0):
 garbage-first heap   total 281600K, used 115601K [0x0000000080000000, 0x0000000100000000)
  region size 1024K, 10 young (10240K), 10 survivors (10240K)
 Metaspace       used 54085K, capacity 55804K, committed 55936K, reserved 1097728K
  class space    used 6900K, capacity 7497K, committed 7552K, reserved 1048576K
}

