# JRE version: OpenJDK Runtime Environment (11.0.15) (build 11.0.15+0-b2043.56-8887301)
# Java VM: OpenJDK 64-Bit Server VM (11.0.15+0-b2043.56-8887301, mixed mode, tiered, compressed oops, g1 gc, windows-amd64)
Heap:
 garbage-first heap   total 586752K, used 98580K [0x0000000080000000, 0x0000000100000000)
  region size 1024K, 19 young (19456K), 19 survivors (19456K)
 Metaspace       used 48259K, capacity 49738K, committed 50048K, reserved 1093632K
  class space    used 6128K, capacity 6677K, committed 6784K, reserved 1048576K
GC Heap History (20 events):
Event: 6.095 GC heap after
{Heap after GC invocations=23 (full 0):
 garbage-first heap   total 210944K, used 79123K [0x0000000080000000, 0x0000000100000000)
  region size 1024K, 7 young (7168K), 7 survivors (7168K)
 Metaspace       used 48162K, capacity 49610K, committed 49792K, reserved 1091584K
  class space    used 6128K, capacity 6677K, committed 6784K, reserved 1048576K
}
Event: 6.181 GC heap before
{Heap before GC invocations=23 (full 0):
 garbage-first heap   total 210944K, used 180499K [0x0000000080000000, 0x0000000100000000)
  region size 1024K, 106 young (108544K), 7 survivors (7168K)
 Metaspace       used 48165K, capacity 49610K, committed 49792K, reserved 1091584K
  class space    used 6128K, capacity 6677K, committed 6784K, reserved 1048576K
}
Event: 6.185 GC heap after
{Heap after GC invocations=24 (full 0):
 garbage-first heap   total 210944K, used 80420K [0x0000000080000000, 0x0000000100000000)
  region size 1024K, 9 young (9216K), 9 survivors (9216K)
 Metaspace       used 48165K, capacity 49610K, committed 49792K, reserved 1091584K
  class space    used 6128K, capacity 6677K, committed 6784K, reserved 1048576K
}
Event: 6.280 GC heap before
{Heap before GC invocations=24 (full 0):
 garbage-first heap   total 210944K, used 178724K [0x0000000080000000, 0x0000000100000000)
  region size 1024K, 105 young (107520K), 9 survivors (9216K)
 Metaspace       used 48169K, capacity 49610K, committed 49792K, reserved 1091584K
  class space    used 6128K, capacity 6677K, committed 6784K, reserved 1048576K
}
Event: 6.287 GC heap after
{Heap after GC invocations=25 (full 0):
 garbage-first heap   total 268288K, used 81863K [0x0000000080000000, 0x0000000100000000)
  region size 1024K, 9 young (9216K), 9 survivors (9216K)
 Metaspace       used 48169K, capacity 49610K, committed 49792K, reserved 1091584K
  class space    used 6128K, capacity 6677K, committed 6784K, reserved 1048576K
}
Event: 6.414 GC heap before
{Heap before GC invocations=25 (full 0):
 garbage-first heap   total 268288K, used 200647K [0x0000000080000000, 0x0000000100000000)
  region size 1024K, 125 young (128000K), 9 survivors (9216K)
 Metaspace       used 48174K, capacity 49610K, committed 49792K, reserved 1091584K
  class space    used 6128K, capacity 6677K, committed 6784K, reserved 1048576K
}
Event: 6.419 GC heap after
{Heap after GC invocations=26 (full 0):
 garbage-first heap   total 268288K, used 82946K [0x0000000080000000, 0x0000000100000000)
  region size 1024K, 10 young (10240K), 10 survivors (10240K)
 Metaspace       used 48174K, capacity 49610K, committed 49792K, reserved 1091584K
  class space    used 6128K, capacity 6677K, committed 6784K, reserved 1048576K
}
Event: 6.537 GC heap before
{Heap before GC invocations=26 (full 0):
 garbage-first heap   total 268288K, used 217090K [0x0000000080000000, 0x0000000100000000)
  region size 1024K, 141 young (144384K), 10 survivors (10240K)
 Metaspace       used 48183K, capacity 49674K, committed 49792K, reserved 1091584K
  class space    used 6128K, capacity 6677K, committed 6784K, reserved 1048576K
}
Event: 6.543 GC heap after
{Heap after GC invocations=27 (full 0):
 garbage-first heap   total 268288K, used 84743K [0x0000000080000000, 0x0000000100000000)
  region size 1024K, 11 young (11264K), 11 survivors (11264K)
 Metaspace       used 48183K, capacity 49674K, committed 49792K, reserved 1091584K
  class space    used 6128K, capacity 6677K, committed 6784K, reserved 1048576K
}
Event: 6.668 GC heap before
{Heap before GC invocations=27 (full 0):
 garbage-first heap   total 268288K, used 221959K [0x0000000080000000, 0x0000000100000000)
  region size 1024K, 145 young (148480K), 11 survivors (11264K)
 Metaspace       used 48184K, capacity 49674K, committed 49792K, reserved 1091584K
  class space    used 6128K, capacity 6677K, committed 6784K, reserved 1048576K
}
Event: 6.674 GC heap after
{Heap after GC invocations=28 (full 0):
 garbage-first heap   total 268288K, used 86331K [0x0000000080000000, 0x0000000100000000)
  region size 1024K, 12 young (12288K), 12 survivors (12288K)
 Metaspace       used 48184K, capacity 49674K, committed 49792K, reserved 1091584K
  class space    used 6128K, capacity 6677K, committed 6784K, reserved 1048576K
}
Event: 6.799 GC heap before
{Heap before GC invocations=28 (full 0):
 garbage-first heap   total 268288K, used 224571K [0x0000000080000000, 0x0000000100000000)
  region size 1024K, 147 young (150528K), 12 survivors (12288K)
 Metaspace       used 48188K, capacity 49738K, committed 50048K, reserved 1093632K
  class space    used 6128K, capacity 6677K, committed 6784K, reserved 1048576K
}
Event: 6.809 GC heap after
{Heap after GC invocations=29 (full 0):
 garbage-first heap   total 414720K, used 87748K [0x0000000080000000, 0x0000000100000000)
  region size 1024K, 12 young (12288K), 12 survivors (12288K)
 Metaspace       used 48188K, capacity 49738K, committed 50048K, reserved 1093632K
  class space    used 6128K, capacity 6677K, committed 6784K, reserved 1048576K
}
Event: 7.036 GC heap before
{Heap before GC invocations=29 (full 0):
 garbage-first heap   total 414720K, used 306884K [0x0000000080000000, 0x0000000100000000)
  region size 1024K, 227 young (232448K), 12 survivors (12288K)
 Metaspace       used 48218K, capacity 49738K, committed 50048K, reserved 1093632K
  class space    used 6128K, capacity 6677K, committed 6784K, reserved 1048576K
}
Event: 7.043 GC heap after
{Heap after GC invocations=30 (full 0):
 garbage-first heap   total 414720K, used 91179K [0x0000000080000000, 0x0000000100000000)
  region size 1024K, 15 young (15360K), 15 survivors (15360K)
 Metaspace       used 48218K, capacity 49738K, committed 50048K, reserved 1093632K
  class space    used 6128K, capacity 6677K, committed 6784K, reserved 1048576K
}
Event: 7.333 GC heap before
{Heap before GC invocations=30 (full 0):
 garbage-first heap   total 414720K, used 324651K [0x0000000080000000, 0x0000000100000000)
  region size 1024K, 243 young (248832K), 15 survivors (15360K)
 Metaspace       used 48228K, capacity 49738K, committed 50048K, reserved 1093632K
  class space    used 6128K, capacity 6677K, committed 6784K, reserved 1048576K
}
Event: 7.342 GC heap after
{Heap after GC invocations=31 (full 0):
 garbage-first heap   total 414720K, used 93531K [0x0000000080000000, 0x0000000100000000)
  region size 1024K, 17 young (17408K), 17 survivors (17408K)
 Metaspace       used 48228K, capacity 49738K, committed 50048K, reserved 1093632K
  class space    used 6128K, capacity 6677K, committed 6784K, reserved 1048576K
}
Event: 7.654 GC heap before
{Heap before GC invocations=31 (full 0):
 garbage-first heap   total 414720K, used 324955K [0x0000000080000000, 0x0000000100000000)
  region size 1024K, 243 young (248832K), 17 survivors (17408K)
 Metaspace       used 48241K, capacity 49738K, committed 50048K, reserved 1093632K
  class space    used 6128K, capacity 6677K, committed 6784K, reserved 1048576K
}
Event: 7.663 GC heap after
{Heap after GC invocations=32 (full 0):
 garbage-first heap   total 414720K, used 84087K [0x0000000080000000, 0x0000000100000000)
  region size 1024K, 19 young (19456K), 19 survivors (19456K)
 Metaspace       used 48241K, capacity 49738K, committed 50048K, reserved 1093632K
  class space    used 6128K, capacity 6677K, committed 6784K, reserved 1048576K
}
Event: 8.074 GC heap before
{Heap before GC invocations=32 (full 0):
 garbage-first heap   total 414720K, used 325751K [0x0000000080000000, 0x0000000100000000)
  region size 1024K, 243 young (248832K), 19 survivors (19456K)
 Metaspace       used 48259K, capacity 49738K, committed 50048K, reserved 1093632K
  class space    used 6128K, capacity 6677K, committed 6784K, reserved 1048576K
}

