# JRE version: OpenJDK Runtime Environment (11.0.15) (build 11.0.15+0-b2043.56-8887301)
# Java VM: OpenJDK 64-Bit Server VM (11.0.15+0-b2043.56-8887301, mixed mode, tiered, compressed oops, g1 gc, windows-amd64)
Heap:
 garbage-first heap   total 339968K, used 88452K [0x0000000080000000, 0x0000000100000000)
  region size 1024K, 7 young (7168K), 7 survivors (7168K)
 Metaspace       used 45629K, capacity 46806K, committed 47056K, reserved 1089536K
  class space    used 5789K, capacity 6240K, committed 6272K, reserved 1048576K
GC Heap History (20 events):
Event: 5.091 GC heap after
{Heap after GC invocations=25 (full 0):
 garbage-first heap   total 175104K, used 73094K [0x0000000080000000, 0x0000000100000000)
  region size 1024K, 2 young (2048K), 2 survivors (2048K)
 Metaspace       used 45603K, capacity 46806K, committed 47056K, reserved 1089536K
  class space    used 5789K, capacity 6240K, committed 6272K, reserved 1048576K
}
Event: 5.185 GC heap before
{Heap before GC invocations=25 (full 0):
 garbage-first heap   total 175104K, used 125318K [0x0000000080000000, 0x0000000100000000)
  region size 1024K, 54 young (55296K), 2 survivors (2048K)
 Metaspace       used 45606K, capacity 46806K, committed 47056K, reserved 1089536K
  class space    used 5789K, capacity 6240K, committed 6272K, reserved 1048576K
}
Event: 5.186 GC heap after
{Heap after GC invocations=26 (full 0):
 garbage-first heap   total 175104K, used 73348K [0x0000000080000000, 0x0000000100000000)
  region size 1024K, 2 young (2048K), 2 survivors (2048K)
 Metaspace       used 45606K, capacity 46806K, committed 47056K, reserved 1089536K
  class space    used 5789K, capacity 6240K, committed 6272K, reserved 1048576K
}
Event: 5.270 GC heap before
{Heap before GC invocations=26 (full 0):
 garbage-first heap   total 175104K, used 133764K [0x0000000080000000, 0x0000000100000000)
  region size 1024K, 61 young (62464K), 2 survivors (2048K)
 Metaspace       used 45608K, capacity 46806K, committed 47056K, reserved 1089536K
  class space    used 5789K, capacity 6240K, committed 6272K, reserved 1048576K
}
Event: 5.272 GC heap after
{Heap after GC invocations=27 (full 0):
 garbage-first heap   total 175104K, used 73899K [0x0000000080000000, 0x0000000100000000)
  region size 1024K, 3 young (3072K), 3 survivors (3072K)
 Metaspace       used 45608K, capacity 46806K, committed 47056K, reserved 1089536K
  class space    used 5789K, capacity 6240K, committed 6272K, reserved 1048576K
}
Event: 5.385 GC heap before
{Heap before GC invocations=27 (full 0):
 garbage-first heap   total 175104K, used 135339K [0x0000000080000000, 0x0000000100000000)
  region size 1024K, 64 young (65536K), 3 survivors (3072K)
 Metaspace       used 45611K, capacity 46806K, committed 47056K, reserved 1089536K
  class space    used 5789K, capacity 6240K, committed 6272K, reserved 1048576K
}
Event: 5.387 GC heap after
{Heap after GC invocations=28 (full 0):
 garbage-first heap   total 175104K, used 74448K [0x0000000080000000, 0x0000000100000000)
  region size 1024K, 3 young (3072K), 3 survivors (3072K)
 Metaspace       used 45611K, capacity 46806K, committed 47056K, reserved 1089536K
  class space    used 5789K, capacity 6240K, committed 6272K, reserved 1048576K
}
Event: 5.507 GC heap before
{Heap before GC invocations=28 (full 0):
 garbage-first heap   total 175104K, used 141008K [0x0000000080000000, 0x0000000100000000)
  region size 1024K, 68 young (69632K), 3 survivors (3072K)
 Metaspace       used 45613K, capacity 46806K, committed 47056K, reserved 1089536K
  class space    used 5789K, capacity 6240K, committed 6272K, reserved 1048576K
}
Event: 5.509 GC heap after
{Heap after GC invocations=29 (full 0):
 garbage-first heap   total 175104K, used 74954K [0x0000000080000000, 0x0000000100000000)
  region size 1024K, 4 young (4096K), 4 survivors (4096K)
 Metaspace       used 45613K, capacity 46806K, committed 47056K, reserved 1089536K
  class space    used 5789K, capacity 6240K, committed 6272K, reserved 1048576K
}
Event: 5.606 GC heap before
{Heap before GC invocations=29 (full 0):
 garbage-first heap   total 175104K, used 141514K [0x0000000080000000, 0x0000000100000000)
  region size 1024K, 69 young (70656K), 4 survivors (4096K)
 Metaspace       used 45615K, capacity 46806K, committed 47056K, reserved 1089536K
  class space    used 5789K, capacity 6240K, committed 6272K, reserved 1048576K
}
Event: 5.608 GC heap after
{Heap after GC invocations=30 (full 0):
 garbage-first heap   total 175104K, used 75572K [0x0000000080000000, 0x0000000100000000)
  region size 1024K, 4 young (4096K), 4 survivors (4096K)
 Metaspace       used 45615K, capacity 46806K, committed 47056K, reserved 1089536K
  class space    used 5789K, capacity 6240K, committed 6272K, reserved 1048576K
}
Event: 5.716 GC heap before
{Heap before GC invocations=30 (full 0):
 garbage-first heap   total 175104K, used 145204K [0x0000000080000000, 0x0000000100000000)
  region size 1024K, 70 young (71680K), 4 survivors (4096K)
 Metaspace       used 45616K, capacity 46806K, committed 47056K, reserved 1089536K
  class space    used 5789K, capacity 6240K, committed 6272K, reserved 1048576K
}
Event: 5.720 GC heap after
{Heap after GC invocations=31 (full 0):
 garbage-first heap   total 210944K, used 77723K [0x0000000080000000, 0x0000000100000000)
  region size 1024K, 6 young (6144K), 6 survivors (6144K)
 Metaspace       used 45616K, capacity 46806K, committed 47056K, reserved 1089536K
  class space    used 5789K, capacity 6240K, committed 6272K, reserved 1048576K
}
Event: 5.832 GC heap before
{Heap before GC invocations=31 (full 0):
 garbage-first heap   total 210944K, used 154523K [0x0000000080000000, 0x0000000100000000)
  region size 1024K, 81 young (82944K), 6 survivors (6144K)
 Metaspace       used 45617K, capacity 46806K, committed 47056K, reserved 1089536K
  class space    used 5789K, capacity 6240K, committed 6272K, reserved 1048576K
}
Event: 5.838 GC heap after
{Heap after GC invocations=32 (full 0):
 garbage-first heap   total 210944K, used 82317K [0x0000000080000000, 0x0000000100000000)
  region size 1024K, 10 young (10240K), 10 survivors (10240K)
 Metaspace       used 45617K, capacity 46806K, committed 47056K, reserved 1089536K
  class space    used 5789K, capacity 6240K, committed 6272K, reserved 1048576K
}
Event: 5.947 GC heap before
{Heap before GC invocations=32 (full 0):
 garbage-first heap   total 210944K, used 163213K [0x0000000080000000, 0x0000000100000000)
  region size 1024K, 89 young (91136K), 10 survivors (10240K)
 Metaspace       used 45617K, capacity 46806K, committed 47056K, reserved 1089536K
  class space    used 5789K, capacity 6240K, committed 6272K, reserved 1048576K
}
Event: 5.954 GC heap after
{Heap after GC invocations=33 (full 0):
 garbage-first heap   total 210944K, used 86650K [0x0000000080000000, 0x0000000100000000)
  region size 1024K, 9 young (9216K), 9 survivors (9216K)
 Metaspace       used 45617K, capacity 46806K, committed 47056K, reserved 1089536K
  class space    used 5789K, capacity 6240K, committed 6272K, reserved 1048576K
}
Event: 6.050 GC heap before
{Heap before GC invocations=33 (full 0):
 garbage-first heap   total 210944K, used 168570K [0x0000000080000000, 0x0000000100000000)
  region size 1024K, 89 young (91136K), 9 survivors (9216K)
 Metaspace       used 45618K, capacity 46806K, committed 47056K, reserved 1089536K
  class space    used 5789K, capacity 6240K, committed 6272K, reserved 1048576K
}
Event: 6.057 GC heap after
{Heap after GC invocations=34 (full 0):
 garbage-first heap   total 210944K, used 87879K [0x0000000080000000, 0x0000000100000000)
  region size 1024K, 6 young (6144K), 6 survivors (6144K)
 Metaspace       used 45618K, capacity 46806K, committed 47056K, reserved 1089536K
  class space    used 5789K, capacity 6240K, committed 6272K, reserved 1048576K
}
Event: 6.269 GC heap before
{Heap before GC invocations=34 (full 0):
 garbage-first heap   total 210944K, used 171847K [0x0000000080000000, 0x0000000100000000)
  region size 1024K, 88 young (90112K), 6 survivors (6144K)
 Metaspace       used 45629K, capacity 46806K, committed 47056K, reserved 1089536K
  class space    used 5789K, capacity 6240K, committed 6272K, reserved 1048576K
}

