# JRE version: OpenJDK Runtime Environment (11.0.15) (build 11.0.15+0-b2043.56-8887301)
# Java VM: OpenJDK 64-Bit Server VM (11.0.15+0-b2043.56-8887301, mixed mode, tiered, compressed oops, g1 gc, windows-amd64)
Heap:
 garbage-first heap   total 470016K, used 100274K [0x0000000080000000, 0x0000000100000000)
  region size 1024K, 14 young (14336K), 14 survivors (14336K)
 Metaspace       used 48151K, capacity 49673K, committed 49792K, reserved 1091584K
  class space    used 6128K, capacity 6673K, committed 6784K, reserved 1048576K
GC Heap History (20 events):
Event: 6.221 GC heap after
{Heap after GC invocations=27 (full 0):
 garbage-first heap   total 175104K, used 88014K [0x0000000080000000, 0x0000000100000000)
  region size 1024K, 4 young (4096K), 4 survivors (4096K)
 Metaspace       used 48110K, capacity 49672K, committed 49792K, reserved 1091584K
  class space    used 6128K, capacity 6673K, committed 6784K, reserved 1048576K
}
Event: 6.278 GC heap before
{Heap before GC invocations=28 (full 0):
 garbage-first heap   total 175104K, used 137166K [0x0000000080000000, 0x0000000100000000)
  region size 1024K, 53 young (54272K), 4 survivors (4096K)
 Metaspace       used 48113K, capacity 49672K, committed 49792K, reserved 1091584K
  class space    used 6128K, capacity 6673K, committed 6784K, reserved 1048576K
}
Event: 6.280 GC heap after
{Heap after GC invocations=29 (full 0):
 garbage-first heap   total 175104K, used 88801K [0x0000000080000000, 0x0000000100000000)
  region size 1024K, 5 young (5120K), 5 survivors (5120K)
 Metaspace       used 48113K, capacity 49672K, committed 49792K, reserved 1091584K
  class space    used 6128K, capacity 6673K, committed 6784K, reserved 1048576K
}
Event: 6.317 GC heap before
{Heap before GC invocations=29 (full 0):
 garbage-first heap   total 175104K, used 138977K [0x0000000080000000, 0x0000000100000000)
  region size 1024K, 55 young (56320K), 5 survivors (5120K)
 Metaspace       used 48113K, capacity 49672K, committed 49792K, reserved 1091584K
  class space    used 6128K, capacity 6673K, committed 6784K, reserved 1048576K
}
Event: 6.320 GC heap after
{Heap after GC invocations=30 (full 0):
 garbage-first heap   total 222208K, used 89466K [0x0000000080000000, 0x0000000100000000)
  region size 1024K, 5 young (5120K), 5 survivors (5120K)
 Metaspace       used 48113K, capacity 49672K, committed 49792K, reserved 1091584K
  class space    used 6128K, capacity 6673K, committed 6784K, reserved 1048576K
}
Event: 6.413 GC heap before
{Heap before GC invocations=31 (full 0):
 garbage-first heap   total 222208K, used 163194K [0x0000000080000000, 0x0000000100000000)
  region size 1024K, 77 young (78848K), 5 survivors (5120K)
 Metaspace       used 48119K, capacity 49673K, committed 49792K, reserved 1091584K
  class space    used 6128K, capacity 6673K, committed 6784K, reserved 1048576K
}
Event: 6.415 GC heap after
{Heap after GC invocations=32 (full 0):
 garbage-first heap   total 222208K, used 90209K [0x0000000080000000, 0x0000000100000000)
  region size 1024K, 5 young (5120K), 5 survivors (5120K)
 Metaspace       used 48119K, capacity 49673K, committed 49792K, reserved 1091584K
  class space    used 6128K, capacity 6673K, committed 6784K, reserved 1048576K
}
Event: 6.498 GC heap before
{Heap before GC invocations=32 (full 0):
 garbage-first heap   total 222208K, used 173153K [0x0000000080000000, 0x0000000100000000)
  region size 1024K, 86 young (88064K), 5 survivors (5120K)
 Metaspace       used 48122K, capacity 49673K, committed 49792K, reserved 1091584K
  class space    used 6128K, capacity 6673K, committed 6784K, reserved 1048576K
}
Event: 6.501 GC heap after
{Heap after GC invocations=33 (full 0):
 garbage-first heap   total 222208K, used 91093K [0x0000000080000000, 0x0000000100000000)
  region size 1024K, 6 young (6144K), 6 survivors (6144K)
 Metaspace       used 48122K, capacity 49673K, committed 49792K, reserved 1091584K
  class space    used 6128K, capacity 6673K, committed 6784K, reserved 1048576K
}
Event: 6.592 GC heap before
{Heap before GC invocations=33 (full 0):
 garbage-first heap   total 222208K, used 174037K [0x0000000080000000, 0x0000000100000000)
  region size 1024K, 88 young (90112K), 6 survivors (6144K)
 Metaspace       used 48126K, capacity 49673K, committed 49792K, reserved 1091584K
  class space    used 6128K, capacity 6673K, committed 6784K, reserved 1048576K
}
Event: 6.595 GC heap after
{Heap after GC invocations=34 (full 0):
 garbage-first heap   total 222208K, used 92118K [0x0000000080000000, 0x0000000100000000)
  region size 1024K, 7 young (7168K), 7 survivors (7168K)
 Metaspace       used 48126K, capacity 49673K, committed 49792K, reserved 1091584K
  class space    used 6128K, capacity 6673K, committed 6784K, reserved 1048576K
}
Event: 6.674 GC heap before
{Heap before GC invocations=34 (full 0):
 garbage-first heap   total 222208K, used 176086K [0x0000000080000000, 0x0000000100000000)
  region size 1024K, 90 young (92160K), 7 survivors (7168K)
 Metaspace       used 48126K, capacity 49673K, committed 49792K, reserved 1091584K
  class space    used 6128K, capacity 6673K, committed 6784K, reserved 1048576K
}
Event: 6.680 GC heap after
{Heap after GC invocations=35 (full 0):
 garbage-first heap   total 314368K, used 92702K [0x0000000080000000, 0x0000000100000000)
  region size 1024K, 7 young (7168K), 7 survivors (7168K)
 Metaspace       used 48126K, capacity 49673K, committed 49792K, reserved 1091584K
  class space    used 6128K, capacity 6673K, committed 6784K, reserved 1048576K
}
Event: 6.805 GC heap before
{Heap before GC invocations=35 (full 0):
 garbage-first heap   total 314368K, used 212510K [0x0000000080000000, 0x0000000100000000)
  region size 1024K, 124 young (126976K), 7 survivors (7168K)
 Metaspace       used 48129K, capacity 49673K, committed 49792K, reserved 1091584K
  class space    used 6128K, capacity 6673K, committed 6784K, reserved 1048576K
}
Event: 6.808 GC heap after
{Heap after GC invocations=36 (full 0):
 garbage-first heap   total 314368K, used 94154K [0x0000000080000000, 0x0000000100000000)
  region size 1024K, 9 young (9216K), 9 survivors (9216K)
 Metaspace       used 48129K, capacity 49673K, committed 49792K, reserved 1091584K
  class space    used 6128K, capacity 6673K, committed 6784K, reserved 1048576K
}
Event: 6.954 GC heap before
{Heap before GC invocations=36 (full 0):
 garbage-first heap   total 314368K, used 228298K [0x0000000080000000, 0x0000000100000000)
  region size 1024K, 141 young (144384K), 9 survivors (9216K)
 Metaspace       used 48139K, capacity 49673K, committed 49792K, reserved 1091584K
  class space    used 6128K, capacity 6673K, committed 6784K, reserved 1048576K
}
Event: 6.959 GC heap after
{Heap after GC invocations=37 (full 0):
 garbage-first heap   total 314368K, used 96549K [0x0000000080000000, 0x0000000100000000)
  region size 1024K, 11 young (11264K), 11 survivors (11264K)
 Metaspace       used 48139K, capacity 49673K, committed 49792K, reserved 1091584K
  class space    used 6128K, capacity 6673K, committed 6784K, reserved 1048576K
}
Event: 7.119 GC heap before
{Heap before GC invocations=37 (full 0):
 garbage-first heap   total 314368K, used 252197K [0x0000000080000000, 0x0000000100000000)
  region size 1024K, 163 young (166912K), 11 survivors (11264K)
 Metaspace       used 48147K, capacity 49673K, committed 49792K, reserved 1091584K
  class space    used 6128K, capacity 6673K, committed 6784K, reserved 1048576K
}
Event: 7.124 GC heap after
{Heap after GC invocations=38 (full 0):
 garbage-first heap   total 314368K, used 98121K [0x0000000080000000, 0x0000000100000000)
  region size 1024K, 13 young (13312K), 13 survivors (13312K)
 Metaspace       used 48147K, capacity 49673K, committed 49792K, reserved 1091584K
  class space    used 6128K, capacity 6673K, committed 6784K, reserved 1048576K
}
Event: 7.301 GC heap before
{Heap before GC invocations=38 (full 0):
 garbage-first heap   total 314368K, used 260937K [0x0000000080000000, 0x0000000100000000)
  region size 1024K, 172 young (176128K), 13 survivors (13312K)
 Metaspace       used 48151K, capacity 49673K, committed 49792K, reserved 1091584K
  class space    used 6128K, capacity 6673K, committed 6784K, reserved 1048576K
}

