# JRE version: OpenJDK Runtime Environment (17.0.9) (build 17.0.9+0--11185874)
# Java VM: OpenJDK 64-Bit Server VM (17.0.9+0--11185874, mixed mode, tiered, compressed oops, compressed class ptrs, g1 gc, windows-amd64)
GC Precious Log:
 CPUs: 6 total, 6 available
 Memory: 7542M
 Large Page Support: Disabled
 NUMA Support: Disabled
 Compressed Oops: Enabled (32-bit)
 Heap Region Size: 1M
 Heap Min Capacity: 8M
 Heap Initial Capacity: 118M
 Heap Max Capacity: 2G
 Pre-touch: Disabled
 Parallel Workers: 6
 Concurrent Workers: 2
 Concurrent Refinement Workers: 6
 Periodic GC: Disabled
Heap:
 garbage-first heap   total 280576K, used 152594K [0x0000000080000000, 0x0000000100000000)
  region size 1024K, 96 young (98304K), 16 survivors (16384K)
 Metaspace       used 74495K, committed 75072K, reserved 1114112K
  class space    used 9652K, committed 9920K, reserved 1048576K
GC Heap History (20 events):
Event: 12.218 GC heap before
{Heap before GC invocations=46 (full 0):
 garbage-first heap   total 280576K, used 220637K [0x0000000080000000, 0x0000000100000000)
  region size 1024K, 164 young (167936K), 5 survivors (5120K)
 Metaspace       used 55318K, committed 55744K, reserved 1114112K
  class space    used 7339K, committed 7552K, reserved 1048576K
}
Event: 12.222 GC heap after
{Heap after GC invocations=47 (full 0):
 garbage-first heap   total 280576K, used 59487K [0x0000000080000000, 0x0000000100000000)
  region size 1024K, 7 young (7168K), 7 survivors (7168K)
 Metaspace       used 55318K, committed 55744K, reserved 1114112K
  class space    used 7339K, committed 7552K, reserved 1048576K
}
Event: 12.557 GC heap before
{Heap before GC invocations=47 (full 0):
 garbage-first heap   total 280576K, used 220255K [0x0000000080000000, 0x0000000100000000)
  region size 1024K, 164 young (167936K), 7 survivors (7168K)
 Metaspace       used 55319K, committed 55744K, reserved 1114112K
  class space    used 7339K, committed 7552K, reserved 1048576K
}
Event: 12.561 GC heap after
{Heap after GC invocations=48 (full 0):
 garbage-first heap   total 280576K, used 60029K [0x0000000080000000, 0x0000000100000000)
  region size 1024K, 7 young (7168K), 7 survivors (7168K)
 Metaspace       used 55319K, committed 55744K, reserved 1114112K
  class space    used 7339K, committed 7552K, reserved 1048576K
}
Event: 12.914 GC heap before
{Heap before GC invocations=48 (full 0):
 garbage-first heap   total 280576K, used 220797K [0x0000000080000000, 0x0000000100000000)
  region size 1024K, 164 young (167936K), 7 survivors (7168K)
 Metaspace       used 55320K, committed 55744K, reserved 1114112K
  class space    used 7339K, committed 7552K, reserved 1048576K
}
Event: 12.919 GC heap after
{Heap after GC invocations=49 (full 0):
 garbage-first heap   total 280576K, used 61456K [0x0000000080000000, 0x0000000100000000)
  region size 1024K, 9 young (9216K), 9 survivors (9216K)
 Metaspace       used 55320K, committed 55744K, reserved 1114112K
  class space    used 7339K, committed 7552K, reserved 1048576K
}
Event: 13.271 GC heap before
{Heap before GC invocations=49 (full 0):
 garbage-first heap   total 280576K, used 220176K [0x0000000080000000, 0x0000000100000000)
  region size 1024K, 164 young (167936K), 9 survivors (9216K)
 Metaspace       used 55330K, committed 55744K, reserved 1114112K
  class space    used 7339K, committed 7552K, reserved 1048576K
}
Event: 13.276 GC heap after
{Heap after GC invocations=50 (full 0):
 garbage-first heap   total 280576K, used 62590K [0x0000000080000000, 0x0000000100000000)
  region size 1024K, 10 young (10240K), 10 survivors (10240K)
 Metaspace       used 55330K, committed 55744K, reserved 1114112K
  class space    used 7339K, committed 7552K, reserved 1048576K
}
Event: 13.524 GC heap before
{Heap before GC invocations=50 (full 0):
 garbage-first heap   total 280576K, used 220286K [0x0000000080000000, 0x0000000100000000)
  region size 1024K, 164 young (167936K), 10 survivors (10240K)
 Metaspace       used 55330K, committed 55744K, reserved 1114112K
  class space    used 7339K, committed 7552K, reserved 1048576K
}
Event: 13.530 GC heap after
{Heap after GC invocations=51 (full 0):
 garbage-first heap   total 280576K, used 64463K [0x0000000080000000, 0x0000000100000000)
  region size 1024K, 12 young (12288K), 12 survivors (12288K)
 Metaspace       used 55330K, committed 55744K, reserved 1114112K
  class space    used 7339K, committed 7552K, reserved 1048576K
}
Event: 13.774 GC heap before
{Heap before GC invocations=51 (full 0):
 garbage-first heap   total 280576K, used 220111K [0x0000000080000000, 0x0000000100000000)
  region size 1024K, 164 young (167936K), 12 survivors (12288K)
 Metaspace       used 55332K, committed 55744K, reserved 1114112K
  class space    used 7339K, committed 7552K, reserved 1048576K
}
Event: 13.781 GC heap after
{Heap after GC invocations=52 (full 0):
 garbage-first heap   total 280576K, used 65363K [0x0000000080000000, 0x0000000100000000)
  region size 1024K, 12 young (12288K), 12 survivors (12288K)
 Metaspace       used 55332K, committed 55744K, reserved 1114112K
  class space    used 7339K, committed 7552K, reserved 1048576K
}
Event: 14.011 GC heap before
{Heap before GC invocations=52 (full 0):
 garbage-first heap   total 280576K, used 221011K [0x0000000080000000, 0x0000000100000000)
  region size 1024K, 164 young (167936K), 12 survivors (12288K)
 Metaspace       used 55332K, committed 55744K, reserved 1114112K
  class space    used 7339K, committed 7552K, reserved 1048576K
}
Event: 14.018 GC heap after
{Heap after GC invocations=53 (full 0):
 garbage-first heap   total 280576K, used 67402K [0x0000000080000000, 0x0000000100000000)
  region size 1024K, 11 young (11264K), 11 survivors (11264K)
 Metaspace       used 55332K, committed 55744K, reserved 1114112K
  class space    used 7339K, committed 7552K, reserved 1048576K
}
Event: 14.275 GC heap before
{Heap before GC invocations=53 (full 0):
 garbage-first heap   total 280576K, used 224074K [0x0000000080000000, 0x0000000100000000)
  region size 1024K, 164 young (167936K), 11 survivors (11264K)
 Metaspace       used 55333K, committed 55744K, reserved 1114112K
  class space    used 7339K, committed 7552K, reserved 1048576K
}
Event: 14.280 GC heap after
{Heap after GC invocations=54 (full 0):
 garbage-first heap   total 280576K, used 64935K [0x0000000080000000, 0x0000000100000000)
  region size 1024K, 12 young (12288K), 12 survivors (12288K)
 Metaspace       used 55333K, committed 55744K, reserved 1114112K
  class space    used 7339K, committed 7552K, reserved 1048576K
}
Event: 15.607 GC heap before
{Heap before GC invocations=54 (full 0):
 garbage-first heap   total 280576K, used 224679K [0x0000000080000000, 0x0000000100000000)
  region size 1024K, 164 young (167936K), 12 survivors (12288K)
 Metaspace       used 60126K, committed 60672K, reserved 1114112K
  class space    used 7925K, committed 8128K, reserved 1048576K
}
Event: 15.611 GC heap after
{Heap after GC invocations=55 (full 0):
 garbage-first heap   total 280576K, used 64256K [0x0000000080000000, 0x0000000100000000)
  region size 1024K, 8 young (8192K), 8 survivors (8192K)
 Metaspace       used 60126K, committed 60672K, reserved 1114112K
  class space    used 7925K, committed 8128K, reserved 1048576K
}
Event: 24.414 GC heap before
{Heap before GC invocations=55 (full 0):
 garbage-first heap   total 280576K, used 222976K [0x0000000080000000, 0x0000000100000000)
  region size 1024K, 164 young (167936K), 8 survivors (8192K)
 Metaspace       used 74179K, committed 74816K, reserved 1114112K
  class space    used 9629K, committed 9920K, reserved 1048576K
}
Event: 24.423 GC heap after
{Heap after GC invocations=56 (full 0):
 garbage-first heap   total 280576K, used 72722K [0x0000000080000000, 0x0000000100000000)
  region size 1024K, 16 young (16384K), 16 survivors (16384K)
 Metaspace       used 74179K, committed 74816K, reserved 1114112K
  class space    used 9629K, committed 9920K, reserved 1048576K
}

