# JRE version: OpenJDK Runtime Environment (17.0.9) (build 17.0.9+0--11185874)
# Java VM: OpenJDK 64-Bit Server VM (17.0.9+0--11185874, mixed mode, tiered, compressed oops, compressed class ptrs, g1 gc, windows-amd64)
GC Precious Log:
 CPUs: 6 total, 6 available
 Memory: 7542M
 Large Page Support: Disabled
 NUMA Support: Disabled
 Compressed Oops: Enabled (32-bit)
 Heap Region Size: 1M
 Heap Min Capacity: 8M
 Heap Initial Capacity: 118M
 Heap Max Capacity: 2G
 Pre-touch: Disabled
 Parallel Workers: 6
 Concurrent Workers: 2
 Concurrent Refinement Workers: 6
 Periodic GC: Disabled
Heap:
 garbage-first heap   total 86016K, used 65186K [0x0000000080000000, 0x0000000100000000)
  region size 1024K, 29 young (29696K), 5 survivors (5120K)
 Metaspace       used 55187K, committed 55680K, reserved 1114112K
  class space    used 7342K, committed 7552K, reserved 1048576K
GC Heap History (20 events):
Event: 3.206 GC heap before
{Heap before GC invocations=2 (full 0):
 garbage-first heap   total 120832K, used 62465K [0x0000000080000000, 0x0000000100000000)
  region size 1024K, 51 young (52224K), 1 survivors (1024K)
 Metaspace       used 21282K, committed 21504K, reserved 1114112K
  class space    used 2516K, committed 2624K, reserved 1048576K
}
Event: 3.212 GC heap after
{Heap after GC invocations=3 (full 0):
 garbage-first heap   total 120832K, used 19031K [0x0000000080000000, 0x0000000100000000)
  region size 1024K, 9 young (9216K), 9 survivors (9216K)
 Metaspace       used 21282K, committed 21504K, reserved 1114112K
  class space    used 2516K, committed 2624K, reserved 1048576K
}
Event: 4.088 GC heap before
{Heap before GC invocations=4 (full 0):
 garbage-first heap   total 71680K, used 51799K [0x0000000080000000, 0x0000000100000000)
  region size 1024K, 42 young (43008K), 9 survivors (9216K)
 Metaspace       used 26624K, committed 26880K, reserved 1114112K
  class space    used 3423K, committed 3520K, reserved 1048576K
}
Event: 4.098 GC heap after
{Heap after GC invocations=5 (full 0):
 garbage-first heap   total 71680K, used 20724K [0x0000000080000000, 0x0000000100000000)
  region size 1024K, 2 young (2048K), 2 survivors (2048K)
 Metaspace       used 26624K, committed 26880K, reserved 1114112K
  class space    used 3423K, committed 3520K, reserved 1048576K
}
Event: 4.673 GC heap before
{Heap before GC invocations=5 (full 0):
 garbage-first heap   total 71680K, used 49396K [0x0000000080000000, 0x0000000100000000)
  region size 1024K, 30 young (30720K), 2 survivors (2048K)
 Metaspace       used 30565K, committed 30848K, reserved 1114112K
  class space    used 4061K, committed 4160K, reserved 1048576K
}
Event: 4.676 GC heap after
{Heap after GC invocations=6 (full 0):
 garbage-first heap   total 71680K, used 22172K [0x0000000080000000, 0x0000000100000000)
  region size 1024K, 4 young (4096K), 4 survivors (4096K)
 Metaspace       used 30565K, committed 30848K, reserved 1114112K
  class space    used 4061K, committed 4160K, reserved 1048576K
}
Event: 5.676 GC heap before
{Heap before GC invocations=6 (full 0):
 garbage-first heap   total 71680K, used 50844K [0x0000000080000000, 0x0000000100000000)
  region size 1024K, 32 young (32768K), 4 survivors (4096K)
 Metaspace       used 33923K, committed 34176K, reserved 1114112K
  class space    used 4615K, committed 4736K, reserved 1048576K
}
Event: 5.680 GC heap after
{Heap after GC invocations=7 (full 0):
 garbage-first heap   total 71680K, used 23438K [0x0000000080000000, 0x0000000100000000)
  region size 1024K, 3 young (3072K), 3 survivors (3072K)
 Metaspace       used 33923K, committed 34176K, reserved 1114112K
  class space    used 4615K, committed 4736K, reserved 1048576K
}
Event: 5.826 GC heap before
{Heap before GC invocations=7 (full 0):
 garbage-first heap   total 71680K, used 31630K [0x0000000080000000, 0x0000000100000000)
  region size 1024K, 13 young (13312K), 3 survivors (3072K)
 Metaspace       used 35670K, committed 35968K, reserved 1114112K
  class space    used 4851K, committed 4992K, reserved 1048576K
}
Event: 5.830 GC heap after
{Heap after GC invocations=8 (full 0):
 garbage-first heap   total 71680K, used 23712K [0x0000000080000000, 0x0000000100000000)
  region size 1024K, 2 young (2048K), 2 survivors (2048K)
 Metaspace       used 35670K, committed 35968K, reserved 1114112K
  class space    used 4851K, committed 4992K, reserved 1048576K
}
Event: 6.206 GC heap before
{Heap before GC invocations=9 (full 0):
 garbage-first heap   total 71680K, used 53408K [0x0000000080000000, 0x0000000100000000)
  region size 1024K, 32 young (32768K), 2 survivors (2048K)
 Metaspace       used 40973K, committed 41344K, reserved 1114112K
  class space    used 5419K, committed 5568K, reserved 1048576K
}
Event: 6.211 GC heap after
{Heap after GC invocations=10 (full 0):
 garbage-first heap   total 71680K, used 27625K [0x0000000080000000, 0x0000000100000000)
  region size 1024K, 4 young (4096K), 4 survivors (4096K)
 Metaspace       used 40973K, committed 41344K, reserved 1114112K
  class space    used 5419K, committed 5568K, reserved 1048576K
}
Event: 6.705 GC heap before
{Heap before GC invocations=10 (full 0):
 garbage-first heap   total 71680K, used 58345K [0x0000000080000000, 0x0000000100000000)
  region size 1024K, 30 young (30720K), 4 survivors (4096K)
 Metaspace       used 43582K, committed 43904K, reserved 1114112K
  class space    used 5725K, committed 5888K, reserved 1048576K
}
Event: 6.709 GC heap after
{Heap after GC invocations=11 (full 0):
 garbage-first heap   total 86016K, used 30135K [0x0000000080000000, 0x0000000100000000)
  region size 1024K, 3 young (3072K), 3 survivors (3072K)
 Metaspace       used 43582K, committed 43904K, reserved 1114112K
  class space    used 5725K, committed 5888K, reserved 1048576K
}
Event: 7.068 GC heap before
{Heap before GC invocations=11 (full 0):
 garbage-first heap   total 86016K, used 64951K [0x0000000080000000, 0x0000000100000000)
  region size 1024K, 37 young (37888K), 3 survivors (3072K)
 Metaspace       used 47246K, committed 47744K, reserved 1114112K
  class space    used 6305K, committed 6528K, reserved 1048576K
}
Event: 7.072 GC heap after
{Heap after GC invocations=12 (full 0):
 garbage-first heap   total 86016K, used 32313K [0x0000000080000000, 0x0000000100000000)
  region size 1024K, 5 young (5120K), 5 survivors (5120K)
 Metaspace       used 47246K, committed 47744K, reserved 1114112K
  class space    used 6305K, committed 6528K, reserved 1048576K
}
Event: 7.774 GC heap before
{Heap before GC invocations=12 (full 0):
 garbage-first heap   total 86016K, used 68153K [0x0000000080000000, 0x0000000100000000)
  region size 1024K, 38 young (38912K), 5 survivors (5120K)
 Metaspace       used 51709K, committed 52160K, reserved 1114112K
  class space    used 6890K, committed 7104K, reserved 1048576K
}
Event: 7.779 GC heap after
{Heap after GC invocations=13 (full 0):
 garbage-first heap   total 86016K, used 33528K [0x0000000080000000, 0x0000000100000000)
  region size 1024K, 4 young (4096K), 4 survivors (4096K)
 Metaspace       used 51709K, committed 52160K, reserved 1114112K
  class space    used 6890K, committed 7104K, reserved 1048576K
}
Event: 8.704 GC heap before
{Heap before GC invocations=13 (full 0):
 garbage-first heap   total 86016K, used 68344K [0x0000000080000000, 0x0000000100000000)
  region size 1024K, 37 young (37888K), 4 survivors (4096K)
 Metaspace       used 53775K, committed 54208K, reserved 1114112K
  class space    used 7155K, committed 7360K, reserved 1048576K
}
Event: 8.712 GC heap after
{Heap after GC invocations=14 (full 0):
 garbage-first heap   total 86016K, used 38562K [0x0000000080000000, 0x0000000100000000)
  region size 1024K, 5 young (5120K), 5 survivors (5120K)
 Metaspace       used 53775K, committed 54208K, reserved 1114112K
  class space    used 7155K, committed 7360K, reserved 1048576K
}

