# JRE version: OpenJDK Runtime Environment (17.0.9) (build 17.0.9+0--11185874)
# Java VM: OpenJDK 64-Bit Server VM (17.0.9+0--11185874, mixed mode, tiered, compressed oops, compressed class ptrs, g1 gc, windows-amd64)
GC Precious Log:
 CPUs: 6 total, 6 available
 Memory: 7542M
 Large Page Support: Disabled
 NUMA Support: Disabled
 Compressed Oops: Enabled (32-bit)
 Heap Region Size: 1M
 Heap Min Capacity: 8M
 Heap Initial Capacity: 118M
 Heap Max Capacity: 2G
 Pre-touch: Disabled
 Parallel Workers: 6
 Concurrent Workers: 2
 Concurrent Refinement Workers: 6
 Periodic GC: Disabled
Heap:
 garbage-first heap   total 227328K, used 122290K [0x0000000080000000, 0x0000000100000000)
  region size 1024K, 1 young (1024K), 1 survivors (1024K)
 Metaspace       used 108212K, committed 109056K, reserved 1179648K
  class space    used 14606K, committed 15040K, reserved 1048576K
GC Heap History (20 events):
Event: 12.714 GC heap after
{Heap after GC invocations=31 (full 0):
 garbage-first heap   total 201728K, used 113758K [0x0000000080000000, 0x0000000100000000)
  region size 1024K, 9 young (9216K), 9 survivors (9216K)
 Metaspace       used 94880K, committed 95616K, reserved 1179648K
  class space    used 12711K, committed 13056K, reserved 1048576K
}
Event: 12.721 GC heap before
{Heap before GC invocations=31 (full 0):
 garbage-first heap   total 201728K, used 114782K [0x0000000080000000, 0x0000000100000000)
  region size 1024K, 11 young (11264K), 9 survivors (9216K)
 Metaspace       used 95038K, committed 95744K, reserved 1179648K
  class space    used 12717K, committed 13056K, reserved 1048576K
}
Event: 12.725 GC heap after
{Heap after GC invocations=32 (full 0):
 garbage-first heap   total 201728K, used 115681K [0x0000000080000000, 0x0000000100000000)
  region size 1024K, 2 young (2048K), 2 survivors (2048K)
 Metaspace       used 95038K, committed 95744K, reserved 1179648K
  class space    used 12717K, committed 13056K, reserved 1048576K
}
Event: 13.388 GC heap before
{Heap before GC invocations=33 (full 0):
 garbage-first heap   total 203776K, used 168929K [0x0000000080000000, 0x0000000100000000)
  region size 1024K, 52 young (53248K), 2 survivors (2048K)
 Metaspace       used 101360K, committed 102080K, reserved 1179648K
  class space    used 13541K, committed 13888K, reserved 1048576K
}
Event: 13.390 GC heap after
{Heap after GC invocations=34 (full 0):
 garbage-first heap   total 203776K, used 116328K [0x0000000080000000, 0x0000000100000000)
  region size 1024K, 2 young (2048K), 2 survivors (2048K)
 Metaspace       used 101360K, committed 102080K, reserved 1179648K
  class space    used 13541K, committed 13888K, reserved 1048576K
}
Event: 13.514 GC heap before
{Heap before GC invocations=34 (full 0):
 garbage-first heap   total 203776K, used 123496K [0x0000000080000000, 0x0000000100000000)
  region size 1024K, 9 young (9216K), 2 survivors (2048K)
 Metaspace       used 101955K, committed 102656K, reserved 1179648K
  class space    used 13625K, committed 13952K, reserved 1048576K
}
Event: 13.517 GC heap after
{Heap after GC invocations=35 (full 0):
 garbage-first heap   total 203776K, used 115975K [0x0000000080000000, 0x0000000100000000)
  region size 1024K, 1 young (1024K), 1 survivors (1024K)
 Metaspace       used 101955K, committed 102656K, reserved 1179648K
  class space    used 13625K, committed 13952K, reserved 1048576K
}
Event: 14.617 GC heap before
{Heap before GC invocations=35 (full 0):
 garbage-first heap   total 203776K, used 165127K [0x0000000080000000, 0x0000000100000000)
  region size 1024K, 51 young (52224K), 1 survivors (1024K)
 Metaspace       used 107816K, committed 108608K, reserved 1179648K
  class space    used 14583K, committed 14976K, reserved 1048576K
}
Event: 14.620 GC heap after
{Heap after GC invocations=36 (full 0):
 garbage-first heap   total 203776K, used 117475K [0x0000000080000000, 0x0000000100000000)
  region size 1024K, 2 young (2048K), 2 survivors (2048K)
 Metaspace       used 107816K, committed 108608K, reserved 1179648K
  class space    used 14583K, committed 14976K, reserved 1048576K
}
Event: 14.881 GC heap before
{Heap before GC invocations=37 (full 0):
 garbage-first heap   total 211968K, used 174819K [0x0000000080000000, 0x0000000100000000)
  region size 1024K, 56 young (57344K), 2 survivors (2048K)
 Metaspace       used 108189K, committed 109056K, reserved 1179648K
  class space    used 14605K, committed 15040K, reserved 1048576K
}
Event: 14.884 GC heap after
{Heap after GC invocations=38 (full 0):
 garbage-first heap   total 211968K, used 122649K [0x0000000080000000, 0x0000000100000000)
  region size 1024K, 5 young (5120K), 5 survivors (5120K)
 Metaspace       used 108189K, committed 109056K, reserved 1179648K
  class space    used 14605K, committed 15040K, reserved 1048576K
}
Event: 14.899 GC heap before
{Heap before GC invocations=38 (full 0):
 garbage-first heap   total 211968K, used 127769K [0x0000000080000000, 0x0000000100000000)
  region size 1024K, 10 young (10240K), 5 survivors (5120K)
 Metaspace       used 108190K, committed 109056K, reserved 1179648K
  class space    used 14605K, committed 15040K, reserved 1048576K
}
Event: 14.903 GC heap after
{Heap after GC invocations=39 (full 0):
 garbage-first heap   total 211968K, used 122817K [0x0000000080000000, 0x0000000100000000)
  region size 1024K, 1 young (1024K), 1 survivors (1024K)
 Metaspace       used 108190K, committed 109056K, reserved 1179648K
  class space    used 14605K, committed 15040K, reserved 1048576K
}
Event: 15.094 GC heap before
{Heap before GC invocations=39 (full 0):
 garbage-first heap   total 211968K, used 177089K [0x0000000080000000, 0x0000000100000000)
  region size 1024K, 54 young (55296K), 1 survivors (1024K)
 Metaspace       used 108191K, committed 109056K, reserved 1179648K
  class space    used 14605K, committed 15040K, reserved 1048576K
}
Event: 15.095 GC heap after
{Heap after GC invocations=40 (full 0):
 garbage-first heap   total 211968K, used 122467K [0x0000000080000000, 0x0000000100000000)
  region size 1024K, 1 young (1024K), 1 survivors (1024K)
 Metaspace       used 108191K, committed 109056K, reserved 1179648K
  class space    used 14605K, committed 15040K, reserved 1048576K
}
Event: 15.319 GC heap before
{Heap before GC invocations=41 (full 0):
 garbage-first heap   total 227328K, used 178787K [0x0000000080000000, 0x0000000100000000)
  region size 1024K, 56 young (57344K), 1 survivors (1024K)
 Metaspace       used 108197K, committed 109056K, reserved 1179648K
  class space    used 14605K, committed 15040K, reserved 1048576K
}
Event: 15.320 GC heap after
{Heap after GC invocations=42 (full 0):
 garbage-first heap   total 227328K, used 122548K [0x0000000080000000, 0x0000000100000000)
  region size 1024K, 1 young (1024K), 1 survivors (1024K)
 Metaspace       used 108197K, committed 109056K, reserved 1179648K
  class space    used 14605K, committed 15040K, reserved 1048576K
}
Event: 15.354 GC heap before
{Heap before GC invocations=42 (full 0):
 garbage-first heap   total 227328K, used 132788K [0x0000000080000000, 0x0000000100000000)
  region size 1024K, 11 young (11264K), 1 survivors (1024K)
 Metaspace       used 108197K, committed 109056K, reserved 1179648K
  class space    used 14605K, committed 15040K, reserved 1048576K
}
Event: 15.355 GC heap after
{Heap after GC invocations=43 (full 0):
 garbage-first heap   total 227328K, used 122195K [0x0000000080000000, 0x0000000100000000)
  region size 1024K, 1 young (1024K), 1 survivors (1024K)
 Metaspace       used 108197K, committed 109056K, reserved 1179648K
  class space    used 14605K, committed 15040K, reserved 1048576K
}
Event: 15.623 GC heap before
{Heap before GC invocations=43 (full 0):
 garbage-first heap   total 227328K, used 188755K [0x0000000080000000, 0x0000000100000000)
  region size 1024K, 66 young (67584K), 1 survivors (1024K)
 Metaspace       used 108212K, committed 109056K, reserved 1179648K
  class space    used 14606K, committed 15040K, reserved 1048576K
}

