# JRE version: OpenJDK Runtime Environment (17.0.9) (build 17.0.9+0--11185874)
# Java VM: OpenJDK 64-Bit Server VM (17.0.9+0--11185874, mixed mode, tiered, compressed oops, compressed class ptrs, g1 gc, windows-amd64)
GC Precious Log:
 CPUs: 6 total, 6 available
 Memory: 7542M
 Large Page Support: Disabled
 NUMA Support: Disabled
 Compressed Oops: Enabled (32-bit)
 Heap Region Size: 1M
 Heap Min Capacity: 8M
 Heap Initial Capacity: 118M
 Heap Max Capacity: 2G
 Pre-touch: Disabled
 Parallel Workers: 6
 Concurrent Workers: 2
 Concurrent Refinement Workers: 6
 Periodic GC: Disabled
Heap:
 garbage-first heap   total 326656K, used 171336K [0x0000000080000000, 0x0000000100000000)
  region size 1024K, 1 young (1024K), 1 survivors (1024K)
 Metaspace       used 138309K, committed 139136K, reserved 1179648K
  class space    used 18746K, committed 19136K, reserved 1048576K
GC Heap History (20 events):
Event: 37.600 GC heap after
{Heap after GC invocations=69 (full 0):
 garbage-first heap   total 273408K, used 116130K [0x0000000080000000, 0x0000000100000000)
  region size 1024K, 10 young (10240K), 10 survivors (10240K)
 Metaspace       used 121763K, committed 122624K, reserved 1179648K
  class space    used 16038K, committed 16448K, reserved 1048576K
}
Event: 38.225 GC heap before
{Heap before GC invocations=69 (full 0):
 garbage-first heap   total 273408K, used 229794K [0x0000000080000000, 0x0000000100000000)
  region size 1024K, 122 young (124928K), 10 survivors (10240K)
 Metaspace       used 121875K, committed 122688K, reserved 1179648K
  class space    used 16054K, committed 16448K, reserved 1048576K
}
Event: 38.231 GC heap after
{Heap after GC invocations=70 (full 0):
 garbage-first heap   total 273408K, used 115961K [0x0000000080000000, 0x0000000100000000)
  region size 1024K, 5 young (5120K), 5 survivors (5120K)
 Metaspace       used 121875K, committed 122688K, reserved 1179648K
  class space    used 16054K, committed 16448K, reserved 1048576K
}
Event: 38.950 GC heap before
{Heap before GC invocations=70 (full 0):
 garbage-first heap   total 273408K, used 231673K [0x0000000080000000, 0x0000000100000000)
  region size 1024K, 119 young (121856K), 5 survivors (5120K)
 Metaspace       used 122725K, committed 123520K, reserved 1179648K
  class space    used 16172K, committed 16576K, reserved 1048576K
}
Event: 38.959 GC heap after
{Heap after GC invocations=71 (full 0):
 garbage-first heap   total 273408K, used 125220K [0x0000000080000000, 0x0000000100000000)
  region size 1024K, 14 young (14336K), 14 survivors (14336K)
 Metaspace       used 122725K, committed 123520K, reserved 1179648K
  class space    used 16172K, committed 16576K, reserved 1048576K
}
Event: 39.463 GC heap before
{Heap before GC invocations=71 (full 0):
 garbage-first heap   total 273408K, used 226596K [0x0000000080000000, 0x0000000100000000)
  region size 1024K, 114 young (116736K), 14 survivors (14336K)
 Metaspace       used 127378K, committed 128192K, reserved 1179648K
  class space    used 16848K, committed 17216K, reserved 1048576K
}
Event: 39.476 GC heap after
{Heap after GC invocations=72 (full 0):
 garbage-first heap   total 273408K, used 135994K [0x0000000080000000, 0x0000000100000000)
  region size 1024K, 13 young (13312K), 13 survivors (13312K)
 Metaspace       used 127378K, committed 128192K, reserved 1179648K
  class space    used 16848K, committed 17216K, reserved 1048576K
}
Event: 39.740 GC heap before
{Heap before GC invocations=72 (full 0):
 garbage-first heap   total 273408K, used 224058K [0x0000000080000000, 0x0000000100000000)
  region size 1024K, 99 young (101376K), 13 survivors (13312K)
 Metaspace       used 129887K, committed 130752K, reserved 1179648K
  class space    used 17265K, committed 17664K, reserved 1048576K
}
Event: 39.761 GC heap after
{Heap after GC invocations=73 (full 0):
 garbage-first heap   total 273408K, used 149748K [0x0000000080000000, 0x0000000100000000)
  region size 1024K, 13 young (13312K), 13 survivors (13312K)
 Metaspace       used 129887K, committed 130752K, reserved 1179648K
  class space    used 17265K, committed 17664K, reserved 1048576K
}
Event: 40.010 GC heap before
{Heap before GC invocations=74 (full 0):
 garbage-first heap   total 295936K, used 217332K [0x0000000080000000, 0x0000000100000000)
  region size 1024K, 83 young (84992K), 13 survivors (13312K)
 Metaspace       used 132507K, committed 133312K, reserved 1179648K
  class space    used 17804K, committed 18176K, reserved 1048576K
}
Event: 40.025 GC heap after
{Heap after GC invocations=75 (full 0):
 garbage-first heap   total 295936K, used 158312K [0x0000000080000000, 0x0000000100000000)
  region size 1024K, 11 young (11264K), 11 survivors (11264K)
 Metaspace       used 132507K, committed 133312K, reserved 1179648K
  class space    used 17804K, committed 18176K, reserved 1048576K
}
Event: 40.054 GC heap before
{Heap before GC invocations=75 (full 0):
 garbage-first heap   total 295936K, used 160360K [0x0000000080000000, 0x0000000100000000)
  region size 1024K, 14 young (14336K), 11 survivors (11264K)
 Metaspace       used 132862K, committed 133696K, reserved 1179648K
  class space    used 17832K, committed 18240K, reserved 1048576K
}
Event: 40.061 GC heap after
{Heap after GC invocations=76 (full 0):
 garbage-first heap   total 295936K, used 151361K [0x0000000080000000, 0x0000000100000000)
  region size 1024K, 2 young (2048K), 2 survivors (2048K)
 Metaspace       used 132862K, committed 133696K, reserved 1179648K
  class space    used 17832K, committed 18240K, reserved 1048576K
}
Event: 40.164 GC heap before
{Heap before GC invocations=76 (full 0):
 garbage-first heap   total 295936K, used 236353K [0x0000000080000000, 0x0000000100000000)
  region size 1024K, 85 young (87040K), 2 survivors (2048K)
 Metaspace       used 134049K, committed 134848K, reserved 1179648K
  class space    used 18038K, committed 18432K, reserved 1048576K
}
Event: 40.176 GC heap after
{Heap after GC invocations=77 (full 0):
 garbage-first heap   total 295936K, used 163918K [0x0000000080000000, 0x0000000100000000)
  region size 1024K, 11 young (11264K), 11 survivors (11264K)
 Metaspace       used 134049K, committed 134848K, reserved 1179648K
  class space    used 18038K, committed 18432K, reserved 1048576K
}
Event: 40.504 GC heap before
{Heap before GC invocations=78 (full 0):
 garbage-first heap   total 326656K, used 234574K [0x0000000080000000, 0x0000000100000000)
  region size 1024K, 81 young (82944K), 11 survivors (11264K)
 Metaspace       used 136884K, committed 137664K, reserved 1179648K
  class space    used 18559K, committed 18944K, reserved 1048576K
}
Event: 40.545 GC heap after
{Heap after GC invocations=79 (full 0):
 garbage-first heap   total 326656K, used 173053K [0x0000000080000000, 0x0000000100000000)
  region size 1024K, 9 young (9216K), 9 survivors (9216K)
 Metaspace       used 136884K, committed 137664K, reserved 1179648K
  class space    used 18559K, committed 18944K, reserved 1048576K
}
Event: 40.583 GC heap before
{Heap before GC invocations=79 (full 0):
 garbage-first heap   total 326656K, used 179197K [0x0000000080000000, 0x0000000100000000)
  region size 1024K, 15 young (15360K), 9 survivors (9216K)
 Metaspace       used 137155K, committed 137984K, reserved 1179648K
  class space    used 18612K, committed 19008K, reserved 1048576K
}
Event: 40.591 GC heap after
{Heap after GC invocations=80 (full 0):
 garbage-first heap   total 326656K, used 171879K [0x0000000080000000, 0x0000000100000000)
  region size 1024K, 2 young (2048K), 2 survivors (2048K)
 Metaspace       used 137155K, committed 137984K, reserved 1179648K
  class space    used 18612K, committed 19008K, reserved 1048576K
}
Event: 40.977 GC heap before
{Heap before GC invocations=80 (full 0):
 garbage-first heap   total 326656K, used 260967K [0x0000000080000000, 0x0000000100000000)
  region size 1024K, 89 young (91136K), 2 survivors (2048K)
 Metaspace       used 138309K, committed 139136K, reserved 1179648K
  class space    used 18746K, committed 19136K, reserved 1048576K
}

