# JRE version: OpenJDK Runtime Environment (17.0.9) (build 17.0.9+0--11185874)
# Java VM: OpenJDK 64-Bit Server VM (17.0.9+0--11185874, mixed mode, tiered, compressed oops, compressed class ptrs, g1 gc, windows-amd64)
GC Precious Log:
 CPUs: 6 total, 6 available
 Memory: 7542M
 Large Page Support: Disabled
 NUMA Support: Disabled
 Compressed Oops: Enabled (32-bit)
 Heap Region Size: 1M
 Heap Min Capacity: 8M
 Heap Initial Capacity: 118M
 Heap Max Capacity: 2G
 Pre-touch: Disabled
 Parallel Workers: 6
 Concurrent Workers: 2
 Concurrent Refinement Workers: 6
 Periodic GC: Disabled
Heap:
 garbage-first heap   total 295936K, used 226496K [0x0000000080000000, 0x0000000100000000)
  region size 1024K, 3 young (3072K), 3 survivors (3072K)
 Metaspace       used 145922K, committed 147008K, reserved 1179648K
  class space    used 19857K, committed 20416K, reserved 1048576K
GC Heap History (20 events):
Event: 2219.383 GC heap after
{Heap after GC invocations=55 (full 0):
 garbage-first heap   total 295936K, used 199040K [0x0000000080000000, 0x0000000100000000)
  region size 1024K, 5 young (5120K), 5 survivors (5120K)
 Metaspace       used 140907K, committed 141952K, reserved 1179648K
  class space    used 19109K, committed 19648K, reserved 1048576K
}
Event: 2219.589 GC heap before
{Heap before GC invocations=55 (full 0):
 garbage-first heap   total 295936K, used 248192K [0x0000000080000000, 0x0000000100000000)
  region size 1024K, 54 young (55296K), 5 survivors (5120K)
 Metaspace       used 142915K, committed 144000K, reserved 1179648K
  class space    used 19384K, committed 19904K, reserved 1048576K
}
Event: 2219.593 GC heap after
{Heap after GC invocations=56 (full 0):
 garbage-first heap   total 295936K, used 199882K [0x0000000080000000, 0x0000000100000000)
  region size 1024K, 4 young (4096K), 4 survivors (4096K)
 Metaspace       used 142915K, committed 144000K, reserved 1179648K
  class space    used 19384K, committed 19904K, reserved 1048576K
}
Event: 2220.036 GC heap before
{Heap before GC invocations=56 (full 0):
 garbage-first heap   total 295936K, used 250058K [0x0000000080000000, 0x0000000100000000)
  region size 1024K, 53 young (54272K), 4 survivors (4096K)
 Metaspace       used 144882K, committed 145920K, reserved 1179648K
  class space    used 19798K, committed 20288K, reserved 1048576K
}
Event: 2220.042 GC heap after
{Heap after GC invocations=57 (full 0):
 garbage-first heap   total 295936K, used 202992K [0x0000000080000000, 0x0000000100000000)
  region size 1024K, 7 young (7168K), 7 survivors (7168K)
 Metaspace       used 144882K, committed 145920K, reserved 1179648K
  class space    used 19798K, committed 20288K, reserved 1048576K
}
Event: 2220.317 GC heap before
{Heap before GC invocations=57 (full 0):
 garbage-first heap   total 295936K, used 261360K [0x0000000080000000, 0x0000000100000000)
  region size 1024K, 41 young (41984K), 7 survivors (7168K)
 Metaspace       used 145244K, committed 146240K, reserved 1179648K
  class space    used 19826K, committed 20352K, reserved 1048576K
}
Event: 2220.320 GC heap after
{Heap after GC invocations=58 (full 0):
 garbage-first heap   total 295936K, used 217727K [0x0000000080000000, 0x0000000100000000)
  region size 1024K, 2 young (2048K), 2 survivors (2048K)
 Metaspace       used 145244K, committed 146240K, reserved 1179648K
  class space    used 19826K, committed 20352K, reserved 1048576K
}
Event: 2220.333 GC heap before
{Heap before GC invocations=58 (full 0):
 garbage-first heap   total 295936K, used 236159K [0x0000000080000000, 0x0000000100000000)
  region size 1024K, 3 young (3072K), 2 survivors (2048K)
 Metaspace       used 145244K, committed 146240K, reserved 1179648K
  class space    used 19826K, committed 20352K, reserved 1048576K
}
Event: 2220.335 GC heap after
{Heap after GC invocations=59 (full 0):
 garbage-first heap   total 295936K, used 217548K [0x0000000080000000, 0x0000000100000000)
  region size 1024K, 1 young (1024K), 1 survivors (1024K)
 Metaspace       used 145244K, committed 146240K, reserved 1179648K
  class space    used 19826K, committed 20352K, reserved 1048576K
}
Event: 2220.346 GC heap before
{Heap before GC invocations=59 (full 0):
 garbage-first heap   total 295936K, used 233932K [0x0000000080000000, 0x0000000100000000)
  region size 1024K, 2 young (2048K), 1 survivors (1024K)
 Metaspace       used 145244K, committed 146240K, reserved 1179648K
  class space    used 19826K, committed 20352K, reserved 1048576K
}
Event: 2220.348 GC heap after
{Heap after GC invocations=60 (full 0):
 garbage-first heap   total 295936K, used 217460K [0x0000000080000000, 0x0000000100000000)
  region size 1024K, 1 young (1024K), 1 survivors (1024K)
 Metaspace       used 145244K, committed 146240K, reserved 1179648K
  class space    used 19826K, committed 20352K, reserved 1048576K
}
Event: 2220.358 GC heap before
{Heap before GC invocations=60 (full 0):
 garbage-first heap   total 295936K, used 231796K [0x0000000080000000, 0x0000000100000000)
  region size 1024K, 2 young (2048K), 1 survivors (1024K)
 Metaspace       used 145244K, committed 146240K, reserved 1179648K
  class space    used 19826K, committed 20352K, reserved 1048576K
}
Event: 2220.360 GC heap after
{Heap after GC invocations=61 (full 0):
 garbage-first heap   total 295936K, used 217454K [0x0000000080000000, 0x0000000100000000)
  region size 1024K, 1 young (1024K), 1 survivors (1024K)
 Metaspace       used 145244K, committed 146240K, reserved 1179648K
  class space    used 19826K, committed 20352K, reserved 1048576K
}
Event: 2395.830 GC heap before
{Heap before GC invocations=61 (full 0):
 garbage-first heap   total 295936K, used 268654K [0x0000000080000000, 0x0000000100000000)
  region size 1024K, 42 young (43008K), 1 survivors (1024K)
 Metaspace       used 145354K, committed 146432K, reserved 1179648K
  class space    used 19830K, committed 20352K, reserved 1048576K
}
Event: 2395.834 GC heap after
{Heap after GC invocations=62 (full 0):
 garbage-first heap   total 295936K, used 201123K [0x0000000080000000, 0x0000000100000000)
  region size 1024K, 3 young (3072K), 3 survivors (3072K)
 Metaspace       used 145354K, committed 146432K, reserved 1179648K
  class space    used 19830K, committed 20352K, reserved 1048576K
}
Event: 2396.262 GC heap before
{Heap before GC invocations=62 (full 0):
 garbage-first heap   total 295936K, used 256419K [0x0000000080000000, 0x0000000100000000)
  region size 1024K, 58 young (59392K), 3 survivors (3072K)
 Metaspace       used 145669K, committed 146752K, reserved 1179648K
  class space    used 19856K, committed 20416K, reserved 1048576K
}
Event: 2396.270 GC heap after
{Heap after GC invocations=63 (full 0):
 garbage-first heap   total 295936K, used 210684K [0x0000000080000000, 0x0000000100000000)
  region size 1024K, 8 young (8192K), 8 survivors (8192K)
 Metaspace       used 145669K, committed 146752K, reserved 1179648K
  class space    used 19856K, committed 20416K, reserved 1048576K
}
Event: 2396.532 GC heap before
{Heap before GC invocations=63 (full 0):
 garbage-first heap   total 295936K, used 255740K [0x0000000080000000, 0x0000000100000000)
  region size 1024K, 50 young (51200K), 8 survivors (8192K)
 Metaspace       used 145743K, committed 146816K, reserved 1179648K
  class space    used 19856K, committed 20416K, reserved 1048576K
}
Event: 2396.542 GC heap after
{Heap after GC invocations=64 (full 0):
 garbage-first heap   total 295936K, used 224709K [0x0000000080000000, 0x0000000100000000)
  region size 1024K, 7 young (7168K), 7 survivors (7168K)
 Metaspace       used 145743K, committed 146816K, reserved 1179648K
  class space    used 19856K, committed 20416K, reserved 1048576K
}
Event: 2396.826 GC heap before
{Heap before GC invocations=64 (full 0):
 garbage-first heap   total 295936K, used 252357K [0x0000000080000000, 0x0000000100000000)
  region size 1024K, 34 young (34816K), 7 survivors (7168K)
 Metaspace       used 145922K, committed 147008K, reserved 1179648K
  class space    used 19857K, committed 20416K, reserved 1048576K
}

