# JRE version: OpenJDK Runtime Environment (17.0.9) (build 17.0.9+0--11185874)
# Java VM: OpenJDK 64-Bit Server VM (17.0.9+0--11185874, mixed mode, tiered, compressed oops, compressed class ptrs, g1 gc, windows-amd64)
GC Precious Log:
 CPUs: 6 total, 6 available
 Memory: 7542M
 Large Page Support: Disabled
 NUMA Support: Disabled
 Compressed Oops: Enabled (32-bit)
 Heap Region Size: 1M
 Heap Min Capacity: 8M
 Heap Initial Capacity: 118M
 Heap Max Capacity: 2G
 Pre-touch: Disabled
 Parallel Workers: 6
 Concurrent Workers: 2
 Concurrent Refinement Workers: 6
 Periodic GC: Disabled
Heap:
 garbage-first heap   total 333824K, used 196608K [0x0000000080000000, 0x0000000100000000)
  region size 1024K, 77 young (78848K), 1 survivors (1024K)
 Metaspace       used 107313K, committed 108032K, reserved 1179648K
  class space    used 14611K, committed 14976K, reserved 1048576K
GC Heap History (20 events):
Event: 11.779 GC heap before
{Heap before GC invocations=33 (full 0):
 garbage-first heap   total 141312K, used 112716K [0x0000000080000000, 0x0000000100000000)
  region size 1024K, 49 young (50176K), 5 survivors (5120K)
 Metaspace       used 90218K, committed 90880K, reserved 1179648K
  class space    used 12397K, committed 12736K, reserved 1048576K
}
Event: 11.783 GC heap after
{Heap after GC invocations=34 (full 0):
 garbage-first heap   total 141312K, used 69988K [0x0000000080000000, 0x0000000100000000)
  region size 1024K, 4 young (4096K), 4 survivors (4096K)
 Metaspace       used 90218K, committed 90880K, reserved 1179648K
  class space    used 12397K, committed 12736K, reserved 1048576K
}
Event: 12.310 GC heap before
{Heap before GC invocations=34 (full 0):
 garbage-first heap   total 141312K, used 114020K [0x0000000080000000, 0x0000000100000000)
  region size 1024K, 47 young (48128K), 4 survivors (4096K)
 Metaspace       used 93608K, committed 94208K, reserved 1179648K
  class space    used 12897K, committed 13184K, reserved 1048576K
}
Event: 12.315 GC heap after
{Heap after GC invocations=35 (full 0):
 garbage-first heap   total 141312K, used 72415K [0x0000000080000000, 0x0000000100000000)
  region size 1024K, 5 young (5120K), 5 survivors (5120K)
 Metaspace       used 93608K, committed 94208K, reserved 1179648K
  class space    used 12897K, committed 13184K, reserved 1048576K
}
Event: 12.867 GC heap before
{Heap before GC invocations=36 (full 0):
 garbage-first heap   total 141312K, used 115423K [0x0000000080000000, 0x0000000100000000)
  region size 1024K, 47 young (48128K), 5 survivors (5120K)
 Metaspace       used 97266K, committed 97920K, reserved 1179648K
  class space    used 13442K, committed 13760K, reserved 1048576K
}
Event: 12.873 GC heap after
{Heap after GC invocations=37 (full 0):
 garbage-first heap   total 141312K, used 75044K [0x0000000080000000, 0x0000000100000000)
  region size 1024K, 5 young (5120K), 5 survivors (5120K)
 Metaspace       used 97266K, committed 97920K, reserved 1179648K
  class space    used 13442K, committed 13760K, reserved 1048576K
}
Event: 12.881 GC heap before
{Heap before GC invocations=37 (full 0):
 garbage-first heap   total 141312K, used 76068K [0x0000000080000000, 0x0000000100000000)
  region size 1024K, 6 young (6144K), 5 survivors (5120K)
 Metaspace       used 97317K, committed 97920K, reserved 1179648K
  class space    used 13451K, committed 13760K, reserved 1048576K
}
Event: 12.884 GC heap after
{Heap after GC invocations=38 (full 0):
 garbage-first heap   total 141312K, used 75242K [0x0000000080000000, 0x0000000100000000)
  region size 1024K, 1 young (1024K), 1 survivors (1024K)
 Metaspace       used 97317K, committed 97920K, reserved 1179648K
  class space    used 13451K, committed 13760K, reserved 1048576K
}
Event: 13.129 GC heap before
{Heap before GC invocations=38 (full 0):
 garbage-first heap   total 141312K, used 101866K [0x0000000080000000, 0x0000000100000000)
  region size 1024K, 29 young (29696K), 1 survivors (1024K)
 Metaspace       used 99088K, committed 99712K, reserved 1179648K
  class space    used 13637K, committed 13952K, reserved 1048576K
}
Event: 13.133 GC heap after
{Heap after GC invocations=39 (full 0):
 garbage-first heap   total 141312K, used 78823K [0x0000000080000000, 0x0000000100000000)
  region size 1024K, 5 young (5120K), 5 survivors (5120K)
 Metaspace       used 99088K, committed 99712K, reserved 1179648K
  class space    used 13637K, committed 13952K, reserved 1048576K
}
Event: 13.648 GC heap before
{Heap before GC invocations=40 (full 0):
 garbage-first heap   total 147456K, used 119783K [0x0000000080000000, 0x0000000100000000)
  region size 1024K, 40 young (40960K), 5 survivors (5120K)
 Metaspace       used 101675K, committed 102400K, reserved 1179648K
  class space    used 13988K, committed 14336K, reserved 1048576K
}
Event: 13.655 GC heap after
{Heap after GC invocations=41 (full 0):
 garbage-first heap   total 147456K, used 82679K [0x0000000080000000, 0x0000000100000000)
  region size 1024K, 5 young (5120K), 5 survivors (5120K)
 Metaspace       used 101675K, committed 102400K, reserved 1179648K
  class space    used 13988K, committed 14336K, reserved 1048576K
}
Event: 13.664 GC heap before
{Heap before GC invocations=41 (full 0):
 garbage-first heap   total 147456K, used 84727K [0x0000000080000000, 0x0000000100000000)
  region size 1024K, 7 young (7168K), 5 survivors (5120K)
 Metaspace       used 101676K, committed 102400K, reserved 1179648K
  class space    used 13988K, committed 14336K, reserved 1048576K
}
Event: 13.669 GC heap after
{Heap after GC invocations=42 (full 0):
 garbage-first heap   total 147456K, used 82648K [0x0000000080000000, 0x0000000100000000)
  region size 1024K, 1 young (1024K), 1 survivors (1024K)
 Metaspace       used 101676K, committed 102400K, reserved 1179648K
  class space    used 13988K, committed 14336K, reserved 1048576K
}
Event: 14.059 GC heap before
{Heap before GC invocations=42 (full 0):
 garbage-first heap   total 147456K, used 119512K [0x0000000080000000, 0x0000000100000000)
  region size 1024K, 38 young (38912K), 1 survivors (1024K)
 Metaspace       used 102433K, committed 103168K, reserved 1179648K
  class space    used 14105K, committed 14464K, reserved 1048576K
}
Event: 14.063 GC heap after
{Heap after GC invocations=43 (full 0):
 garbage-first heap   total 147456K, used 85864K [0x0000000080000000, 0x0000000100000000)
  region size 1024K, 4 young (4096K), 4 survivors (4096K)
 Metaspace       used 102433K, committed 103168K, reserved 1179648K
  class space    used 14105K, committed 14464K, reserved 1048576K
}
Event: 14.512 GC heap before
{Heap before GC invocations=44 (full 0):
 garbage-first heap   total 147456K, used 121704K [0x0000000080000000, 0x0000000100000000)
  region size 1024K, 38 young (38912K), 4 survivors (4096K)
 Metaspace       used 104275K, committed 104960K, reserved 1179648K
  class space    used 14293K, committed 14656K, reserved 1048576K
}
Event: 14.521 GC heap after
{Heap after GC invocations=45 (full 0):
 garbage-first heap   total 147456K, used 101679K [0x0000000080000000, 0x0000000100000000)
  region size 1024K, 5 young (5120K), 5 survivors (5120K)
 Metaspace       used 104275K, committed 104960K, reserved 1179648K
  class space    used 14293K, committed 14656K, reserved 1048576K
}
Event: 14.542 GC heap before
{Heap before GC invocations=45 (full 0):
 garbage-first heap   total 147456K, used 103727K [0x0000000080000000, 0x0000000100000000)
  region size 1024K, 7 young (7168K), 5 survivors (5120K)
 Metaspace       used 104305K, committed 105024K, reserved 1179648K
  class space    used 14295K, committed 14656K, reserved 1048576K
}
Event: 14.548 GC heap after
{Heap after GC invocations=46 (full 0):
 garbage-first heap   total 333824K, used 103424K [0x0000000080000000, 0x0000000100000000)
  region size 1024K, 1 young (1024K), 1 survivors (1024K)
 Metaspace       used 104305K, committed 105024K, reserved 1179648K
  class space    used 14295K, committed 14656K, reserved 1048576K
}

