# JRE version: OpenJDK Runtime Environment (17.0.9) (build 17.0.9+0--11185874)
# Java VM: OpenJDK 64-Bit Server VM (17.0.9+0--11185874, mixed mode, tiered, compressed oops, compressed class ptrs, g1 gc, windows-amd64)
GC Precious Log:
 CPUs: 6 total, 6 available
 Memory: 7542M
 Large Page Support: Disabled
 NUMA Support: Disabled
 Compressed Oops: Enabled (32-bit)
 Heap Region Size: 1M
 Heap Min Capacity: 8M
 Heap Initial Capacity: 118M
 Heap Max Capacity: 2G
 Pre-touch: Disabled
 Parallel Workers: 6
 Concurrent Workers: 2
 Concurrent Refinement Workers: 6
 Periodic GC: Disabled
Heap:
 garbage-first heap   total 256000K, used 199932K [0x0000000080000000, 0x0000000100000000)
  region size 1024K, 86 young (88064K), 9 survivors (9216K)
 Metaspace       used 107454K, committed 108288K, reserved 1179648K
  class space    used 14962K, committed 15360K, reserved 1048576K
GC Heap History (20 events):
Event: 7.879 GC heap before
{Heap before GC invocations=28 (full 0):
 garbage-first heap   total 126976K, used 102413K [0x0000000080000000, 0x0000000100000000)
  region size 1024K, 45 young (46080K), 2 survivors (2048K)
 Metaspace       used 77270K, committed 77952K, reserved 1179648K
  class space    used 10431K, committed 10752K, reserved 1048576K
}
Event: 7.882 GC heap after
{Heap after GC invocations=29 (full 0):
 garbage-first heap   total 126976K, used 60443K [0x0000000080000000, 0x0000000100000000)
  region size 1024K, 4 young (4096K), 4 survivors (4096K)
 Metaspace       used 77270K, committed 77952K, reserved 1179648K
  class space    used 10431K, committed 10752K, reserved 1048576K
}
Event: 7.895 GC heap before
{Heap before GC invocations=29 (full 0):
 garbage-first heap   total 126976K, used 62491K [0x0000000080000000, 0x0000000100000000)
  region size 1024K, 6 young (6144K), 4 survivors (4096K)
 Metaspace       used 77421K, committed 78080K, reserved 1179648K
  class space    used 10457K, committed 10752K, reserved 1048576K
}
Event: 7.898 GC heap after
{Heap after GC invocations=30 (full 0):
 garbage-first heap   total 126976K, used 60579K [0x0000000080000000, 0x0000000100000000)
  region size 1024K, 1 young (1024K), 1 survivors (1024K)
 Metaspace       used 77421K, committed 78080K, reserved 1179648K
  class space    used 10457K, committed 10752K, reserved 1048576K
}
Event: 8.255 GC heap before
{Heap before GC invocations=30 (full 0):
 garbage-first heap   total 126976K, used 104611K [0x0000000080000000, 0x0000000100000000)
  region size 1024K, 43 young (44032K), 1 survivors (1024K)
 Metaspace       used 80344K, committed 80960K, reserved 1179648K
  class space    used 10947K, committed 11264K, reserved 1048576K
}
Event: 8.257 GC heap after
{Heap after GC invocations=31 (full 0):
 garbage-first heap   total 126976K, used 61204K [0x0000000080000000, 0x0000000100000000)
  region size 1024K, 2 young (2048K), 2 survivors (2048K)
 Metaspace       used 80344K, committed 80960K, reserved 1179648K
  class space    used 10947K, committed 11264K, reserved 1048576K
}
Event: 8.713 GC heap before
{Heap before GC invocations=32 (full 0):
 garbage-first heap   total 126976K, used 104212K [0x0000000080000000, 0x0000000100000000)
  region size 1024K, 44 young (45056K), 2 survivors (2048K)
 Metaspace       used 83466K, committed 84160K, reserved 1179648K
  class space    used 11501K, committed 11840K, reserved 1048576K
}
Event: 8.715 GC heap after
{Heap after GC invocations=33 (full 0):
 garbage-first heap   total 126976K, used 62933K [0x0000000080000000, 0x0000000100000000)
  region size 1024K, 3 young (3072K), 3 survivors (3072K)
 Metaspace       used 83466K, committed 84160K, reserved 1179648K
  class space    used 11501K, committed 11840K, reserved 1048576K
}
Event: 9.166 GC heap before
{Heap before GC invocations=33 (full 0):
 garbage-first heap   total 126976K, used 105941K [0x0000000080000000, 0x0000000100000000)
  region size 1024K, 45 young (46080K), 3 survivors (3072K)
 Metaspace       used 86813K, committed 87552K, reserved 1179648K
  class space    used 12004K, committed 12352K, reserved 1048576K
}
Event: 9.171 GC heap after
{Heap after GC invocations=34 (full 0):
 garbage-first heap   total 126976K, used 65741K [0x0000000080000000, 0x0000000100000000)
  region size 1024K, 6 young (6144K), 6 survivors (6144K)
 Metaspace       used 86813K, committed 87552K, reserved 1179648K
  class space    used 12004K, committed 12352K, reserved 1048576K
}
Event: 9.672 GC heap before
{Heap before GC invocations=34 (full 0):
 garbage-first heap   total 126976K, used 105677K [0x0000000080000000, 0x0000000100000000)
  region size 1024K, 45 young (46080K), 6 survivors (6144K)
 Metaspace       used 90787K, committed 91520K, reserved 1179648K
  class space    used 12593K, committed 12928K, reserved 1048576K
}
Event: 9.677 GC heap after
{Heap after GC invocations=35 (full 0):
 garbage-first heap   total 126976K, used 67391K [0x0000000080000000, 0x0000000100000000)
  region size 1024K, 5 young (5120K), 5 survivors (5120K)
 Metaspace       used 90787K, committed 91520K, reserved 1179648K
  class space    used 12593K, committed 12928K, reserved 1048576K
}
Event: 10.048 GC heap before
{Heap before GC invocations=35 (full 0):
 garbage-first heap   total 126976K, used 105279K [0x0000000080000000, 0x0000000100000000)
  region size 1024K, 43 young (44032K), 5 survivors (5120K)
 Metaspace       used 93272K, committed 93952K, reserved 1179648K
  class space    used 12891K, committed 13248K, reserved 1048576K
}
Event: 10.054 GC heap after
{Heap after GC invocations=36 (full 0):
 garbage-first heap   total 256000K, used 71185K [0x0000000080000000, 0x0000000100000000)
  region size 1024K, 6 young (6144K), 6 survivors (6144K)
 Metaspace       used 93272K, committed 93952K, reserved 1179648K
  class space    used 12891K, committed 13248K, reserved 1048576K
}
Event: 11.396 GC heap before
{Heap before GC invocations=36 (full 0):
 garbage-first heap   total 256000K, used 210449K [0x0000000080000000, 0x0000000100000000)
  region size 1024K, 138 young (141312K), 6 survivors (6144K)
 Metaspace       used 97899K, committed 98688K, reserved 1179648K
  class space    used 13460K, committed 13824K, reserved 1048576K
}
Event: 11.410 GC heap after
{Heap after GC invocations=37 (full 0):
 garbage-first heap   total 256000K, used 81683K [0x0000000080000000, 0x0000000100000000)
  region size 1024K, 16 young (16384K), 16 survivors (16384K)
 Metaspace       used 97899K, committed 98688K, reserved 1179648K
  class space    used 13460K, committed 13824K, reserved 1048576K
}
Event: 12.409 GC heap before
{Heap before GC invocations=37 (full 0):
 garbage-first heap   total 256000K, used 207635K [0x0000000080000000, 0x0000000100000000)
  region size 1024K, 129 young (132096K), 16 survivors (16384K)
 Metaspace       used 100478K, committed 101248K, reserved 1179648K
  class space    used 13780K, committed 14144K, reserved 1048576K
}
Event: 12.424 GC heap after
{Heap after GC invocations=38 (full 0):
 garbage-first heap   total 256000K, used 107266K [0x0000000080000000, 0x0000000100000000)
  region size 1024K, 15 young (15360K), 15 survivors (15360K)
 Metaspace       used 100478K, committed 101248K, reserved 1179648K
  class space    used 13780K, committed 14144K, reserved 1048576K
}
Event: 13.237 GC heap before
{Heap before GC invocations=38 (full 0):
 garbage-first heap   total 256000K, used 224002K [0x0000000080000000, 0x0000000100000000)
  region size 1024K, 101 young (103424K), 15 survivors (15360K)
 Metaspace       used 104738K, committed 105600K, reserved 1179648K
  class space    used 14397K, committed 14848K, reserved 1048576K
}
Event: 13.245 GC heap after
{Heap after GC invocations=39 (full 0):
 garbage-first heap   total 256000K, used 121084K [0x0000000080000000, 0x0000000100000000)
  region size 1024K, 9 young (9216K), 9 survivors (9216K)
 Metaspace       used 104738K, committed 105600K, reserved 1179648K
  class space    used 14397K, committed 14848K, reserved 1048576K
}

