# JRE version: OpenJDK Runtime Environment (17.0.9) (build 17.0.9+0--11185874)
# Java VM: OpenJDK 64-Bit Server VM (17.0.9+0--11185874, mixed mode, tiered, compressed oops, compressed class ptrs, g1 gc, windows-amd64)
GC Precious Log:
 CPUs: 6 total, 6 available
 Memory: 7542M
 Large Page Support: Disabled
 NUMA Support: Disabled
 Compressed Oops: Enabled (32-bit)
 Heap Region Size: 1M
 Heap Min Capacity: 8M
 Heap Initial Capacity: 118M
 Heap Max Capacity: 2G
 Pre-touch: Disabled
 Parallel Workers: 6
 Concurrent Workers: 2
 Concurrent Refinement Workers: 6
 Periodic GC: Disabled
Heap:
 garbage-first heap   total 229376K, used 122753K [0x0000000080000000, 0x0000000100000000)
  region size 1024K, 6 young (6144K), 6 survivors (6144K)
 Metaspace       used 104191K, committed 105024K, reserved 1179648K
  class space    used 14318K, committed 14720K, reserved 1048576K
GC Heap History (20 events):
Event: 6.025 GC heap after
{Heap after GC invocations=27 (full 0):
 garbage-first heap   total 114688K, used 56657K [0x0000000080000000, 0x0000000100000000)
  region size 1024K, 1 young (1024K), 1 survivors (1024K)
 Metaspace       used 68744K, committed 69376K, reserved 1114112K
  class space    used 9290K, committed 9600K, reserved 1048576K
}
Event: 6.282 GC heap before
{Heap before GC invocations=27 (full 0):
 garbage-first heap   total 114688K, used 87377K [0x0000000080000000, 0x0000000100000000)
  region size 1024K, 31 young (31744K), 1 survivors (1024K)
 Metaspace       used 70911K, committed 71488K, reserved 1114112K
  class space    used 9579K, committed 9856K, reserved 1048576K
}
Event: 6.284 GC heap after
{Heap after GC invocations=28 (full 0):
 garbage-first heap   total 229376K, used 57760K [0x0000000080000000, 0x0000000100000000)
  region size 1024K, 2 young (2048K), 2 survivors (2048K)
 Metaspace       used 70911K, committed 71488K, reserved 1114112K
  class space    used 9579K, committed 9856K, reserved 1048576K
}
Event: 7.085 GC heap before
{Heap before GC invocations=29 (full 0):
 garbage-first heap   total 204800K, used 155040K [0x0000000080000000, 0x0000000100000000)
  region size 1024K, 97 young (99328K), 2 survivors (2048K)
 Metaspace       used 79108K, committed 79680K, reserved 1179648K
  class space    used 10688K, committed 10944K, reserved 1048576K
}
Event: 7.090 GC heap after
{Heap after GC invocations=30 (full 0):
 garbage-first heap   total 204800K, used 62499K [0x0000000080000000, 0x0000000100000000)
  region size 1024K, 7 young (7168K), 7 survivors (7168K)
 Metaspace       used 79108K, committed 79680K, reserved 1179648K
  class space    used 10688K, committed 10944K, reserved 1048576K
}
Event: 7.111 GC heap before
{Heap before GC invocations=30 (full 0):
 garbage-first heap   total 204800K, used 65571K [0x0000000080000000, 0x0000000100000000)
  region size 1024K, 10 young (10240K), 7 survivors (7168K)
 Metaspace       used 79260K, committed 79872K, reserved 1179648K
  class space    used 10717K, committed 11008K, reserved 1048576K
}
Event: 7.114 GC heap after
{Heap after GC invocations=31 (full 0):
 garbage-first heap   total 204800K, used 62211K [0x0000000080000000, 0x0000000100000000)
  region size 1024K, 1 young (1024K), 1 survivors (1024K)
 Metaspace       used 79260K, committed 79872K, reserved 1179648K
  class space    used 10717K, committed 11008K, reserved 1048576K
}
Event: 7.944 GC heap before
{Heap before GC invocations=31 (full 0):
 garbage-first heap   total 204800K, used 154371K [0x0000000080000000, 0x0000000100000000)
  region size 1024K, 91 young (93184K), 1 survivors (1024K)
 Metaspace       used 86398K, committed 87040K, reserved 1179648K
  class space    used 11927K, committed 12224K, reserved 1048576K
}
Event: 7.948 GC heap after
{Heap after GC invocations=32 (full 0):
 garbage-first heap   total 204800K, used 65592K [0x0000000080000000, 0x0000000100000000)
  region size 1024K, 5 young (5120K), 5 survivors (5120K)
 Metaspace       used 86398K, committed 87040K, reserved 1179648K
  class space    used 11927K, committed 12224K, reserved 1048576K
}
Event: 8.733 GC heap before
{Heap before GC invocations=32 (full 0):
 garbage-first heap   total 204800K, used 156728K [0x0000000080000000, 0x0000000100000000)
  region size 1024K, 95 young (97280K), 5 survivors (5120K)
 Metaspace       used 93499K, committed 94272K, reserved 1179648K
  class space    used 12903K, committed 13248K, reserved 1048576K
}
Event: 8.741 GC heap after
{Heap after GC invocations=33 (full 0):
 garbage-first heap   total 204800K, used 72843K [0x0000000080000000, 0x0000000100000000)
  region size 1024K, 12 young (12288K), 12 survivors (12288K)
 Metaspace       used 93499K, committed 94272K, reserved 1179648K
  class space    used 12903K, committed 13248K, reserved 1048576K
}
Event: 9.466 GC heap before
{Heap before GC invocations=33 (full 0):
 garbage-first heap   total 204800K, used 163979K [0x0000000080000000, 0x0000000100000000)
  region size 1024K, 97 young (99328K), 12 survivors (12288K)
 Metaspace       used 96830K, committed 97600K, reserved 1179648K
  class space    used 13336K, committed 13696K, reserved 1048576K
}
Event: 9.478 GC heap after
{Heap after GC invocations=34 (full 0):
 garbage-first heap   total 204800K, used 79224K [0x0000000080000000, 0x0000000100000000)
  region size 1024K, 7 young (7168K), 7 survivors (7168K)
 Metaspace       used 96830K, committed 97600K, reserved 1179648K
  class space    used 13336K, committed 13696K, reserved 1048576K
}
Event: 10.040 GC heap before
{Heap before GC invocations=34 (full 0):
 garbage-first heap   total 204800K, used 161144K [0x0000000080000000, 0x0000000100000000)
  region size 1024K, 88 young (90112K), 7 survivors (7168K)
 Metaspace       used 99170K, committed 99968K, reserved 1179648K
  class space    used 13634K, committed 14016K, reserved 1048576K
}
Event: 10.048 GC heap after
{Heap after GC invocations=35 (full 0):
 garbage-first heap   total 204800K, used 86883K [0x0000000080000000, 0x0000000100000000)
  region size 1024K, 8 young (8192K), 8 survivors (8192K)
 Metaspace       used 99170K, committed 99968K, reserved 1179648K
  class space    used 13634K, committed 14016K, reserved 1048576K
}
Event: 10.383 GC heap before
{Heap before GC invocations=35 (full 0):
 garbage-first heap   total 204800K, used 172899K [0x0000000080000000, 0x0000000100000000)
  region size 1024K, 82 young (83968K), 8 survivors (8192K)
 Metaspace       used 100994K, committed 101696K, reserved 1179648K
  class space    used 13850K, committed 14208K, reserved 1048576K
}
Event: 10.398 GC heap after
{Heap after GC invocations=36 (full 0):
 garbage-first heap   total 204800K, used 107667K [0x0000000080000000, 0x0000000100000000)
  region size 1024K, 10 young (10240K), 10 survivors (10240K)
 Metaspace       used 100994K, committed 101696K, reserved 1179648K
  class space    used 13850K, committed 14208K, reserved 1048576K
}
Event: 10.663 GC heap before
{Heap before GC invocations=36 (full 0):
 garbage-first heap   total 204800K, used 165011K [0x0000000080000000, 0x0000000100000000)
  region size 1024K, 65 young (66560K), 10 survivors (10240K)
 Metaspace       used 103881K, committed 104640K, reserved 1179648K
  class space    used 14267K, committed 14656K, reserved 1048576K
}
Event: 10.668 GC heap after
{Heap after GC invocations=37 (full 0):
 garbage-first heap   total 204800K, used 110547K [0x0000000080000000, 0x0000000100000000)
  region size 1024K, 3 young (3072K), 3 survivors (3072K)
 Metaspace       used 103881K, committed 104640K, reserved 1179648K
  class space    used 14267K, committed 14656K, reserved 1048576K
}
Event: 10.697 GC heap before
{Heap before GC invocations=37 (full 0):
 garbage-first heap   total 204800K, used 138195K [0x0000000080000000, 0x0000000100000000)
  region size 1024K, 15 young (15360K), 3 survivors (3072K)
 Metaspace       used 104191K, committed 105024K, reserved 1179648K
  class space    used 14318K, committed 14720K, reserved 1048576K
}

