# JRE version: OpenJDK Runtime Environment (17.0.9) (build 17.0.9+0--11185874)
# Java VM: OpenJDK 64-Bit Server VM (17.0.9+0--11185874, mixed mode, tiered, compressed oops, compressed class ptrs, g1 gc, windows-amd64)
GC Precious Log:
 CPUs: 6 total, 6 available
 Memory: 7542M
 Large Page Support: Disabled
 NUMA Support: Disabled
 Compressed Oops: Enabled (32-bit)
 Heap Region Size: 1M
 Heap Min Capacity: 8M
 Heap Initial Capacity: 118M
 Heap Max Capacity: 2G
 Pre-touch: Disabled
 Parallel Workers: 6
 Concurrent Workers: 2
 Concurrent Refinement Workers: 6
 Periodic GC: Disabled
Heap:
 garbage-first heap   total 225280K, used 136587K [0x0000000080000000, 0x0000000100000000)
  region size 1024K, 6 young (6144K), 3 survivors (3072K)
 Metaspace       used 96199K, committed 97088K, reserved 1179648K
  class space    used 13077K, committed 13504K, reserved 1048576K
GC Heap History (20 events):
Event: 10.407 GC heap before
{Heap before GC invocations=44 (full 0):
 garbage-first heap   total 197632K, used 150407K [0x0000000080000000, 0x0000000100000000)
  region size 1024K, 64 young (65536K), 7 survivors (7168K)
 Metaspace       used 91671K, committed 92416K, reserved 1179648K
  class space    used 12412K, committed 12736K, reserved 1048576K
}
Event: 10.415 GC heap after
{Heap after GC invocations=45 (full 0):
 garbage-first heap   total 197632K, used 93926K [0x0000000080000000, 0x0000000100000000)
  region size 1024K, 10 young (10240K), 10 survivors (10240K)
 Metaspace       used 91671K, committed 92416K, reserved 1179648K
  class space    used 12412K, committed 12736K, reserved 1048576K
}
Event: 10.422 GC heap before
{Heap before GC invocations=45 (full 0):
 garbage-first heap   total 197632K, used 96998K [0x0000000080000000, 0x0000000100000000)
  region size 1024K, 11 young (11264K), 10 survivors (10240K)
 Metaspace       used 91671K, committed 92416K, reserved 1179648K
  class space    used 12412K, committed 12736K, reserved 1048576K
}
Event: 10.427 GC heap after
{Heap after GC invocations=46 (full 0):
 garbage-first heap   total 197632K, used 97826K [0x0000000080000000, 0x0000000100000000)
  region size 1024K, 2 young (2048K), 2 survivors (2048K)
 Metaspace       used 91671K, committed 92416K, reserved 1179648K
  class space    used 12412K, committed 12736K, reserved 1048576K
}
Event: 11.028 GC heap before
{Heap before GC invocations=47 (full 0):
 garbage-first heap   total 197632K, used 154146K [0x0000000080000000, 0x0000000100000000)
  region size 1024K, 51 young (52224K), 2 survivors (2048K)
 Metaspace       used 95365K, committed 96128K, reserved 1179648K
  class space    used 12961K, committed 13312K, reserved 1048576K
}
Event: 11.032 GC heap after
{Heap after GC invocations=48 (full 0):
 garbage-first heap   total 197632K, used 109803K [0x0000000080000000, 0x0000000100000000)
  region size 1024K, 7 young (7168K), 7 survivors (7168K)
 Metaspace       used 95365K, committed 96128K, reserved 1179648K
  class space    used 12961K, committed 13312K, reserved 1048576K
}
Event: 11.183 GC heap before
{Heap before GC invocations=48 (full 0):
 garbage-first heap   total 197632K, used 122091K [0x0000000080000000, 0x0000000100000000)
  region size 1024K, 21 young (21504K), 7 survivors (7168K)
 Metaspace       used 96109K, committed 96960K, reserved 1179648K
  class space    used 13064K, committed 13504K, reserved 1048576K
}
Event: 11.187 GC heap after
{Heap after GC invocations=49 (full 0):
 garbage-first heap   total 197632K, used 110648K [0x0000000080000000, 0x0000000100000000)
  region size 1024K, 2 young (2048K), 2 survivors (2048K)
 Metaspace       used 96109K, committed 96960K, reserved 1179648K
  class space    used 13064K, committed 13504K, reserved 1048576K
}
Event: 11.316 GC heap before
{Heap before GC invocations=50 (full 0):
 garbage-first heap   total 215040K, used 159800K [0x0000000080000000, 0x0000000100000000)
  region size 1024K, 47 young (48128K), 2 survivors (2048K)
 Metaspace       used 96120K, committed 96960K, reserved 1179648K
  class space    used 13065K, committed 13504K, reserved 1048576K
}
Event: 11.326 GC heap after
{Heap after GC invocations=51 (full 0):
 garbage-first heap   total 215040K, used 128012K [0x0000000080000000, 0x0000000100000000)
  region size 1024K, 6 young (6144K), 6 survivors (6144K)
 Metaspace       used 96120K, committed 96960K, reserved 1179648K
  class space    used 13065K, committed 13504K, reserved 1048576K
}
Event: 11.389 GC heap before
{Heap before GC invocations=51 (full 0):
 garbage-first heap   total 215040K, used 132108K [0x0000000080000000, 0x0000000100000000)
  region size 1024K, 10 young (10240K), 6 survivors (6144K)
 Metaspace       used 96121K, committed 96960K, reserved 1179648K
  class space    used 13065K, committed 13504K, reserved 1048576K
}
Event: 11.393 GC heap after
{Heap after GC invocations=52 (full 0):
 garbage-first heap   total 215040K, used 129583K [0x0000000080000000, 0x0000000100000000)
  region size 1024K, 1 young (1024K), 1 survivors (1024K)
 Metaspace       used 96121K, committed 96960K, reserved 1179648K
  class space    used 13065K, committed 13504K, reserved 1048576K
}
Event: 12.192 GC heap before
{Heap before GC invocations=52 (full 0):
 garbage-first heap   total 215040K, used 168495K [0x0000000080000000, 0x0000000100000000)
  region size 1024K, 39 young (39936K), 1 survivors (1024K)
 Metaspace       used 96175K, committed 97024K, reserved 1179648K
  class space    used 13072K, committed 13504K, reserved 1048576K
}
Event: 12.194 GC heap after
{Heap after GC invocations=53 (full 0):
 garbage-first heap   total 215040K, used 130542K [0x0000000080000000, 0x0000000100000000)
  region size 1024K, 2 young (2048K), 2 survivors (2048K)
 Metaspace       used 96175K, committed 97024K, reserved 1179648K
  class space    used 13072K, committed 13504K, reserved 1048576K
}
Event: 12.734 GC heap before
{Heap before GC invocations=54 (full 0):
 garbage-first heap   total 225280K, used 171502K [0x0000000080000000, 0x0000000100000000)
  region size 1024K, 43 young (44032K), 2 survivors (2048K)
 Metaspace       used 96191K, committed 97024K, reserved 1179648K
  class space    used 13077K, committed 13504K, reserved 1048576K
}
Event: 12.737 GC heap after
{Heap after GC invocations=55 (full 0):
 garbage-first heap   total 225280K, used 132486K [0x0000000080000000, 0x0000000100000000)
  region size 1024K, 4 young (4096K), 4 survivors (4096K)
 Metaspace       used 96191K, committed 97024K, reserved 1179648K
  class space    used 13077K, committed 13504K, reserved 1048576K
}
Event: 12.791 GC heap before
{Heap before GC invocations=55 (full 0):
 garbage-first heap   total 225280K, used 138630K [0x0000000080000000, 0x0000000100000000)
  region size 1024K, 11 young (11264K), 4 survivors (4096K)
 Metaspace       used 96191K, committed 97024K, reserved 1179648K
  class space    used 13077K, committed 13504K, reserved 1048576K
}
Event: 12.794 GC heap after
{Heap after GC invocations=56 (full 0):
 garbage-first heap   total 225280K, used 132565K [0x0000000080000000, 0x0000000100000000)
  region size 1024K, 1 young (1024K), 1 survivors (1024K)
 Metaspace       used 96191K, committed 97024K, reserved 1179648K
  class space    used 13077K, committed 13504K, reserved 1048576K
}
Event: 13.517 GC heap before
{Heap before GC invocations=56 (full 0):
 garbage-first heap   total 225280K, used 181717K [0x0000000080000000, 0x0000000100000000)
  region size 1024K, 49 young (50176K), 1 survivors (1024K)
 Metaspace       used 96199K, committed 97088K, reserved 1179648K
  class space    used 13077K, committed 13504K, reserved 1048576K
}
Event: 13.520 GC heap after
{Heap after GC invocations=57 (full 0):
 garbage-first heap   total 225280K, used 134539K [0x0000000080000000, 0x0000000100000000)
  region size 1024K, 3 young (3072K), 3 survivors (3072K)
 Metaspace       used 96199K, committed 97088K, reserved 1179648K
  class space    used 13077K, committed 13504K, reserved 1048576K
}

