# JRE version: OpenJDK Runtime Environment (17.0.9) (build 17.0.9+0--11185874)
# Java VM: OpenJDK 64-Bit Server VM (17.0.9+0--11185874, mixed mode, tiered, compressed oops, compressed class ptrs, g1 gc, windows-amd64)
GC Precious Log:
 CPUs: 6 total, 6 available
 Memory: 7542M
 Large Page Support: Disabled
 NUMA Support: Disabled
 Compressed Oops: Enabled (32-bit)
 Heap Region Size: 1M
 Heap Min Capacity: 8M
 Heap Initial Capacity: 118M
 Heap Max Capacity: 2G
 Pre-touch: Disabled
 Parallel Workers: 6
 Concurrent Workers: 2
 Concurrent Refinement Workers: 6
 Periodic GC: Disabled
Heap:
 garbage-first heap   total 164864K, used 107770K [0x0000000080000000, 0x0000000100000000)
  region size 1024K, 6 young (6144K), 6 survivors (6144K)
 Metaspace       used 101482K, committed 102336K, reserved 1179648K
  class space    used 13916K, committed 14336K, reserved 1048576K
GC Heap History (20 events):
Event: 9.880 GC heap after
{Heap after GC invocations=31 (full 0):
 garbage-first heap   total 135168K, used 66642K [0x0000000080000000, 0x0000000100000000)
  region size 1024K, 5 young (5120K), 5 survivors (5120K)
 Metaspace       used 88855K, committed 89600K, reserved 1179648K
  class space    used 12332K, committed 12672K, reserved 1048576K
}
Event: 10.336 GC heap before
{Heap before GC invocations=31 (full 0):
 garbage-first heap   total 135168K, used 110674K [0x0000000080000000, 0x0000000100000000)
  region size 1024K, 48 young (49152K), 5 survivors (5120K)
 Metaspace       used 92520K, committed 93184K, reserved 1179648K
  class space    used 12818K, committed 13120K, reserved 1048576K
}
Event: 10.341 GC heap after
{Heap after GC invocations=32 (full 0):
 garbage-first heap   total 135168K, used 70064K [0x0000000080000000, 0x0000000100000000)
  region size 1024K, 6 young (6144K), 6 survivors (6144K)
 Metaspace       used 92520K, committed 93184K, reserved 1179648K
  class space    used 12818K, committed 13120K, reserved 1048576K
}
Event: 10.482 GC heap before
{Heap before GC invocations=33 (full 0):
 garbage-first heap   total 135168K, used 86448K [0x0000000080000000, 0x0000000100000000)
  region size 1024K, 24 young (24576K), 6 survivors (6144K)
 Metaspace       used 93692K, committed 94400K, reserved 1179648K
  class space    used 12919K, committed 13248K, reserved 1048576K
}
Event: 10.489 GC heap after
{Heap after GC invocations=34 (full 0):
 garbage-first heap   total 135168K, used 73866K [0x0000000080000000, 0x0000000100000000)
  region size 1024K, 4 young (4096K), 4 survivors (4096K)
 Metaspace       used 93692K, committed 94400K, reserved 1179648K
  class space    used 12919K, committed 13248K, reserved 1048576K
}
Event: 10.828 GC heap before
{Heap before GC invocations=35 (full 0):
 garbage-first heap   total 137216K, used 113802K [0x0000000080000000, 0x0000000100000000)
  region size 1024K, 39 young (39936K), 4 survivors (4096K)
 Metaspace       used 96298K, committed 97024K, reserved 1179648K
  class space    used 13291K, committed 13632K, reserved 1048576K
}
Event: 10.833 GC heap after
{Heap after GC invocations=36 (full 0):
 garbage-first heap   total 137216K, used 76311K [0x0000000080000000, 0x0000000100000000)
  region size 1024K, 4 young (4096K), 4 survivors (4096K)
 Metaspace       used 96298K, committed 97024K, reserved 1179648K
  class space    used 13291K, committed 13632K, reserved 1048576K
}
Event: 11.217 GC heap before
{Heap before GC invocations=36 (full 0):
 garbage-first heap   total 137216K, used 110103K [0x0000000080000000, 0x0000000100000000)
  region size 1024K, 38 young (38912K), 4 survivors (4096K)
 Metaspace       used 96751K, committed 97472K, reserved 1179648K
  class space    used 13327K, committed 13696K, reserved 1048576K
}
Event: 11.221 GC heap after
{Heap after GC invocations=37 (full 0):
 garbage-first heap   total 164864K, used 79189K [0x0000000080000000, 0x0000000100000000)
  region size 1024K, 3 young (3072K), 3 survivors (3072K)
 Metaspace       used 96751K, committed 97472K, reserved 1179648K
  class space    used 13327K, committed 13696K, reserved 1048576K
}
Event: 11.670 GC heap before
{Heap before GC invocations=38 (full 0):
 garbage-first heap   total 164864K, used 132437K [0x0000000080000000, 0x0000000100000000)
  region size 1024K, 56 young (57344K), 3 survivors (3072K)
 Metaspace       used 97968K, committed 98752K, reserved 1179648K
  class space    used 13470K, committed 13824K, reserved 1048576K
}
Event: 11.678 GC heap after
{Heap after GC invocations=39 (full 0):
 garbage-first heap   total 164864K, used 82980K [0x0000000080000000, 0x0000000100000000)
  region size 1024K, 7 young (7168K), 7 survivors (7168K)
 Metaspace       used 97968K, committed 98752K, reserved 1179648K
  class space    used 13470K, committed 13824K, reserved 1048576K
}
Event: 11.690 GC heap before
{Heap before GC invocations=39 (full 0):
 garbage-first heap   total 164864K, used 84004K [0x0000000080000000, 0x0000000100000000)
  region size 1024K, 8 young (8192K), 7 survivors (7168K)
 Metaspace       used 97992K, committed 98752K, reserved 1179648K
  class space    used 13474K, committed 13824K, reserved 1048576K
}
Event: 11.697 GC heap after
{Heap after GC invocations=40 (full 0):
 garbage-first heap   total 164864K, used 82974K [0x0000000080000000, 0x0000000100000000)
  region size 1024K, 1 young (1024K), 1 survivors (1024K)
 Metaspace       used 97992K, committed 98752K, reserved 1179648K
  class space    used 13474K, committed 13824K, reserved 1048576K
}
Event: 12.110 GC heap before
{Heap before GC invocations=40 (full 0):
 garbage-first heap   total 164864K, used 133150K [0x0000000080000000, 0x0000000100000000)
  region size 1024K, 51 young (52224K), 1 survivors (1024K)
 Metaspace       used 99726K, committed 100416K, reserved 1179648K
  class space    used 13687K, committed 14016K, reserved 1048576K
}
Event: 12.114 GC heap after
{Heap after GC invocations=41 (full 0):
 garbage-first heap   total 164864K, used 86552K [0x0000000080000000, 0x0000000100000000)
  region size 1024K, 5 young (5120K), 5 survivors (5120K)
 Metaspace       used 99726K, committed 100416K, reserved 1179648K
  class space    used 13687K, committed 14016K, reserved 1048576K
}
Event: 12.404 GC heap before
{Heap before GC invocations=42 (full 0):
 garbage-first heap   total 164864K, used 133656K [0x0000000080000000, 0x0000000100000000)
  region size 1024K, 52 young (53248K), 5 survivors (5120K)
 Metaspace       used 100068K, committed 100864K, reserved 1179648K
  class space    used 13722K, committed 14080K, reserved 1048576K
}
Event: 12.412 GC heap after
{Heap after GC invocations=43 (full 0):
 garbage-first heap   total 164864K, used 91893K [0x0000000080000000, 0x0000000100000000)
  region size 1024K, 6 young (6144K), 6 survivors (6144K)
 Metaspace       used 100068K, committed 100864K, reserved 1179648K
  class space    used 13722K, committed 14080K, reserved 1048576K
}
Event: 12.419 GC heap before
{Heap before GC invocations=43 (full 0):
 garbage-first heap   total 164864K, used 93941K [0x0000000080000000, 0x0000000100000000)
  region size 1024K, 8 young (8192K), 6 survivors (6144K)
 Metaspace       used 100084K, committed 100864K, reserved 1179648K
  class space    used 13725K, committed 14080K, reserved 1048576K
}
Event: 12.423 GC heap after
{Heap after GC invocations=44 (full 0):
 garbage-first heap   total 164864K, used 91883K [0x0000000080000000, 0x0000000100000000)
  region size 1024K, 1 young (1024K), 1 survivors (1024K)
 Metaspace       used 100084K, committed 100864K, reserved 1179648K
  class space    used 13725K, committed 14080K, reserved 1048576K
}
Event: 12.608 GC heap before
{Heap before GC invocations=44 (full 0):
 garbage-first heap   total 164864K, used 146155K [0x0000000080000000, 0x0000000100000000)
  region size 1024K, 44 young (45056K), 1 survivors (1024K)
 Metaspace       used 101482K, committed 102336K, reserved 1179648K
  class space    used 13916K, committed 14336K, reserved 1048576K
}

