# JRE version: OpenJDK Runtime Environment (17.0.9) (build 17.0.9+0--11185874)
# Java VM: OpenJDK 64-Bit Server VM (17.0.9+0--11185874, mixed mode, tiered, compressed oops, compressed class ptrs, g1 gc, windows-amd64)
GC Precious Log:
 CPUs: 6 total, 6 available
 Memory: 7542M
 Large Page Support: Disabled
 NUMA Support: Disabled
 Compressed Oops: Enabled (32-bit)
 Heap Region Size: 1M
 Heap Min Capacity: 8M
 Heap Initial Capacity: 118M
 Heap Max Capacity: 2G
 Pre-touch: Disabled
 Parallel Workers: 6
 Concurrent Workers: 2
 Concurrent Refinement Workers: 6
 Periodic GC: Disabled
Heap:
 garbage-first heap   total 297984K, used 241368K [0x0000000080000000, 0x0000000100000000)
  region size 1024K, 3 young (3072K), 3 survivors (3072K)
 Metaspace       used 118547K, committed 119360K, reserved 1179648K
  class space    used 16088K, committed 16512K, reserved 1048576K
GC Heap History (20 events):
Event: 15.916 GC heap after
{Heap after GC invocations=38 (full 0):
 garbage-first heap   total 226304K, used 121048K [0x0000000080000000, 0x0000000100000000)
  region size 1024K, 10 young (10240K), 10 survivors (10240K)
 Metaspace       used 102762K, committed 103488K, reserved 1179648K
  class space    used 13931K, committed 14272K, reserved 1048576K
}
Event: 16.135 GC heap before
{Heap before GC invocations=38 (full 0):
 garbage-first heap   total 226304K, used 180440K [0x0000000080000000, 0x0000000100000000)
  region size 1024K, 68 young (69632K), 10 survivors (10240K)
 Metaspace       used 103974K, committed 104704K, reserved 1179648K
  class space    used 14041K, committed 14400K, reserved 1048576K
}
Event: 16.144 GC heap after
{Heap after GC invocations=39 (full 0):
 garbage-first heap   total 226304K, used 131282K [0x0000000080000000, 0x0000000100000000)
  region size 1024K, 8 young (8192K), 8 survivors (8192K)
 Metaspace       used 103974K, committed 104704K, reserved 1179648K
  class space    used 14041K, committed 14400K, reserved 1048576K
}
Event: 16.509 GC heap before
{Heap before GC invocations=39 (full 0):
 garbage-first heap   total 226304K, used 182482K [0x0000000080000000, 0x0000000100000000)
  region size 1024K, 59 young (60416K), 8 survivors (8192K)
 Metaspace       used 105194K, committed 105984K, reserved 1179648K
  class space    used 14157K, committed 14528K, reserved 1048576K
}
Event: 16.518 GC heap after
{Heap after GC invocations=40 (full 0):
 garbage-first heap   total 226304K, used 127959K [0x0000000080000000, 0x0000000100000000)
  region size 1024K, 2 young (2048K), 2 survivors (2048K)
 Metaspace       used 105194K, committed 105984K, reserved 1179648K
  class space    used 14157K, committed 14528K, reserved 1048576K
}
Event: 18.004 GC heap before
{Heap before GC invocations=40 (full 0):
 garbage-first heap   total 226304K, used 184279K [0x0000000080000000, 0x0000000100000000)
  region size 1024K, 58 young (59392K), 2 survivors (2048K)
 Metaspace       used 107391K, committed 108224K, reserved 1179648K
  class space    used 14408K, committed 14848K, reserved 1048576K
}
Event: 18.010 GC heap after
{Heap after GC invocations=41 (full 0):
 garbage-first heap   total 297984K, used 131013K [0x0000000080000000, 0x0000000100000000)
  region size 1024K, 5 young (5120K), 5 survivors (5120K)
 Metaspace       used 107391K, committed 108224K, reserved 1179648K
  class space    used 14408K, committed 14848K, reserved 1048576K
}
Event: 19.342 GC heap before
{Heap before GC invocations=41 (full 0):
 garbage-first heap   total 297984K, used 226245K [0x0000000080000000, 0x0000000100000000)
  region size 1024K, 99 young (101376K), 5 survivors (5120K)
 Metaspace       used 109420K, committed 110272K, reserved 1179648K
  class space    used 14642K, committed 15040K, reserved 1048576K
}
Event: 19.352 GC heap after
{Heap after GC invocations=42 (full 0):
 garbage-first heap   total 297984K, used 138906K [0x0000000080000000, 0x0000000100000000)
  region size 1024K, 12 young (12288K), 12 survivors (12288K)
 Metaspace       used 109420K, committed 110272K, reserved 1179648K
  class space    used 14642K, committed 15040K, reserved 1048576K
}
Event: 20.654 GC heap before
{Heap before GC invocations=42 (full 0):
 garbage-first heap   total 297984K, used 244378K [0x0000000080000000, 0x0000000100000000)
  region size 1024K, 103 young (105472K), 12 survivors (12288K)
 Metaspace       used 112326K, committed 113216K, reserved 1179648K
  class space    used 15014K, committed 15424K, reserved 1048576K
}
Event: 20.661 GC heap after
{Heap after GC invocations=43 (full 0):
 garbage-first heap   total 297984K, used 152060K [0x0000000080000000, 0x0000000100000000)
  region size 1024K, 6 young (6144K), 6 survivors (6144K)
 Metaspace       used 112326K, committed 113216K, reserved 1179648K
  class space    used 15014K, committed 15424K, reserved 1048576K
}
Event: 21.555 GC heap before
{Heap before GC invocations=43 (full 0):
 garbage-first heap   total 297984K, used 268796K [0x0000000080000000, 0x0000000100000000)
  region size 1024K, 91 young (93184K), 6 survivors (6144K)
 Metaspace       used 115927K, committed 116800K, reserved 1179648K
  class space    used 15545K, committed 16000K, reserved 1048576K
}
Event: 21.576 GC heap after
{Heap after GC invocations=44 (full 0):
 garbage-first heap   total 297984K, used 186265K [0x0000000080000000, 0x0000000100000000)
  region size 1024K, 12 young (12288K), 12 survivors (12288K)
 Metaspace       used 115927K, committed 116800K, reserved 1179648K
  class space    used 15545K, committed 16000K, reserved 1048576K
}
Event: 21.865 GC heap before
{Heap before GC invocations=44 (full 0):
 garbage-first heap   total 297984K, used 237465K [0x0000000080000000, 0x0000000100000000)
  region size 1024K, 63 young (64512K), 12 survivors (12288K)
 Metaspace       used 118450K, committed 119296K, reserved 1179648K
  class space    used 16082K, committed 16512K, reserved 1048576K
}
Event: 21.889 GC heap after
{Heap after GC invocations=45 (full 0):
 garbage-first heap   total 297984K, used 205416K [0x0000000080000000, 0x0000000100000000)
  region size 1024K, 8 young (8192K), 8 survivors (8192K)
 Metaspace       used 118450K, committed 119296K, reserved 1179648K
  class space    used 16082K, committed 16512K, reserved 1048576K
}
Event: 21.970 GC heap before
{Heap before GC invocations=45 (full 0):
 garbage-first heap   total 297984K, used 237160K [0x0000000080000000, 0x0000000100000000)
  region size 1024K, 40 young (40960K), 8 survivors (8192K)
 Metaspace       used 118503K, committed 119360K, reserved 1179648K
  class space    used 16084K, committed 16512K, reserved 1048576K
}
Event: 21.989 GC heap after
{Heap after GC invocations=46 (full 0):
 garbage-first heap   total 297984K, used 221912K [0x0000000080000000, 0x0000000100000000)
  region size 1024K, 5 young (5120K), 5 survivors (5120K)
 Metaspace       used 118503K, committed 119360K, reserved 1179648K
  class space    used 16084K, committed 16512K, reserved 1048576K
}
Event: 22.032 GC heap before
{Heap before GC invocations=46 (full 0):
 garbage-first heap   total 297984K, used 243416K [0x0000000080000000, 0x0000000100000000)
  region size 1024K, 27 young (27648K), 5 survivors (5120K)
 Metaspace       used 118539K, committed 119360K, reserved 1179648K
  class space    used 16087K, committed 16512K, reserved 1048576K
}
Event: 22.052 GC heap after
{Heap after GC invocations=47 (full 0):
 garbage-first heap   total 297984K, used 233176K [0x0000000080000000, 0x0000000100000000)
  region size 1024K, 4 young (4096K), 4 survivors (4096K)
 Metaspace       used 118539K, committed 119360K, reserved 1179648K
  class space    used 16087K, committed 16512K, reserved 1048576K
}
Event: 22.082 GC heap before
{Heap before GC invocations=47 (full 0):
 garbage-first heap   total 297984K, used 248536K [0x0000000080000000, 0x0000000100000000)
  region size 1024K, 19 young (19456K), 4 survivors (4096K)
 Metaspace       used 118547K, committed 119360K, reserved 1179648K
  class space    used 16088K, committed 16512K, reserved 1048576K
}

