# JRE version: OpenJDK Runtime Environment (11.0.15) (build 11.0.15+0-b2043.56-8887301)
# Java VM: OpenJDK 64-Bit Server VM (11.0.15+0-b2043.56-8887301, mixed mode, tiered, compressed oops, g1 gc, windows-amd64)
Heap:
 garbage-first heap   total 210944K, used 143804K [0x0000000080000000, 0x0000000100000000)
  region size 1024K, 40 young (40960K), 3 survivors (3072K)
 Metaspace       used 61925K, capacity 63726K, committed 63996K, reserved 1105920K
  class space    used 7882K, capacity 8555K, committed 8576K, reserved 1048576K
GC Heap History (20 events):
Event: 4.249 GC heap before
{Heap before GC invocations=13 (full 0):
 garbage-first heap   total 120832K, used 88642K [0x0000000080000000, 0x0000000100000000)
  region size 1024K, 26 young (26624K), 2 survivors (2048K)
 Metaspace       used 43125K, capacity 44267K, committed 44540K, reserved 1087488K
  class space    used 5502K, capacity 5924K, committed 6016K, reserved 1048576K
}
Event: 4.251 GC heap after
{Heap after GC invocations=14 (full 0):
 garbage-first heap   total 120832K, used 61551K [0x0000000080000000, 0x0000000100000000)
  region size 1024K, 3 young (3072K), 3 survivors (3072K)
 Metaspace       used 43125K, capacity 44267K, committed 44540K, reserved 1087488K
  class space    used 5502K, capacity 5924K, committed 6016K, reserved 1048576K
}
Event: 4.463 GC heap before
{Heap before GC invocations=14 (full 0):
 garbage-first heap   total 120832K, used 79983K [0x0000000080000000, 0x0000000100000000)
  region size 1024K, 22 young (22528K), 3 survivors (3072K)
 Metaspace       used 44469K, capacity 45619K, committed 45692K, reserved 1089536K
  class space    used 5690K, capacity 6113K, committed 6144K, reserved 1048576K
}
Event: 4.466 GC heap after
{Heap after GC invocations=15 (full 0):
 garbage-first heap   total 145408K, used 62446K [0x0000000080000000, 0x0000000100000000)
  region size 1024K, 3 young (3072K), 3 survivors (3072K)
 Metaspace       used 44469K, capacity 45619K, committed 45692K, reserved 1089536K
  class space    used 5690K, capacity 6113K, committed 6144K, reserved 1048576K
}
Event: 4.498 GC heap before
{Heap before GC invocations=16 (full 0):
 garbage-first heap   total 145408K, used 77806K [0x0000000080000000, 0x0000000100000000)
  region size 1024K, 4 young (4096K), 3 survivors (3072K)
 Metaspace       used 44469K, capacity 45619K, committed 45692K, reserved 1089536K
  class space    used 5690K, capacity 6113K, committed 6144K, reserved 1048576K
}
Event: 4.502 GC heap after
{Heap after GC invocations=17 (full 0):
 garbage-first heap   total 145408K, used 78505K [0x0000000080000000, 0x0000000100000000)
  region size 1024K, 3 young (3072K), 3 survivors (3072K)
 Metaspace       used 44469K, capacity 45619K, committed 45692K, reserved 1089536K
  class space    used 5690K, capacity 6113K, committed 6144K, reserved 1048576K
}
Event: 4.734 GC heap before
{Heap before GC invocations=18 (full 0):
 garbage-first heap   total 145408K, used 106153K [0x0000000080000000, 0x0000000100000000)
  region size 1024K, 27 young (27648K), 3 survivors (3072K)
 Metaspace       used 45738K, capacity 47014K, committed 47228K, reserved 1089536K
  class space    used 5840K, capacity 6340K, committed 6400K, reserved 1048576K
}
Event: 4.740 GC heap after
{Heap after GC invocations=19 (full 0):
 garbage-first heap   total 145408K, used 86665K [0x0000000080000000, 0x0000000100000000)
  region size 1024K, 5 young (5120K), 5 survivors (5120K)
 Metaspace       used 45738K, capacity 47014K, committed 47228K, reserved 1089536K
  class space    used 5840K, capacity 6340K, committed 6400K, reserved 1048576K
}
Event: 4.947 GC heap before
{Heap before GC invocations=20 (full 0):
 garbage-first heap   total 145408K, used 116361K [0x0000000080000000, 0x0000000100000000)
  region size 1024K, 33 young (33792K), 5 survivors (5120K)
 Metaspace       used 47414K, capacity 48707K, committed 48892K, reserved 1091584K
  class space    used 5986K, capacity 6472K, committed 6528K, reserved 1048576K
}
Event: 4.952 GC heap after
{Heap after GC invocations=21 (full 0):
 garbage-first heap   total 145408K, used 88691K [0x0000000080000000, 0x0000000100000000)
  region size 1024K, 3 young (3072K), 3 survivors (3072K)
 Metaspace       used 47414K, capacity 48707K, committed 48892K, reserved 1091584K
  class space    used 5986K, capacity 6472K, committed 6528K, reserved 1048576K
}
Event: 5.098 GC heap before
{Heap before GC invocations=21 (full 0):
 garbage-first heap   total 145408K, used 100979K [0x0000000080000000, 0x0000000100000000)
  region size 1024K, 16 young (16384K), 3 survivors (3072K)
 Metaspace       used 48488K, capacity 49832K, committed 50044K, reserved 1093632K
  class space    used 6167K, capacity 6656K, committed 6656K, reserved 1048576K
}
Event: 5.103 GC heap after
{Heap after GC invocations=22 (full 0):
 garbage-first heap   total 175104K, used 89736K [0x0000000080000000, 0x0000000100000000)
  region size 1024K, 1 young (1024K), 1 survivors (1024K)
 Metaspace       used 48488K, capacity 49832K, committed 50044K, reserved 1093632K
  class space    used 6167K, capacity 6656K, committed 6656K, reserved 1048576K
}
Event: 5.484 GC heap before
{Heap before GC invocations=23 (full 0):
 garbage-first heap   total 175104K, used 134792K [0x0000000080000000, 0x0000000100000000)
  region size 1024K, 40 young (40960K), 1 survivors (1024K)
 Metaspace       used 51264K, capacity 52698K, committed 52860K, reserved 1095680K
  class space    used 6608K, capacity 7142K, committed 7168K, reserved 1048576K
}
Event: 5.487 GC heap after
{Heap after GC invocations=24 (full 0):
 garbage-first heap   total 175104K, used 96761K [0x0000000080000000, 0x0000000100000000)
  region size 1024K, 3 young (3072K), 3 survivors (3072K)
 Metaspace       used 51264K, capacity 52698K, committed 52860K, reserved 1095680K
  class space    used 6608K, capacity 7142K, committed 7168K, reserved 1048576K
}
Event: 5.796 GC heap before
{Heap before GC invocations=24 (full 0):
 garbage-first heap   total 175104K, used 124409K [0x0000000080000000, 0x0000000100000000)
  region size 1024K, 32 young (32768K), 3 survivors (3072K)
 Metaspace       used 52121K, capacity 53644K, committed 53756K, reserved 1095680K
  class space    used 6666K, capacity 7235K, committed 7296K, reserved 1048576K
}
Event: 5.802 GC heap after
{Heap after GC invocations=25 (full 0):
 garbage-first heap   total 175104K, used 98202K [0x0000000080000000, 0x0000000100000000)
  region size 1024K, 5 young (5120K), 5 survivors (5120K)
 Metaspace       used 52121K, capacity 53644K, committed 53756K, reserved 1095680K
  class space    used 6666K, capacity 7235K, committed 7296K, reserved 1048576K
}
Event: 5.866 GC heap before
{Heap before GC invocations=26 (full 0):
 garbage-first heap   total 175104K, used 108442K [0x0000000080000000, 0x0000000100000000)
  region size 1024K, 14 young (14336K), 5 survivors (5120K)
 Metaspace       used 52520K, capacity 54114K, committed 54396K, reserved 1095680K
  class space    used 6731K, capacity 7309K, committed 7424K, reserved 1048576K
}
Event: 5.873 GC heap after
{Heap after GC invocations=27 (full 0):
 garbage-first heap   total 175104K, used 104807K [0x0000000080000000, 0x0000000100000000)
  region size 1024K, 6 young (6144K), 6 survivors (6144K)
 Metaspace       used 52520K, capacity 54114K, committed 54396K, reserved 1095680K
  class space    used 6731K, capacity 7309K, committed 7424K, reserved 1048576K
}
Event: 6.274 GC heap before
{Heap before GC invocations=28 (full 0):
 garbage-first heap   total 175104K, used 140647K [0x0000000080000000, 0x0000000100000000)
  region size 1024K, 40 young (40960K), 6 survivors (6144K)
 Metaspace       used 56431K, capacity 57983K, committed 58236K, reserved 1099776K
  class space    used 7212K, capacity 7828K, committed 7936K, reserved 1048576K
}
Event: 6.278 GC heap after
{Heap after GC invocations=29 (full 0):
 garbage-first heap   total 210944K, used 106940K [0x0000000080000000, 0x0000000100000000)
  region size 1024K, 3 young (3072K), 3 survivors (3072K)
 Metaspace       used 56431K, capacity 57983K, committed 58236K, reserved 1099776K
  class space    used 7212K, capacity 7828K, committed 7936K, reserved 1048576K
}

