# JRE version: OpenJDK Runtime Environment (11.0.15) (build 11.0.15+0-b2043.56-8887301)
# Java VM: OpenJDK 64-Bit Server VM (11.0.15+0-b2043.56-8887301, mixed mode, tiered, compressed oops, g1 gc, windows-amd64)
Heap:
 garbage-first heap   total 672768K, used 311296K [0x0000000080000000, 0x0000000100000000)
  region size 1024K, 3 young (3072K), 3 survivors (3072K)
 Metaspace       used 119773K, capacity 123408K, committed 123516K, reserved 1157120K
  class space    used 15293K, capacity 16632K, committed 16640K, reserved 1048576K
GC Heap History (20 events):
Event: 21.268 GC heap after
{Heap after GC invocations=60 (full 0):
 garbage-first heap   total 308224K, used 247958K [0x0000000080000000, 0x0000000100000000)
  region size 1024K, 4 young (4096K), 4 survivors (4096K)
 Metaspace       used 115694K, capacity 119160K, committed 119292K, reserved 1153024K
  class space    used 14603K, capacity 15873K, committed 16000K, reserved 1048576K
}
Event: 21.425 GC heap before
{Heap before GC invocations=61 (full 0):
 garbage-first heap   total 308224K, used 269462K [0x0000000080000000, 0x0000000100000000)
  region size 1024K, 23 young (23552K), 4 survivors (4096K)
 Metaspace       used 115753K, capacity 119231K, committed 119548K, reserved 1153024K
  class space    used 14610K, capacity 15876K, committed 16000K, reserved 1048576K
}
Event: 21.435 GC heap after
{Heap after GC invocations=62 (full 0):
 garbage-first heap   total 308224K, used 255925K [0x0000000080000000, 0x0000000100000000)
  region size 1024K, 3 young (3072K), 3 survivors (3072K)
 Metaspace       used 115753K, capacity 119231K, committed 119548K, reserved 1153024K
  class space    used 14610K, capacity 15876K, committed 16000K, reserved 1048576K
}
Event: 21.451 GC heap before
{Heap before GC invocations=62 (full 0):
 garbage-first heap   total 308224K, used 260021K [0x0000000080000000, 0x0000000100000000)
  region size 1024K, 8 young (8192K), 3 survivors (3072K)
 Metaspace       used 115753K, capacity 119231K, committed 119548K, reserved 1153024K
  class space    used 14610K, capacity 15876K, committed 16000K, reserved 1048576K
}
Event: 21.459 GC heap after
{Heap after GC invocations=63 (full 0):
 garbage-first heap   total 308224K, used 258605K [0x0000000080000000, 0x0000000100000000)
  region size 1024K, 2 young (2048K), 2 survivors (2048K)
 Metaspace       used 115753K, capacity 119231K, committed 119548K, reserved 1153024K
  class space    used 14610K, capacity 15876K, committed 16000K, reserved 1048576K
}
Event: 21.678 GC heap before
{Heap before GC invocations=64 (full 0):
 garbage-first heap   total 308224K, used 271917K [0x0000000080000000, 0x0000000100000000)
  region size 1024K, 15 young (15360K), 2 survivors (2048K)
 Metaspace       used 118042K, capacity 121657K, committed 121852K, reserved 1155072K
  class space    used 15103K, capacity 16406K, committed 16512K, reserved 1048576K
}
Event: 21.688 GC heap after
{Heap after GC invocations=65 (full 0):
 garbage-first heap   total 308224K, used 262632K [0x0000000080000000, 0x0000000100000000)
  region size 1024K, 2 young (2048K), 2 survivors (2048K)
 Metaspace       used 118042K, capacity 121657K, committed 121852K, reserved 1155072K
  class space    used 15103K, capacity 16406K, committed 16512K, reserved 1048576K
}
Event: 21.784 GC heap before
{Heap before GC invocations=65 (full 0):
 garbage-first heap   total 308224K, used 275944K [0x0000000080000000, 0x0000000100000000)
  region size 1024K, 15 young (15360K), 2 survivors (2048K)
 Metaspace       used 118250K, capacity 121795K, committed 122108K, reserved 1155072K
  class space    used 15105K, capacity 16406K, committed 16512K, reserved 1048576K
}
Event: 21.794 GC heap after
{Heap after GC invocations=66 (full 0):
 garbage-first heap   total 308224K, used 268777K [0x0000000080000000, 0x0000000100000000)
  region size 1024K, 2 young (2048K), 2 survivors (2048K)
 Metaspace       used 118250K, capacity 121795K, committed 122108K, reserved 1155072K
  class space    used 15105K, capacity 16406K, committed 16512K, reserved 1048576K
}
Event: 21.836 GC heap before
{Heap before GC invocations=66 (full 0):
 garbage-first heap   total 308224K, used 282089K [0x0000000080000000, 0x0000000100000000)
  region size 1024K, 15 young (15360K), 2 survivors (2048K)
 Metaspace       used 118326K, capacity 121868K, committed 122108K, reserved 1155072K
  class space    used 15106K, capacity 16407K, committed 16512K, reserved 1048576K
}
Event: 21.846 GC heap after
{Heap after GC invocations=67 (full 0):
 garbage-first heap   total 308224K, used 275838K [0x0000000080000000, 0x0000000100000000)
  region size 1024K, 2 young (2048K), 2 survivors (2048K)
 Metaspace       used 118326K, capacity 121868K, committed 122108K, reserved 1155072K
  class space    used 15106K, capacity 16407K, committed 16512K, reserved 1048576K
}
Event: 21.908 GC heap before
{Heap before GC invocations=67 (full 0):
 garbage-first heap   total 308224K, used 288126K [0x0000000080000000, 0x0000000100000000)
  region size 1024K, 15 young (15360K), 2 survivors (2048K)
 Metaspace       used 118338K, capacity 121933K, committed 122108K, reserved 1155072K
  class space    used 15106K, capacity 16407K, committed 16512K, reserved 1048576K
}
Event: 21.917 GC heap after
{Heap after GC invocations=68 (full 0):
 garbage-first heap   total 370688K, used 282624K [0x0000000080000000, 0x0000000100000000)
  region size 1024K, 2 young (2048K), 2 survivors (2048K)
 Metaspace       used 118338K, capacity 121933K, committed 122108K, reserved 1155072K
  class space    used 15106K, capacity 16407K, committed 16512K, reserved 1048576K
}
Event: 22.086 GC heap before
{Heap before GC invocations=69 (full 0):
 garbage-first heap   total 370688K, used 303104K [0x0000000080000000, 0x0000000100000000)
  region size 1024K, 22 young (22528K), 2 survivors (2048K)
 Metaspace       used 118298K, capacity 121817K, committed 122108K, reserved 1155072K
  class space    used 15081K, capacity 16360K, committed 16512K, reserved 1048576K
}
Event: 22.101 GC heap after
{Heap after GC invocations=70 (full 0):
 garbage-first heap   total 370688K, used 293701K [0x0000000080000000, 0x0000000100000000)
  region size 1024K, 3 young (3072K), 3 survivors (3072K)
 Metaspace       used 118298K, capacity 121817K, committed 122108K, reserved 1155072K
  class space    used 15081K, capacity 16360K, committed 16512K, reserved 1048576K
}
Event: 22.135 GC heap before
{Heap before GC invocations=70 (full 0):
 garbage-first heap   total 370688K, used 309061K [0x0000000080000000, 0x0000000100000000)
  region size 1024K, 18 young (18432K), 3 survivors (3072K)
 Metaspace       used 118299K, capacity 121818K, committed 122108K, reserved 1155072K
  class space    used 15081K, capacity 16360K, committed 16512K, reserved 1048576K
}
Event: 22.149 GC heap after
{Heap after GC invocations=71 (full 0):
 garbage-first heap   total 370688K, used 297512K [0x0000000080000000, 0x0000000100000000)
  region size 1024K, 3 young (3072K), 3 survivors (3072K)
 Metaspace       used 118299K, capacity 121818K, committed 122108K, reserved 1155072K
  class space    used 15081K, capacity 16360K, committed 16512K, reserved 1048576K
}
Event: 22.187 GC heap before
{Heap before GC invocations=71 (full 0):
 garbage-first heap   total 370688K, used 311848K [0x0000000080000000, 0x0000000100000000)
  region size 1024K, 18 young (18432K), 3 survivors (3072K)
 Metaspace       used 118301K, capacity 121818K, committed 122108K, reserved 1155072K
  class space    used 15081K, capacity 16360K, committed 16512K, reserved 1048576K
}
Event: 22.196 GC heap after
{Heap after GC invocations=72 (full 0):
 garbage-first heap   total 370688K, used 306086K [0x0000000080000000, 0x0000000100000000)
  region size 1024K, 3 young (3072K), 3 survivors (3072K)
 Metaspace       used 118301K, capacity 121818K, committed 122108K, reserved 1155072K
  class space    used 15081K, capacity 16360K, committed 16512K, reserved 1048576K
}
Event: 22.561 GC heap before
{Heap before GC invocations=73 (full 0):
 garbage-first heap   total 370688K, used 320422K [0x0000000080000000, 0x0000000100000000)
  region size 1024K, 18 young (18432K), 3 survivors (3072K)
 Metaspace       used 119773K, capacity 123408K, committed 123516K, reserved 1157120K
  class space    used 15293K, capacity 16632K, committed 16640K, reserved 1048576K
}

