# JRE version: OpenJDK Runtime Environment (11.0.15) (build 11.0.15+0-b2043.56-8887301)
# Java VM: OpenJDK 64-Bit Server VM (11.0.15+0-b2043.56-8887301, mixed mode, tiered, compressed oops, g1 gc, windows-amd64)
Heap:
 garbage-first heap   total 229376K, used 112165K [0x0000000080000000, 0x0000000100000000)
  region size 1024K, 2 young (2048K), 2 survivors (2048K)
 Metaspace       used 66218K, capacity 67991K, committed 68144K, reserved 1107968K
  class space    used 8395K, capacity 9086K, committed 9088K, reserved 1048576K
GC Heap History (20 events):
Event: 4.760 GC heap after
{Heap after GC invocations=12 (full 0):
 garbage-first heap   total 158720K, used 77712K [0x0000000080000000, 0x0000000100000000)
  region size 1024K, 3 young (3072K), 3 survivors (3072K)
 Metaspace       used 44516K, capacity 45645K, committed 45744K, reserved 1089536K
  class space    used 5697K, capacity 6120K, committed 6144K, reserved 1048576K
}
Event: 4.975 GC heap before
{Heap before GC invocations=13 (full 0):
 garbage-first heap   total 158720K, used 105360K [0x0000000080000000, 0x0000000100000000)
  region size 1024K, 27 young (27648K), 3 survivors (3072K)
 Metaspace       used 45747K, capacity 47083K, committed 47280K, reserved 1089536K
  class space    used 5844K, capacity 6340K, committed 6400K, reserved 1048576K
}
Event: 4.982 GC heap after
{Heap after GC invocations=14 (full 0):
 garbage-first heap   total 158720K, used 85896K [0x0000000080000000, 0x0000000100000000)
  region size 1024K, 6 young (6144K), 6 survivors (6144K)
 Metaspace       used 45747K, capacity 47083K, committed 47280K, reserved 1089536K
  class space    used 5844K, capacity 6340K, committed 6400K, reserved 1048576K
}
Event: 5.292 GC heap before
{Heap before GC invocations=15 (full 0):
 garbage-first heap   total 158720K, used 126856K [0x0000000080000000, 0x0000000100000000)
  region size 1024K, 45 young (46080K), 6 survivors (6144K)
 Metaspace       used 48309K, capacity 49628K, committed 49840K, reserved 1093632K
  class space    used 6140K, capacity 6650K, committed 6656K, reserved 1048576K
}
Event: 5.297 GC heap after
{Heap after GC invocations=16 (full 0):
 garbage-first heap   total 190464K, used 87879K [0x0000000080000000, 0x0000000100000000)
  region size 1024K, 3 young (3072K), 3 survivors (3072K)
 Metaspace       used 48309K, capacity 49628K, committed 49840K, reserved 1093632K
  class space    used 6140K, capacity 6650K, committed 6656K, reserved 1048576K
}
Event: 5.323 GC heap before
{Heap before GC invocations=16 (full 0):
 garbage-first heap   total 190464K, used 89927K [0x0000000080000000, 0x0000000100000000)
  region size 1024K, 6 young (6144K), 3 survivors (3072K)
 Metaspace       used 48500K, capacity 49837K, committed 49840K, reserved 1093632K
  class space    used 6171K, capacity 6656K, committed 6656K, reserved 1048576K
}
Event: 5.327 GC heap after
{Heap after GC invocations=17 (full 0):
 garbage-first heap   total 190464K, used 87874K [0x0000000080000000, 0x0000000100000000)
  region size 1024K, 3 young (3072K), 3 survivors (3072K)
 Metaspace       used 48500K, capacity 49837K, committed 49840K, reserved 1093632K
  class space    used 6171K, capacity 6656K, committed 6656K, reserved 1048576K
}
Event: 5.766 GC heap before
{Heap before GC invocations=18 (full 0):
 garbage-first heap   total 190464K, used 138050K [0x0000000080000000, 0x0000000100000000)
  region size 1024K, 47 young (48128K), 3 survivors (3072K)
 Metaspace       used 51520K, capacity 52952K, committed 53296K, reserved 1095680K
  class space    used 6638K, capacity 7182K, committed 7296K, reserved 1048576K
}
Event: 5.770 GC heap after
{Heap after GC invocations=19 (full 0):
 garbage-first heap   total 190464K, used 96074K [0x0000000080000000, 0x0000000100000000)
  region size 1024K, 6 young (6144K), 6 survivors (6144K)
 Metaspace       used 51520K, capacity 52952K, committed 53296K, reserved 1095680K
  class space    used 6638K, capacity 7182K, committed 7296K, reserved 1048576K
}
Event: 6.070 GC heap before
{Heap before GC invocations=19 (full 0):
 garbage-first heap   total 190464K, used 120650K [0x0000000080000000, 0x0000000100000000)
  region size 1024K, 31 young (31744K), 6 survivors (6144K)
 Metaspace       used 52175K, capacity 53685K, committed 53808K, reserved 1095680K
  class space    used 6677K, capacity 7248K, committed 7296K, reserved 1048576K
}
Event: 6.077 GC heap after
{Heap after GC invocations=20 (full 0):
 garbage-first heap   total 190464K, used 97035K [0x0000000080000000, 0x0000000100000000)
  region size 1024K, 5 young (5120K), 5 survivors (5120K)
 Metaspace       used 52175K, capacity 53685K, committed 53808K, reserved 1095680K
  class space    used 6677K, capacity 7248K, committed 7296K, reserved 1048576K
}
Event: 6.145 GC heap before
{Heap before GC invocations=21 (full 0):
 garbage-first heap   total 190464K, used 107275K [0x0000000080000000, 0x0000000100000000)
  region size 1024K, 14 young (14336K), 5 survivors (5120K)
 Metaspace       used 52579K, capacity 54155K, committed 54448K, reserved 1095680K
  class space    used 6741K, capacity 7322K, committed 7424K, reserved 1048576K
}
Event: 6.151 GC heap after
{Heap after GC invocations=22 (full 0):
 garbage-first heap   total 190464K, used 103099K [0x0000000080000000, 0x0000000100000000)
  region size 1024K, 6 young (6144K), 6 survivors (6144K)
 Metaspace       used 52579K, capacity 54155K, committed 54448K, reserved 1095680K
  class space    used 6741K, capacity 7322K, committed 7424K, reserved 1048576K
}
Event: 6.598 GC heap before
{Heap before GC invocations=23 (full 0):
 garbage-first heap   total 190464K, used 144059K [0x0000000080000000, 0x0000000100000000)
  region size 1024K, 45 young (46080K), 6 survivors (6144K)
 Metaspace       used 57228K, capacity 58888K, committed 59184K, reserved 1099776K
  class space    used 7300K, capacity 7937K, committed 8064K, reserved 1048576K
}
Event: 6.603 GC heap after
{Heap after GC invocations=24 (full 0):
 garbage-first heap   total 190464K, used 105287K [0x0000000080000000, 0x0000000100000000)
  region size 1024K, 3 young (3072K), 3 survivors (3072K)
 Metaspace       used 57228K, capacity 58888K, committed 59184K, reserved 1099776K
  class space    used 7300K, capacity 7937K, committed 8064K, reserved 1048576K
}
Event: 7.554 GC heap before
{Heap before GC invocations=24 (full 0):
 garbage-first heap   total 190464K, used 144199K [0x0000000080000000, 0x0000000100000000)
  region size 1024K, 42 young (43008K), 3 survivors (3072K)
 Metaspace       used 63635K, capacity 65371K, committed 65584K, reserved 1105920K
  class space    used 8071K, capacity 8761K, committed 8832K, reserved 1048576K
}
Event: 7.560 GC heap after
{Heap after GC invocations=25 (full 0):
 garbage-first heap   total 190464K, used 108244K [0x0000000080000000, 0x0000000100000000)
  region size 1024K, 6 young (6144K), 6 survivors (6144K)
 Metaspace       used 63635K, capacity 65371K, committed 65584K, reserved 1105920K
  class space    used 8071K, capacity 8761K, committed 8832K, reserved 1048576K
}
Event: 7.663 GC heap before
{Heap before GC invocations=26 (full 0):
 garbage-first heap   total 190464K, used 122580K [0x0000000080000000, 0x0000000100000000)
  region size 1024K, 16 young (16384K), 6 survivors (6144K)
 Metaspace       used 63612K, capacity 65326K, committed 65584K, reserved 1105920K
  class space    used 8063K, capacity 8745K, committed 8832K, reserved 1048576K
}
Event: 7.670 GC heap after
{Heap after GC invocations=27 (full 0):
 garbage-first heap   total 190464K, used 115174K [0x0000000080000000, 0x0000000100000000)
  region size 1024K, 5 young (5120K), 5 survivors (5120K)
 Metaspace       used 63612K, capacity 65326K, committed 65584K, reserved 1105920K
  class space    used 8063K, capacity 8745K, committed 8832K, reserved 1048576K
}
Event: 8.064 GC heap before
{Heap before GC invocations=28 (full 0):
 garbage-first heap   total 190464K, used 153062K [0x0000000080000000, 0x0000000100000000)
  region size 1024K, 40 young (40960K), 5 survivors (5120K)
 Metaspace       used 66218K, capacity 67991K, committed 68144K, reserved 1107968K
  class space    used 8395K, capacity 9086K, committed 9088K, reserved 1048576K
}

