# JRE version: OpenJDK Runtime Environment (11.0.15) (build 11.0.15+0-b2043.56-8887301)
# Java VM: OpenJDK 64-Bit Server VM (11.0.15+0-b2043.56-8887301, mixed mode, tiered, compressed oops, g1 gc, windows-amd64)
Heap:
 garbage-first heap   total 704512K, used 212967K [0x0000000080000000, 0x0000000100000000)
  region size 1024K, 2 young (2048K), 2 survivors (2048K)
 Metaspace       used 103854K, capacity 107008K, committed 107088K, reserved 1142784K
  class space    used 13580K, capacity 14795K, committed 14796K, reserved 1048576K
GC Heap History (20 events):
Event: 11.633 GC heap after
{Heap after GC invocations=30 (full 0):
 garbage-first heap   total 210944K, used 129225K [0x0000000080000000, 0x0000000100000000)
  region size 1024K, 2 young (2048K), 2 survivors (2048K)
 Metaspace       used 95933K, capacity 98690K, committed 99280K, reserved 1134592K
  class space    used 12398K, capacity 13447K, committed 13644K, reserved 1048576K
}
Event: 11.861 GC heap before
{Heap before GC invocations=31 (full 0):
 garbage-first heap   total 210944K, used 158921K [0x0000000080000000, 0x0000000100000000)
  region size 1024K, 30 young (30720K), 2 survivors (2048K)
 Metaspace       used 96602K, capacity 99305K, committed 99792K, reserved 1136640K
  class space    used 12494K, capacity 13526K, committed 13644K, reserved 1048576K
}
Event: 11.873 GC heap after
{Heap after GC invocations=32 (full 0):
 garbage-first heap   total 210944K, used 139252K [0x0000000080000000, 0x0000000100000000)
  region size 1024K, 4 young (4096K), 4 survivors (4096K)
 Metaspace       used 96602K, capacity 99305K, committed 99792K, reserved 1136640K
  class space    used 12494K, capacity 13526K, committed 13644K, reserved 1048576K
}
Event: 11.888 GC heap before
{Heap before GC invocations=32 (full 0):
 garbage-first heap   total 210944K, used 143348K [0x0000000080000000, 0x0000000100000000)
  region size 1024K, 9 young (9216K), 4 survivors (4096K)
 Metaspace       used 96603K, capacity 99305K, committed 99792K, reserved 1136640K
  class space    used 12494K, capacity 13526K, committed 13644K, reserved 1048576K
}
Event: 11.898 GC heap after
{Heap after GC invocations=33 (full 0):
 garbage-first heap   total 253952K, used 141556K [0x0000000080000000, 0x0000000100000000)
  region size 1024K, 2 young (2048K), 2 survivors (2048K)
 Metaspace       used 96603K, capacity 99305K, committed 99792K, reserved 1136640K
  class space    used 12494K, capacity 13526K, committed 13644K, reserved 1048576K
}
Event: 12.225 GC heap before
{Heap before GC invocations=34 (full 0):
 garbage-first heap   total 253952K, used 178420K [0x0000000080000000, 0x0000000100000000)
  region size 1024K, 36 young (36864K), 2 survivors (2048K)
 Metaspace       used 99123K, capacity 101932K, committed 102096K, reserved 1136640K
  class space    used 12995K, capacity 14077K, committed 14156K, reserved 1048576K
}
Event: 12.239 GC heap after
{Heap after GC invocations=35 (full 0):
 garbage-first heap   total 253952K, used 156035K [0x0000000080000000, 0x0000000100000000)
  region size 1024K, 5 young (5120K), 5 survivors (5120K)
 Metaspace       used 99123K, capacity 101932K, committed 102096K, reserved 1136640K
  class space    used 12995K, capacity 14077K, committed 14156K, reserved 1048576K
}
Event: 12.342 GC heap before
{Heap before GC invocations=35 (full 0):
 garbage-first heap   total 253952K, used 186755K [0x0000000080000000, 0x0000000100000000)
  region size 1024K, 35 young (35840K), 5 survivors (5120K)
 Metaspace       used 99252K, capacity 102013K, committed 102096K, reserved 1136640K
  class space    used 12995K, capacity 14078K, committed 14156K, reserved 1048576K
}
Event: 12.367 GC heap after
{Heap after GC invocations=36 (full 0):
 garbage-first heap   total 253952K, used 172032K [0x0000000080000000, 0x0000000100000000)
  region size 1024K, 5 young (5120K), 5 survivors (5120K)
 Metaspace       used 99252K, capacity 102013K, committed 102096K, reserved 1136640K
  class space    used 12995K, capacity 14078K, committed 14156K, reserved 1048576K
}
Event: 12.495 GC heap before
{Heap before GC invocations=36 (full 0):
 garbage-first heap   total 253952K, used 196608K [0x0000000080000000, 0x0000000100000000)
  region size 1024K, 29 young (29696K), 5 survivors (5120K)
 Metaspace       used 99265K, capacity 102078K, committed 102352K, reserved 1138688K
  class space    used 12995K, capacity 14078K, committed 14156K, reserved 1048576K
}
Event: 12.508 GC heap after
{Heap after GC invocations=37 (full 0):
 garbage-first heap   total 253952K, used 184763K [0x0000000080000000, 0x0000000100000000)
  region size 1024K, 4 young (4096K), 4 survivors (4096K)
 Metaspace       used 99265K, capacity 102078K, committed 102352K, reserved 1138688K
  class space    used 12995K, capacity 14078K, committed 14156K, reserved 1048576K
}
Event: 12.602 GC heap before
{Heap before GC invocations=38 (full 0):
 garbage-first heap   total 253952K, used 202171K [0x0000000080000000, 0x0000000100000000)
  region size 1024K, 22 young (22528K), 4 survivors (4096K)
 Metaspace       used 99288K, capacity 102078K, committed 102352K, reserved 1138688K
  class space    used 12995K, capacity 14078K, committed 14156K, reserved 1048576K
}
Event: 12.620 GC heap after
{Heap after GC invocations=39 (full 0):
 garbage-first heap   total 438272K, used 194560K [0x0000000080000000, 0x0000000100000000)
  region size 1024K, 3 young (3072K), 3 survivors (3072K)
 Metaspace       used 99288K, capacity 102078K, committed 102352K, reserved 1138688K
  class space    used 12995K, capacity 14078K, committed 14156K, reserved 1048576K
}
Event: 12.786 GC heap before
{Heap before GC invocations=39 (full 0):
 garbage-first heap   total 438272K, used 212992K [0x0000000080000000, 0x0000000100000000)
  region size 1024K, 21 young (21504K), 3 survivors (3072K)
 Metaspace       used 100115K, capacity 102929K, committed 103248K, reserved 1138688K
  class space    used 13130K, capacity 14211K, committed 14284K, reserved 1048576K
}
Event: 12.797 GC heap after
{Heap after GC invocations=40 (full 0):
 garbage-first heap   total 438272K, used 202752K [0x0000000080000000, 0x0000000100000000)
  region size 1024K, 3 young (3072K), 3 survivors (3072K)
 Metaspace       used 100115K, capacity 102929K, committed 103248K, reserved 1138688K
  class space    used 13130K, capacity 14211K, committed 14284K, reserved 1048576K
}
Event: 13.593 GC heap before
{Heap before GC invocations=40 (full 0):
 garbage-first heap   total 438272K, used 271360K [0x0000000080000000, 0x0000000100000000)
  region size 1024K, 70 young (71680K), 3 survivors (3072K)
 Metaspace       used 103032K, capacity 106119K, committed 106320K, reserved 1140736K
  class space    used 13511K, capacity 14709K, committed 14796K, reserved 1048576K
}
Event: 13.620 GC heap after
{Heap after GC invocations=41 (full 0):
 garbage-first heap   total 438272K, used 208444K [0x0000000080000000, 0x0000000100000000)
  region size 1024K, 9 young (9216K), 9 survivors (9216K)
 Metaspace       used 103032K, capacity 106119K, committed 106320K, reserved 1140736K
  class space    used 13511K, capacity 14709K, committed 14796K, reserved 1048576K
}
Event: 14.748 GC heap before
{Heap before GC invocations=42 (full 0):
 garbage-first heap   total 438272K, used 284220K [0x0000000080000000, 0x0000000100000000)
  region size 1024K, 81 young (82944K), 9 survivors (9216K)
 Metaspace       used 103716K, capacity 106840K, committed 107088K, reserved 1142784K
  class space    used 13566K, capacity 14781K, committed 14796K, reserved 1048576K
}
Event: 14.768 GC heap after
{Heap after GC invocations=43 (full 0):
 garbage-first heap   total 438272K, used 215002K [0x0000000080000000, 0x0000000100000000)
  region size 1024K, 10 young (10240K), 10 survivors (10240K)
 Metaspace       used 103716K, capacity 106840K, committed 107088K, reserved 1142784K
  class space    used 13566K, capacity 14781K, committed 14796K, reserved 1048576K
}
Event: 14.861 GC heap before
{Heap before GC invocations=43 (full 0):
 garbage-first heap   total 438272K, used 225242K [0x0000000080000000, 0x0000000100000000)
  region size 1024K, 21 young (21504K), 10 survivors (10240K)
 Metaspace       used 103854K, capacity 107008K, committed 107088K, reserved 1142784K
  class space    used 13580K, capacity 14795K, committed 14796K, reserved 1048576K
}

