# JRE version: OpenJDK Runtime Environment (11.0.15) (build 11.0.15+0-b2043.56-8887301)
# Java VM: OpenJDK 64-Bit Server VM (11.0.15+0-b2043.56-8887301, mixed mode, tiered, compressed oops, g1 gc, windows-amd64)
Heap:
 garbage-first heap   total 366592K, used 193024K [0x0000000080000000, 0x0000000100000000)
  region size 1024K, 5 young (5120K), 5 survivors (5120K)
 Metaspace       used 99039K, capacity 101794K, committed 102044K, reserved 1136640K
  class space    used 12964K, capacity 14035K, committed 14104K, reserved 1048576K
GC Heap History (20 events):
Event: 8.350 GC heap after
{Heap after GC invocations=21 (full 0):
 garbage-first heap   total 175104K, used 67896K [0x0000000080000000, 0x0000000100000000)
  region size 1024K, 9 young (9216K), 9 survivors (9216K)
 Metaspace       used 81593K, capacity 83683K, committed 83740K, reserved 1122304K
  class space    used 10639K, capacity 11412K, committed 11416K, reserved 1048576K
}
Event: 8.871 GC heap before
{Heap before GC invocations=21 (full 0):
 garbage-first heap   total 175104K, used 126264K [0x0000000080000000, 0x0000000100000000)
  region size 1024K, 67 young (68608K), 9 survivors (9216K)
 Metaspace       used 85487K, capacity 87990K, committed 88092K, reserved 1126400K
  class space    used 11153K, capacity 12093K, committed 12184K, reserved 1048576K
}
Event: 8.881 GC heap after
{Heap after GC invocations=22 (full 0):
 garbage-first heap   total 175104K, used 75297K [0x0000000080000000, 0x0000000100000000)
  region size 1024K, 7 young (7168K), 7 survivors (7168K)
 Metaspace       used 85487K, capacity 87990K, committed 88092K, reserved 1126400K
  class space    used 11153K, capacity 12093K, committed 12184K, reserved 1048576K
}
Event: 9.327 GC heap before
{Heap before GC invocations=22 (full 0):
 garbage-first heap   total 175104K, used 130593K [0x0000000080000000, 0x0000000100000000)
  region size 1024K, 62 young (63488K), 7 survivors (7168K)
 Metaspace       used 86286K, capacity 88808K, committed 88860K, reserved 1126400K
  class space    used 11237K, capacity 12183K, committed 12184K, reserved 1048576K
}
Event: 9.337 GC heap after
{Heap after GC invocations=23 (full 0):
 garbage-first heap   total 210944K, used 80805K [0x0000000080000000, 0x0000000100000000)
  region size 1024K, 5 young (5120K), 5 survivors (5120K)
 Metaspace       used 86286K, capacity 88808K, committed 88860K, reserved 1126400K
  class space    used 11237K, capacity 12183K, committed 12184K, reserved 1048576K
}
Event: 9.903 GC heap before
{Heap before GC invocations=23 (full 0):
 garbage-first heap   total 210944K, used 149413K [0x0000000080000000, 0x0000000100000000)
  region size 1024K, 73 young (74752K), 5 survivors (5120K)
 Metaspace       used 88073K, capacity 90736K, committed 91036K, reserved 1128448K
  class space    used 11422K, capacity 12451K, committed 12568K, reserved 1048576K
}
Event: 9.913 GC heap after
{Heap after GC invocations=24 (full 0):
 garbage-first heap   total 210944K, used 84583K [0x0000000080000000, 0x0000000100000000)
  region size 1024K, 9 young (9216K), 9 survivors (9216K)
 Metaspace       used 88073K, capacity 90736K, committed 91036K, reserved 1128448K
  class space    used 11422K, capacity 12451K, committed 12568K, reserved 1048576K
}
Event: 10.202 GC heap before
{Heap before GC invocations=24 (full 0):
 garbage-first heap   total 210944K, used 154215K [0x0000000080000000, 0x0000000100000000)
  region size 1024K, 78 young (79872K), 9 survivors (9216K)
 Metaspace       used 90539K, capacity 93272K, committed 93596K, reserved 1130496K
  class space    used 11734K, capacity 12752K, committed 12824K, reserved 1048576K
}
Event: 10.213 GC heap after
{Heap after GC invocations=25 (full 0):
 garbage-first heap   total 210944K, used 88439K [0x0000000080000000, 0x0000000100000000)
  region size 1024K, 9 young (9216K), 9 survivors (9216K)
 Metaspace       used 90539K, capacity 93272K, committed 93596K, reserved 1130496K
  class space    used 11734K, capacity 12752K, committed 12824K, reserved 1048576K
}
Event: 10.447 GC heap before
{Heap before GC invocations=25 (full 0):
 garbage-first heap   total 210944K, used 168311K [0x0000000080000000, 0x0000000100000000)
  region size 1024K, 75 young (76800K), 9 survivors (9216K)
 Metaspace       used 94705K, capacity 97399K, committed 97436K, reserved 1134592K
  class space    used 12283K, capacity 13315K, committed 13336K, reserved 1048576K
}
Event: 10.469 GC heap after
{Heap after GC invocations=26 (full 0):
 garbage-first heap   total 210944K, used 111540K [0x0000000080000000, 0x0000000100000000)
  region size 1024K, 10 young (10240K), 10 survivors (10240K)
 Metaspace       used 94705K, capacity 97399K, committed 97436K, reserved 1134592K
  class space    used 12283K, capacity 13315K, committed 13336K, reserved 1048576K
}
Event: 10.671 GC heap before
{Heap before GC invocations=27 (full 0):
 garbage-first heap   total 210944K, used 194484K [0x0000000080000000, 0x0000000100000000)
  region size 1024K, 67 young (68608K), 10 survivors (10240K)
 Metaspace       used 95921K, capacity 98624K, committed 99228K, reserved 1134592K
  class space    used 12419K, capacity 13443K, committed 13592K, reserved 1048576K
}
Event: 10.684 GC heap after
{Heap after GC invocations=28 (full 0):
 garbage-first heap   total 261120K, used 131036K [0x0000000080000000, 0x0000000100000000)
  region size 1024K, 9 young (9216K), 9 survivors (9216K)
 Metaspace       used 95921K, capacity 98624K, committed 99228K, reserved 1134592K
  class space    used 12419K, capacity 13443K, committed 13592K, reserved 1048576K
}
Event: 10.737 GC heap before
{Heap before GC invocations=28 (full 0):
 garbage-first heap   total 261120K, used 151516K [0x0000000080000000, 0x0000000100000000)
  region size 1024K, 30 young (30720K), 9 survivors (9216K)
 Metaspace       used 96083K, capacity 98796K, committed 99356K, reserved 1134592K
  class space    used 12427K, capacity 13480K, committed 13720K, reserved 1048576K
}
Event: 10.748 GC heap after
{Heap after GC invocations=29 (full 0):
 garbage-first heap   total 261120K, used 136102K [0x0000000080000000, 0x0000000100000000)
  region size 1024K, 5 young (5120K), 5 survivors (5120K)
 Metaspace       used 96083K, capacity 98796K, committed 99356K, reserved 1134592K
  class space    used 12427K, capacity 13480K, committed 13720K, reserved 1048576K
}
Event: 11.108 GC heap before
{Heap before GC invocations=30 (full 0):
 garbage-first heap   total 261120K, used 191398K [0x0000000080000000, 0x0000000100000000)
  region size 1024K, 56 young (57344K), 5 survivors (5120K)
 Metaspace       used 98948K, capacity 101715K, committed 102044K, reserved 1136640K
  class space    used 12963K, capacity 14033K, committed 14104K, reserved 1048576K
}
Event: 11.130 GC heap after
{Heap after GC invocations=31 (full 0):
 garbage-first heap   total 261120K, used 156912K [0x0000000080000000, 0x0000000100000000)
  region size 1024K, 7 young (7168K), 7 survivors (7168K)
 Metaspace       used 98948K, capacity 101715K, committed 102044K, reserved 1136640K
  class space    used 12963K, capacity 14033K, committed 14104K, reserved 1048576K
}
Event: 11.214 GC heap before
{Heap before GC invocations=31 (full 0):
 garbage-first heap   total 261120K, used 197872K [0x0000000080000000, 0x0000000100000000)
  region size 1024K, 47 young (48128K), 7 survivors (7168K)
 Metaspace       used 99035K, capacity 101794K, committed 102044K, reserved 1136640K
  class space    used 12964K, capacity 14035K, committed 14104K, reserved 1048576K
}
Event: 11.242 GC heap after
{Heap after GC invocations=32 (full 0):
 garbage-first heap   total 261120K, used 178065K [0x0000000080000000, 0x0000000100000000)
  region size 1024K, 6 young (6144K), 6 survivors (6144K)
 Metaspace       used 99035K, capacity 101794K, committed 102044K, reserved 1136640K
  class space    used 12964K, capacity 14035K, committed 14104K, reserved 1048576K
}
Event: 11.312 GC heap before
{Heap before GC invocations=32 (full 0):
 garbage-first heap   total 261120K, used 205713K [0x0000000080000000, 0x0000000100000000)
  region size 1024K, 34 young (34816K), 6 survivors (6144K)
 Metaspace       used 99039K, capacity 101794K, committed 102044K, reserved 1136640K
  class space    used 12964K, capacity 14035K, committed 14104K, reserved 1048576K
}

