# JRE version: OpenJDK Runtime Environment (11.0.15) (build 11.0.15+0-b2043.56-8887301)
# Java VM: OpenJDK 64-Bit Server VM (11.0.15+0-b2043.56-8887301, mixed mode, tiered, compressed oops, g1 gc, windows-amd64)
Heap:
 garbage-first heap   total 714752K, used 313344K [0x0000000080000000, 0x0000000100000000)
  region size 1024K, 3 young (3072K), 3 survivors (3072K)
 Metaspace       used 129534K, capacity 133530K, committed 133704K, reserved 1165312K
  class space    used 16535K, capacity 17964K, committed 18072K, reserved 1048576K
GC Heap History (20 events):
Event: 36.478 GC heap after
{Heap after GC invocations=81 (full 0):
 garbage-first heap   total 305152K, used 227566K [0x0000000080000000, 0x0000000100000000)
  region size 1024K, 1 young (1024K), 1 survivors (1024K)
 Metaspace       used 122817K, capacity 126620K, committed 126920K, reserved 1159168K
  class space    used 15481K, capacity 16853K, committed 16920K, reserved 1048576K
}
Event: 36.617 GC heap before
{Heap before GC invocations=81 (full 0):
 garbage-first heap   total 305152K, used 277742K [0x0000000080000000, 0x0000000100000000)
  region size 1024K, 33 young (33792K), 1 survivors (1024K)
 Metaspace       used 124384K, capacity 128172K, committed 128456K, reserved 1161216K
  class space    used 15700K, capacity 17076K, committed 17176K, reserved 1048576K
}
Event: 36.621 GC heap after
{Heap after GC invocations=82 (full 0):
 garbage-first heap   total 305152K, used 240563K [0x0000000080000000, 0x0000000100000000)
  region size 1024K, 5 young (5120K), 5 survivors (5120K)
 Metaspace       used 124384K, capacity 128172K, committed 128456K, reserved 1161216K
  class space    used 15700K, capacity 17076K, committed 17176K, reserved 1048576K
}
Event: 36.823 GC heap before
{Heap before GC invocations=83 (full 0):
 garbage-first heap   total 305152K, used 275379K [0x0000000080000000, 0x0000000100000000)
  region size 1024K, 29 young (29696K), 5 survivors (5120K)
 Metaspace       used 124682K, capacity 128502K, committed 128712K, reserved 1161216K
  class space    used 15743K, capacity 17143K, committed 17176K, reserved 1048576K
}
Event: 36.833 GC heap after
{Heap after GC invocations=84 (full 0):
 garbage-first heap   total 305152K, used 250792K [0x0000000080000000, 0x0000000100000000)
  region size 1024K, 4 young (4096K), 4 survivors (4096K)
 Metaspace       used 124682K, capacity 128502K, committed 128712K, reserved 1161216K
  class space    used 15743K, capacity 17143K, committed 17176K, reserved 1048576K
}
Event: 36.871 GC heap before
{Heap before GC invocations=84 (full 0):
 garbage-first heap   total 305152K, used 264104K [0x0000000080000000, 0x0000000100000000)
  region size 1024K, 18 young (18432K), 4 survivors (4096K)
 Metaspace       used 124761K, capacity 128647K, committed 128712K, reserved 1161216K
  class space    used 15755K, capacity 17158K, committed 17176K, reserved 1048576K
}
Event: 36.882 GC heap after
{Heap after GC invocations=85 (full 0):
 garbage-first heap   total 305152K, used 255125K [0x0000000080000000, 0x0000000100000000)
  region size 1024K, 3 young (3072K), 3 survivors (3072K)
 Metaspace       used 124761K, capacity 128647K, committed 128712K, reserved 1161216K
  class space    used 15755K, capacity 17158K, committed 17176K, reserved 1048576K
}
Event: 36.920 GC heap before
{Heap before GC invocations=85 (full 0):
 garbage-first heap   total 305152K, used 267413K [0x0000000080000000, 0x0000000100000000)
  region size 1024K, 14 young (14336K), 3 survivors (3072K)
 Metaspace       used 124817K, capacity 128658K, committed 128712K, reserved 1161216K
  class space    used 15762K, capacity 17160K, committed 17176K, reserved 1048576K
}
Event: 36.927 GC heap after
{Heap after GC invocations=86 (full 0):
 garbage-first heap   total 305152K, used 260398K [0x0000000080000000, 0x0000000100000000)
  region size 1024K, 2 young (2048K), 2 survivors (2048K)
 Metaspace       used 124817K, capacity 128658K, committed 128712K, reserved 1161216K
  class space    used 15762K, capacity 17160K, committed 17176K, reserved 1048576K
}
Event: 37.106 GC heap before
{Heap before GC invocations=87 (full 0):
 garbage-first heap   total 305152K, used 272686K [0x0000000080000000, 0x0000000100000000)
  region size 1024K, 14 young (14336K), 2 survivors (2048K)
 Metaspace       used 125391K, capacity 129295K, committed 129352K, reserved 1161216K
  class space    used 15851K, capacity 17273K, committed 17304K, reserved 1048576K
}
Event: 37.115 GC heap after
{Heap after GC invocations=88 (full 0):
 garbage-first heap   total 305152K, used 265216K [0x0000000080000000, 0x0000000100000000)
  region size 1024K, 2 young (2048K), 2 survivors (2048K)
 Metaspace       used 125391K, capacity 129295K, committed 129352K, reserved 1161216K
  class space    used 15851K, capacity 17273K, committed 17304K, reserved 1048576K
}
Event: 37.270 GC heap before
{Heap before GC invocations=88 (full 0):
 garbage-first heap   total 305152K, used 276480K [0x0000000080000000, 0x0000000100000000)
  region size 1024K, 14 young (14336K), 2 survivors (2048K)
 Metaspace       used 127094K, capacity 130989K, committed 131144K, reserved 1163264K
  class space    used 16237K, capacity 17670K, committed 17816K, reserved 1048576K
}
Event: 37.281 GC heap after
{Heap after GC invocations=89 (full 0):
 garbage-first heap   total 390144K, used 261592K [0x0000000080000000, 0x0000000100000000)
  region size 1024K, 2 young (2048K), 2 survivors (2048K)
 Metaspace       used 127094K, capacity 130989K, committed 131144K, reserved 1163264K
  class space    used 16237K, capacity 17670K, committed 17816K, reserved 1048576K
}
Event: 37.455 GC heap before
{Heap before GC invocations=89 (full 0):
 garbage-first heap   total 390144K, used 296408K [0x0000000080000000, 0x0000000100000000)
  region size 1024K, 37 young (37888K), 2 survivors (2048K)
 Metaspace       used 127263K, capacity 131201K, committed 131400K, reserved 1163264K
  class space    used 16238K, capacity 17671K, committed 17816K, reserved 1048576K
}
Event: 37.470 GC heap after
{Heap after GC invocations=90 (full 0):
 garbage-first heap   total 390144K, used 279552K [0x0000000080000000, 0x0000000100000000)
  region size 1024K, 5 young (5120K), 5 survivors (5120K)
 Metaspace       used 127263K, capacity 131201K, committed 131400K, reserved 1163264K
  class space    used 16238K, capacity 17671K, committed 17816K, reserved 1048576K
}
Event: 37.560 GC heap before
{Heap before GC invocations=90 (full 0):
 garbage-first heap   total 390144K, used 308224K [0x0000000080000000, 0x0000000100000000)
  region size 1024K, 34 young (34816K), 5 survivors (5120K)
 Metaspace       used 127273K, capacity 131202K, committed 131400K, reserved 1163264K
  class space    used 16238K, capacity 17671K, committed 17816K, reserved 1048576K
}
Event: 37.575 GC heap after
{Heap after GC invocations=91 (full 0):
 garbage-first heap   total 390144K, used 295312K [0x0000000080000000, 0x0000000100000000)
  region size 1024K, 5 young (5120K), 5 survivors (5120K)
 Metaspace       used 127273K, capacity 131202K, committed 131400K, reserved 1163264K
  class space    used 16238K, capacity 17671K, committed 17816K, reserved 1048576K
}
Event: 37.653 GC heap before
{Heap before GC invocations=91 (full 0):
 garbage-first heap   total 390144K, used 317840K [0x0000000080000000, 0x0000000100000000)
  region size 1024K, 28 young (28672K), 5 survivors (5120K)
 Metaspace       used 127280K, capacity 131202K, committed 131400K, reserved 1163264K
  class space    used 16238K, capacity 17671K, committed 17816K, reserved 1048576K
}
Event: 37.669 GC heap after
{Heap after GC invocations=92 (full 0):
 garbage-first heap   total 390144K, used 308686K [0x0000000080000000, 0x0000000100000000)
  region size 1024K, 4 young (4096K), 4 survivors (4096K)
 Metaspace       used 127280K, capacity 131202K, committed 131400K, reserved 1163264K
  class space    used 16238K, capacity 17671K, committed 17816K, reserved 1048576K
}
Event: 38.032 GC heap before
{Heap before GC invocations=93 (full 0):
 garbage-first heap   total 390144K, used 326094K [0x0000000080000000, 0x0000000100000000)
  region size 1024K, 22 young (22528K), 4 survivors (4096K)
 Metaspace       used 129534K, capacity 133530K, committed 133704K, reserved 1165312K
  class space    used 16535K, capacity 17964K, committed 18072K, reserved 1048576K
}

