# JRE version: OpenJDK Runtime Environment (11.0.15) (build 11.0.15+0-b2043.56-8887301)
# Java VM: OpenJDK 64-Bit Server VM (11.0.15+0-b2043.56-8887301, mixed mode, tiered, compressed oops, g1 gc, windows-amd64)
Heap:
 garbage-first heap   total 617472K, used 316416K [0x0000000080000000, 0x0000000100000000)
  region size 1024K, 4 young (4096K), 4 survivors (4096K)
 Metaspace       used 139421K, capacity 143537K, committed 143740K, reserved 1173504K
  class space    used 17458K, capacity 19039K, committed 19148K, reserved 1048576K
GC Heap History (20 events):
Event: 1122.933 GC heap after
{Heap after GC invocations=110 (full 0):
 garbage-first heap   total 339968K, used 220489K [0x0000000080000000, 0x0000000100000000)
  region size 1024K, 4 young (4096K), 4 survivors (4096K)
 Metaspace       used 130542K, capacity 134210K, committed 134396K, reserved 1167360K
  class space    used 16065K, capacity 17442K, committed 17484K, reserved 1048576K
}
Event: 1123.070 GC heap before
{Heap before GC invocations=111 (full 0):
 garbage-first heap   total 339968K, used 224585K [0x0000000080000000, 0x0000000100000000)
  region size 1024K, 5 young (5120K), 4 survivors (4096K)
 Metaspace       used 130542K, capacity 134210K, committed 134396K, reserved 1167360K
  class space    used 16065K, capacity 17442K, committed 17484K, reserved 1048576K
}
Event: 1123.073 GC heap after
{Heap after GC invocations=112 (full 0):
 garbage-first heap   total 339968K, used 224849K [0x0000000080000000, 0x0000000100000000)
  region size 1024K, 4 young (4096K), 4 survivors (4096K)
 Metaspace       used 130542K, capacity 134210K, committed 134396K, reserved 1167360K
  class space    used 16065K, capacity 17442K, committed 17484K, reserved 1048576K
}
Event: 1123.306 GC heap before
{Heap before GC invocations=113 (full 0):
 garbage-first heap   total 339968K, used 237137K [0x0000000080000000, 0x0000000100000000)
  region size 1024K, 15 young (15360K), 4 survivors (4096K)
 Metaspace       used 133063K, capacity 136751K, committed 136828K, reserved 1169408K
  class space    used 16419K, capacity 17821K, committed 17868K, reserved 1048576K
}
Event: 1123.312 GC heap after
{Heap after GC invocations=114 (full 0):
 garbage-first heap   total 339968K, used 229718K [0x0000000080000000, 0x0000000100000000)
  region size 1024K, 5 young (5120K), 5 survivors (5120K)
 Metaspace       used 133063K, capacity 136751K, committed 136828K, reserved 1169408K
  class space    used 16419K, capacity 17821K, committed 17868K, reserved 1048576K
}
Event: 1123.495 GC heap before
{Heap before GC invocations=115 (full 0):
 garbage-first heap   total 339968K, used 286038K [0x0000000080000000, 0x0000000100000000)
  region size 1024K, 37 young (37888K), 5 survivors (5120K)
 Metaspace       used 133670K, capacity 137384K, committed 137468K, reserved 1169408K
  class space    used 16515K, capacity 17927K, committed 17996K, reserved 1048576K
}
Event: 1123.506 GC heap after
{Heap after GC invocations=116 (full 0):
 garbage-first heap   total 339968K, used 247333K [0x0000000080000000, 0x0000000100000000)
  region size 1024K, 5 young (5120K), 5 survivors (5120K)
 Metaspace       used 133670K, capacity 137384K, committed 137468K, reserved 1169408K
  class space    used 16515K, capacity 17927K, committed 17996K, reserved 1048576K
}
Event: 1123.549 GC heap before
{Heap before GC invocations=116 (full 0):
 garbage-first heap   total 339968K, used 258597K [0x0000000080000000, 0x0000000100000000)
  region size 1024K, 16 young (16384K), 5 survivors (5120K)
 Metaspace       used 133672K, capacity 137384K, committed 137468K, reserved 1169408K
  class space    used 16515K, capacity 17927K, committed 17996K, reserved 1048576K
}
Event: 1123.558 GC heap after
{Heap after GC invocations=117 (full 0):
 garbage-first heap   total 339968K, used 251377K [0x0000000080000000, 0x0000000100000000)
  region size 1024K, 2 young (2048K), 2 survivors (2048K)
 Metaspace       used 133672K, capacity 137384K, committed 137468K, reserved 1169408K
  class space    used 16515K, capacity 17927K, committed 17996K, reserved 1048576K
}
Event: 1123.736 GC heap before
{Heap before GC invocations=117 (full 0):
 garbage-first heap   total 339968K, used 276977K [0x0000000080000000, 0x0000000100000000)
  region size 1024K, 26 young (26624K), 2 survivors (2048K)
 Metaspace       used 135856K, capacity 139721K, committed 139772K, reserved 1171456K
  class space    used 16997K, capacity 18485K, committed 18508K, reserved 1048576K
}
Event: 1123.748 GC heap after
{Heap after GC invocations=118 (full 0):
 garbage-first heap   total 339968K, used 261982K [0x0000000080000000, 0x0000000100000000)
  region size 1024K, 4 young (4096K), 4 survivors (4096K)
 Metaspace       used 135856K, capacity 139721K, committed 139772K, reserved 1171456K
  class space    used 16997K, capacity 18485K, committed 18508K, reserved 1048576K
}
Event: 1123.924 GC heap before
{Heap before GC invocations=118 (full 0):
 garbage-first heap   total 339968K, used 281438K [0x0000000080000000, 0x0000000100000000)
  region size 1024K, 24 young (24576K), 4 survivors (4096K)
 Metaspace       used 135989K, capacity 139822K, committed 140028K, reserved 1171456K
  class space    used 16992K, capacity 18474K, committed 18508K, reserved 1048576K
}
Event: 1123.940 GC heap after
{Heap after GC invocations=119 (full 0):
 garbage-first heap   total 408576K, used 272384K [0x0000000080000000, 0x0000000100000000)
  region size 1024K, 3 young (3072K), 3 survivors (3072K)
 Metaspace       used 135989K, capacity 139822K, committed 140028K, reserved 1171456K
  class space    used 16992K, capacity 18474K, committed 18508K, reserved 1048576K
}
Event: 1124.056 GC heap before
{Heap before GC invocations=120 (full 0):
 garbage-first heap   total 408576K, used 312320K [0x0000000080000000, 0x0000000100000000)
  region size 1024K, 43 young (44032K), 3 survivors (3072K)
 Metaspace       used 136124K, capacity 139971K, committed 140028K, reserved 1171456K
  class space    used 16993K, capacity 18475K, committed 18508K, reserved 1048576K
}
Event: 1124.076 GC heap after
{Heap after GC invocations=121 (full 0):
 garbage-first heap   total 408576K, used 293181K [0x0000000080000000, 0x0000000100000000)
  region size 1024K, 6 young (6144K), 6 survivors (6144K)
 Metaspace       used 136124K, capacity 139971K, committed 140028K, reserved 1171456K
  class space    used 16993K, capacity 18475K, committed 18508K, reserved 1048576K
}
Event: 1124.154 GC heap before
{Heap before GC invocations=121 (full 0):
 garbage-first heap   total 408576K, used 325949K [0x0000000080000000, 0x0000000100000000)
  region size 1024K, 38 young (38912K), 6 survivors (6144K)
 Metaspace       used 136130K, capacity 139971K, committed 140028K, reserved 1171456K
  class space    used 16993K, capacity 18475K, committed 18508K, reserved 1048576K
}
Event: 1124.172 GC heap after
{Heap after GC invocations=122 (full 0):
 garbage-first heap   total 408576K, used 310775K [0x0000000080000000, 0x0000000100000000)
  region size 1024K, 5 young (5120K), 5 survivors (5120K)
 Metaspace       used 136130K, capacity 139971K, committed 140028K, reserved 1171456K
  class space    used 16993K, capacity 18475K, committed 18508K, reserved 1048576K
}
Event: 1124.574 GC heap before
{Heap before GC invocations=122 (full 0):
 garbage-first heap   total 408576K, used 335351K [0x0000000080000000, 0x0000000100000000)
  region size 1024K, 30 young (30720K), 5 survivors (5120K)
 Metaspace       used 138632K, capacity 142594K, committed 142716K, reserved 1173504K
  class space    used 17333K, capacity 18853K, committed 18892K, reserved 1048576K
}
Event: 1124.583 GC heap after
{Heap after GC invocations=123 (full 0):
 garbage-first heap   total 408576K, used 313731K [0x0000000080000000, 0x0000000100000000)
  region size 1024K, 2 young (2048K), 2 survivors (2048K)
 Metaspace       used 138632K, capacity 142594K, committed 142716K, reserved 1173504K
  class space    used 17333K, capacity 18853K, committed 18892K, reserved 1048576K
}
Event: 1124.810 GC heap before
{Heap before GC invocations=123 (full 0):
 garbage-first heap   total 408576K, used 338307K [0x0000000080000000, 0x0000000100000000)
  region size 1024K, 27 young (27648K), 2 survivors (2048K)
 Metaspace       used 139421K, capacity 143537K, committed 143740K, reserved 1173504K
  class space    used 17458K, capacity 19039K, committed 19148K, reserved 1048576K
}

