# JRE version: OpenJDK Runtime Environment (11.0.15) (build 11.0.15+0-b2043.56-8887301)
# Java VM: OpenJDK 64-Bit Server VM (11.0.15+0-b2043.56-8887301, mixed mode, tiered, compressed oops, g1 gc, windows-amd64)
Heap:
 garbage-first heap   total 210944K, used 123907K [0x0000000080000000, 0x0000000100000000)
  region size 1024K, 11 young (11264K), 6 survivors (6144K)
 Metaspace       used 78629K, capacity 80767K, committed 81020K, reserved 1120256K
  class space    used 10246K, capacity 11075K, committed 11212K, reserved 1048576K
GC Heap History (20 events):
Event: 5.192 GC heap before
{Heap before GC invocations=19 (full 0):
 garbage-first heap   total 175104K, used 137906K [0x0000000080000000, 0x0000000100000000)
  region size 1024K, 47 young (48128K), 3 survivors (3072K)
 Metaspace       used 51543K, capacity 53001K, committed 53244K, reserved 1095680K
  class space    used 6639K, capacity 7218K, committed 7244K, reserved 1048576K
}
Event: 5.198 GC heap after
{Heap after GC invocations=20 (full 0):
 garbage-first heap   total 175104K, used 95775K [0x0000000080000000, 0x0000000100000000)
  region size 1024K, 6 young (6144K), 6 survivors (6144K)
 Metaspace       used 51543K, capacity 53001K, committed 53244K, reserved 1095680K
  class space    used 6639K, capacity 7218K, committed 7244K, reserved 1048576K
}
Event: 5.899 GC heap before
{Heap before GC invocations=20 (full 0):
 garbage-first heap   total 175104K, used 136735K [0x0000000080000000, 0x0000000100000000)
  region size 1024K, 47 young (48128K), 6 survivors (6144K)
 Metaspace       used 54963K, capacity 56469K, committed 56572K, reserved 1097728K
  class space    used 7127K, capacity 7728K, committed 7756K, reserved 1048576K
}
Event: 5.910 GC heap after
{Heap after GC invocations=21 (full 0):
 garbage-first heap   total 175104K, used 97367K [0x0000000080000000, 0x0000000100000000)
  region size 1024K, 5 young (5120K), 5 survivors (5120K)
 Metaspace       used 54963K, capacity 56469K, committed 56572K, reserved 1097728K
  class space    used 7127K, capacity 7728K, committed 7756K, reserved 1048576K
}
Event: 6.223 GC heap before
{Heap before GC invocations=22 (full 0):
 garbage-first heap   total 175104K, used 126039K [0x0000000080000000, 0x0000000100000000)
  region size 1024K, 34 young (34816K), 5 survivors (5120K)
 Metaspace       used 57197K, capacity 58863K, committed 59132K, reserved 1099776K
  class space    used 7366K, capacity 7990K, committed 8012K, reserved 1048576K
}
Event: 6.230 GC heap after
{Heap after GC invocations=23 (full 0):
 garbage-first heap   total 175104K, used 99223K [0x0000000080000000, 0x0000000100000000)
  region size 1024K, 4 young (4096K), 4 survivors (4096K)
 Metaspace       used 57197K, capacity 58863K, committed 59132K, reserved 1099776K
  class space    used 7366K, capacity 7990K, committed 8012K, reserved 1048576K
}
Event: 6.298 GC heap before
{Heap before GC invocations=24 (full 0):
 garbage-first heap   total 175104K, used 109463K [0x0000000080000000, 0x0000000100000000)
  region size 1024K, 13 young (13312K), 4 survivors (4096K)
 Metaspace       used 57597K, capacity 59269K, committed 59516K, reserved 1101824K
  class space    used 7430K, capacity 8064K, committed 8140K, reserved 1048576K
}
Event: 6.305 GC heap after
{Heap after GC invocations=25 (full 0):
 garbage-first heap   total 210944K, used 105650K [0x0000000080000000, 0x0000000100000000)
  region size 1024K, 6 young (6144K), 6 survivors (6144K)
 Metaspace       used 57597K, capacity 59269K, committed 59516K, reserved 1101824K
  class space    used 7430K, capacity 8064K, committed 8140K, reserved 1048576K
}
Event: 6.732 GC heap before
{Heap before GC invocations=26 (full 0):
 garbage-first heap   total 210944K, used 151730K [0x0000000080000000, 0x0000000100000000)
  region size 1024K, 50 young (51200K), 6 survivors (6144K)
 Metaspace       used 63268K, capacity 65008K, committed 65148K, reserved 1105920K
  class space    used 8091K, capacity 8781K, committed 8908K, reserved 1048576K
}
Event: 6.736 GC heap after
{Heap after GC invocations=27 (full 0):
 garbage-first heap   total 210944K, used 108036K [0x0000000080000000, 0x0000000100000000)
  region size 1024K, 4 young (4096K), 4 survivors (4096K)
 Metaspace       used 63268K, capacity 65008K, committed 65148K, reserved 1105920K
  class space    used 8091K, capacity 8781K, committed 8908K, reserved 1048576K
}
Event: 7.125 GC heap before
{Heap before GC invocations=27 (full 0):
 garbage-first heap   total 210944K, used 141828K [0x0000000080000000, 0x0000000100000000)
  region size 1024K, 38 young (38912K), 4 survivors (4096K)
 Metaspace       used 68645K, capacity 70644K, committed 70908K, reserved 1110016K
  class space    used 8760K, capacity 9535K, committed 9548K, reserved 1048576K
}
Event: 7.129 GC heap after
{Heap after GC invocations=28 (full 0):
 garbage-first heap   total 210944K, used 110886K [0x0000000080000000, 0x0000000100000000)
  region size 1024K, 6 young (6144K), 6 survivors (6144K)
 Metaspace       used 68645K, capacity 70644K, committed 70908K, reserved 1110016K
  class space    used 8760K, capacity 9535K, committed 9548K, reserved 1048576K
}
Event: 7.531 GC heap before
{Heap before GC invocations=29 (full 0):
 garbage-first heap   total 210944K, used 166182K [0x0000000080000000, 0x0000000100000000)
  region size 1024K, 53 young (54272K), 6 survivors (6144K)
 Metaspace       used 71424K, capacity 73334K, committed 73596K, reserved 1114112K
  class space    used 9106K, capacity 9844K, committed 9932K, reserved 1048576K
}
Event: 7.537 GC heap after
{Heap after GC invocations=30 (full 0):
 garbage-first heap   total 210944K, used 114315K [0x0000000080000000, 0x0000000100000000)
  region size 1024K, 7 young (7168K), 7 survivors (7168K)
 Metaspace       used 71424K, capacity 73334K, committed 73596K, reserved 1114112K
  class space    used 9106K, capacity 9844K, committed 9932K, reserved 1048576K
}
Event: 7.638 GC heap before
{Heap before GC invocations=30 (full 0):
 garbage-first heap   total 210944K, used 124555K [0x0000000080000000, 0x0000000100000000)
  region size 1024K, 18 young (18432K), 7 survivors (7168K)
 Metaspace       used 72311K, capacity 74272K, committed 74492K, reserved 1114112K
  class space    used 9233K, capacity 10006K, committed 10060K, reserved 1048576K
}
Event: 7.642 GC heap after
{Heap after GC invocations=31 (full 0):
 garbage-first heap   total 210944K, used 115853K [0x0000000080000000, 0x0000000100000000)
  region size 1024K, 2 young (2048K), 2 survivors (2048K)
 Metaspace       used 72311K, capacity 74272K, committed 74492K, reserved 1114112K
  class space    used 9233K, capacity 10006K, committed 10060K, reserved 1048576K
}
Event: 8.031 GC heap before
{Heap before GC invocations=32 (full 0):
 garbage-first heap   total 210944K, used 160909K [0x0000000080000000, 0x0000000100000000)
  region size 1024K, 45 young (46080K), 2 survivors (2048K)
 Metaspace       used 73537K, capacity 75567K, committed 75772K, reserved 1114112K
  class space    used 9408K, capacity 10218K, committed 10316K, reserved 1048576K
}
Event: 8.034 GC heap after
{Heap after GC invocations=33 (full 0):
 garbage-first heap   total 210944K, used 117322K [0x0000000080000000, 0x0000000100000000)
  region size 1024K, 3 young (3072K), 3 survivors (3072K)
 Metaspace       used 73537K, capacity 75567K, committed 75772K, reserved 1114112K
  class space    used 9408K, capacity 10218K, committed 10316K, reserved 1048576K
}
Event: 8.519 GC heap before
{Heap before GC invocations=33 (full 0):
 garbage-first heap   total 210944K, used 163402K [0x0000000080000000, 0x0000000100000000)
  region size 1024K, 48 young (49152K), 3 survivors (3072K)
 Metaspace       used 77979K, capacity 80092K, committed 80380K, reserved 1118208K
  class space    used 10138K, capacity 10958K, committed 11084K, reserved 1048576K
}
Event: 8.526 GC heap after
{Heap after GC invocations=34 (full 0):
 garbage-first heap   total 210944K, used 119811K [0x0000000080000000, 0x0000000100000000)
  region size 1024K, 6 young (6144K), 6 survivors (6144K)
 Metaspace       used 77979K, capacity 80092K, committed 80380K, reserved 1118208K
  class space    used 10138K, capacity 10958K, committed 11084K, reserved 1048576K
}

