# JRE version: OpenJDK Runtime Environment (11.0.15) (build 11.0.15+0-b2043.56-8887301)
# Java VM: OpenJDK 64-Bit Server VM (11.0.15+0-b2043.56-8887301, mixed mode, tiered, compressed oops, g1 gc, windows-amd64)
Heap:
 garbage-first heap   total 210944K, used 136827K [0x0000000080000000, 0x0000000100000000)
  region size 1024K, 26 young (26624K), 7 survivors (7168K)
 Metaspace       used 65300K, capacity 67024K, committed 67324K, reserved 1107968K
  class space    used 8285K, capacity 8980K, committed 9088K, reserved 1048576K
GC Heap History (20 events):
Event: 4.519 GC heap before
{Heap before GC invocations=14 (full 0):
 garbage-first heap   total 145408K, used 105904K [0x0000000080000000, 0x0000000100000000)
  region size 1024K, 27 young (27648K), 4 survivors (4096K)
 Metaspace       used 45784K, capacity 47099K, committed 47228K, reserved 1089536K
  class space    used 5848K, capacity 6344K, committed 6400K, reserved 1048576K
}
Event: 4.525 GC heap after
{Heap after GC invocations=15 (full 0):
 garbage-first heap   total 145408K, used 85775K [0x0000000080000000, 0x0000000100000000)
  region size 1024K, 4 young (4096K), 4 survivors (4096K)
 Metaspace       used 45784K, capacity 47099K, committed 47228K, reserved 1089536K
  class space    used 5848K, capacity 6344K, committed 6400K, reserved 1048576K
}
Event: 4.714 GC heap before
{Heap before GC invocations=16 (full 0):
 garbage-first heap   total 145408K, used 113423K [0x0000000080000000, 0x0000000100000000)
  region size 1024K, 30 young (30720K), 4 survivors (4096K)
 Metaspace       used 47290K, capacity 48634K, committed 48892K, reserved 1091584K
  class space    used 5969K, capacity 6467K, committed 6528K, reserved 1048576K
}
Event: 4.717 GC heap after
{Heap after GC invocations=17 (full 0):
 garbage-first heap   total 175104K, used 87734K [0x0000000080000000, 0x0000000100000000)
  region size 1024K, 3 young (3072K), 3 survivors (3072K)
 Metaspace       used 47290K, capacity 48634K, committed 48892K, reserved 1091584K
  class space    used 5969K, capacity 6467K, committed 6528K, reserved 1048576K
}
Event: 4.856 GC heap before
{Heap before GC invocations=17 (full 0):
 garbage-first heap   total 175104K, used 102070K [0x0000000080000000, 0x0000000100000000)
  region size 1024K, 18 young (18432K), 3 survivors (3072K)
 Metaspace       used 48542K, capacity 49885K, committed 50172K, reserved 1093632K
  class space    used 6176K, capacity 6692K, committed 6784K, reserved 1048576K
}
Event: 4.860 GC heap after
{Heap after GC invocations=18 (full 0):
 garbage-first heap   total 175104K, used 88509K [0x0000000080000000, 0x0000000100000000)
  region size 1024K, 3 young (3072K), 3 survivors (3072K)
 Metaspace       used 48542K, capacity 49885K, committed 50172K, reserved 1093632K
  class space    used 6176K, capacity 6692K, committed 6784K, reserved 1048576K
}
Event: 5.204 GC heap before
{Heap before GC invocations=19 (full 0):
 garbage-first heap   total 175104K, used 135613K [0x0000000080000000, 0x0000000100000000)
  region size 1024K, 44 young (45056K), 3 survivors (3072K)
 Metaspace       used 51437K, capacity 52934K, committed 53244K, reserved 1095680K
  class space    used 6634K, capacity 7218K, committed 7296K, reserved 1048576K
}
Event: 5.207 GC heap after
{Heap after GC invocations=20 (full 0):
 garbage-first heap   total 175104K, used 95821K [0x0000000080000000, 0x0000000100000000)
  region size 1024K, 6 young (6144K), 6 survivors (6144K)
 Metaspace       used 51437K, capacity 52934K, committed 53244K, reserved 1095680K
  class space    used 6634K, capacity 7218K, committed 7296K, reserved 1048576K
}
Event: 5.487 GC heap before
{Heap before GC invocations=20 (full 0):
 garbage-first heap   total 175104K, used 120397K [0x0000000080000000, 0x0000000100000000)
  region size 1024K, 32 young (32768K), 6 survivors (6144K)
 Metaspace       used 52212K, capacity 53802K, committed 54012K, reserved 1095680K
  class space    used 6681K, capacity 7285K, committed 7296K, reserved 1048576K
}
Event: 5.494 GC heap after
{Heap after GC invocations=21 (full 0):
 garbage-first heap   total 175104K, used 97670K [0x0000000080000000, 0x0000000100000000)
  region size 1024K, 5 young (5120K), 5 survivors (5120K)
 Metaspace       used 52212K, capacity 53802K, committed 54012K, reserved 1095680K
  class space    used 6681K, capacity 7285K, committed 7296K, reserved 1048576K
}
Event: 5.559 GC heap before
{Heap before GC invocations=22 (full 0):
 garbage-first heap   total 175104K, used 107910K [0x0000000080000000, 0x0000000100000000)
  region size 1024K, 14 young (14336K), 5 survivors (5120K)
 Metaspace       used 52617K, capacity 54208K, committed 54396K, reserved 1095680K
  class space    used 6745K, capacity 7359K, committed 7424K, reserved 1048576K
}
Event: 5.568 GC heap after
{Heap after GC invocations=23 (full 0):
 garbage-first heap   total 175104K, used 103778K [0x0000000080000000, 0x0000000100000000)
  region size 1024K, 6 young (6144K), 6 survivors (6144K)
 Metaspace       used 52617K, capacity 54208K, committed 54396K, reserved 1095680K
  class space    used 6745K, capacity 7359K, committed 7424K, reserved 1048576K
}
Event: 5.823 GC heap before
{Heap before GC invocations=24 (full 0):
 garbage-first heap   total 175104K, used 133474K [0x0000000080000000, 0x0000000100000000)
  region size 1024K, 35 young (35840K), 6 survivors (6144K)
 Metaspace       used 55774K, capacity 57441K, committed 57596K, reserved 1099776K
  class space    used 7144K, capacity 7772K, committed 7808K, reserved 1048576K
}
Event: 5.826 GC heap after
{Heap after GC invocations=25 (full 0):
 garbage-first heap   total 175104K, used 106422K [0x0000000080000000, 0x0000000100000000)
  region size 1024K, 3 young (3072K), 3 survivors (3072K)
 Metaspace       used 55774K, capacity 57441K, committed 57596K, reserved 1099776K
  class space    used 7144K, capacity 7772K, committed 7808K, reserved 1048576K
}
Event: 6.110 GC heap before
{Heap before GC invocations=25 (full 0):
 garbage-first heap   total 175104K, used 136118K [0x0000000080000000, 0x0000000100000000)
  region size 1024K, 32 young (32768K), 3 survivors (3072K)
 Metaspace       used 60003K, capacity 61711K, committed 61948K, reserved 1103872K
  class space    used 7615K, capacity 8303K, committed 8320K, reserved 1048576K
}
Event: 6.114 GC heap after
{Heap after GC invocations=26 (full 0):
 garbage-first heap   total 175104K, used 107384K [0x0000000080000000, 0x0000000100000000)
  region size 1024K, 2 young (2048K), 2 survivors (2048K)
 Metaspace       used 60003K, capacity 61711K, committed 61948K, reserved 1103872K
  class space    used 7615K, capacity 8303K, committed 8320K, reserved 1048576K
}
Event: 6.410 GC heap before
{Heap before GC invocations=27 (full 0):
 garbage-first heap   total 175104K, used 126840K [0x0000000080000000, 0x0000000100000000)
  region size 1024K, 22 young (22528K), 2 survivors (2048K)
 Metaspace       used 63614K, capacity 65370K, committed 65532K, reserved 1105920K
  class space    used 8064K, capacity 8780K, committed 8832K, reserved 1048576K
}
Event: 6.415 GC heap after
{Heap after GC invocations=28 (full 0):
 garbage-first heap   total 210944K, used 109511K [0x0000000080000000, 0x0000000100000000)
  region size 1024K, 4 young (4096K), 4 survivors (4096K)
 Metaspace       used 63614K, capacity 65370K, committed 65532K, reserved 1105920K
  class space    used 8064K, capacity 8780K, committed 8832K, reserved 1048576K
}
Event: 6.475 GC heap before
{Heap before GC invocations=29 (full 0):
 garbage-first heap   total 210944K, used 123847K [0x0000000080000000, 0x0000000100000000)
  region size 1024K, 14 young (14336K), 4 survivors (4096K)
 Metaspace       used 63619K, capacity 65376K, committed 65532K, reserved 1105920K
  class space    used 8065K, capacity 8781K, committed 8832K, reserved 1048576K
}
Event: 6.480 GC heap after
{Heap after GC invocations=30 (full 0):
 garbage-first heap   total 210944K, used 116347K [0x0000000080000000, 0x0000000100000000)
  region size 1024K, 7 young (7168K), 7 survivors (7168K)
 Metaspace       used 63619K, capacity 65376K, committed 65532K, reserved 1105920K
  class space    used 8065K, capacity 8781K, committed 8832K, reserved 1048576K
}

