# JRE version: OpenJDK Runtime Environment (11.0.15) (build 11.0.15+0-b2043.56-8887301)
# Java VM: OpenJDK 64-Bit Server VM (11.0.15+0-b2043.56-8887301, mixed mode, tiered, compressed oops, g1 gc, windows-amd64)
Heap:
 garbage-first heap   total 210944K, used 136584K [0x0000000080000000, 0x0000000100000000)
  region size 1024K, 33 young (33792K), 3 survivors (3072K)
 Metaspace       used 60020K, capacity 61742K, committed 62076K, reserved 1103872K
  class space    used 7627K, capacity 8336K, committed 8448K, reserved 1048576K
GC Heap History (20 events):
Event: 4.296 GC heap before
{Heap before GC invocations=13 (full 0):
 garbage-first heap   total 120832K, used 88729K [0x0000000080000000, 0x0000000100000000)
  region size 1024K, 29 young (29696K), 5 survivors (5120K)
 Metaspace       used 43154K, capacity 44356K, committed 44540K, reserved 1087488K
  class space    used 5510K, capacity 5928K, committed 6016K, reserved 1048576K
}
Event: 4.300 GC heap after
{Heap after GC invocations=14 (full 0):
 garbage-first heap   total 120832K, used 62089K [0x0000000080000000, 0x0000000100000000)
  region size 1024K, 3 young (3072K), 3 survivors (3072K)
 Metaspace       used 43154K, capacity 44356K, committed 44540K, reserved 1087488K
  class space    used 5510K, capacity 5928K, committed 6016K, reserved 1048576K
}
Event: 4.503 GC heap before
{Heap before GC invocations=14 (full 0):
 garbage-first heap   total 120832K, used 79497K [0x0000000080000000, 0x0000000100000000)
  region size 1024K, 22 young (22528K), 3 survivors (3072K)
 Metaspace       used 44490K, capacity 45708K, committed 45948K, reserved 1089536K
  class space    used 5698K, capacity 6117K, committed 6144K, reserved 1048576K
}
Event: 4.507 GC heap after
{Heap after GC invocations=15 (full 0):
 garbage-first heap   total 145408K, used 62885K [0x0000000080000000, 0x0000000100000000)
  region size 1024K, 3 young (3072K), 3 survivors (3072K)
 Metaspace       used 44490K, capacity 45708K, committed 45948K, reserved 1089536K
  class space    used 5698K, capacity 6117K, committed 6144K, reserved 1048576K
}
Event: 4.537 GC heap before
{Heap before GC invocations=16 (full 0):
 garbage-first heap   total 145408K, used 78245K [0x0000000080000000, 0x0000000100000000)
  region size 1024K, 4 young (4096K), 3 survivors (3072K)
 Metaspace       used 44490K, capacity 45708K, committed 45948K, reserved 1089536K
  class space    used 5698K, capacity 6117K, committed 6144K, reserved 1048576K
}
Event: 4.540 GC heap after
{Heap after GC invocations=17 (full 0):
 garbage-first heap   total 145408K, used 78806K [0x0000000080000000, 0x0000000100000000)
  region size 1024K, 3 young (3072K), 3 survivors (3072K)
 Metaspace       used 44490K, capacity 45708K, committed 45948K, reserved 1089536K
  class space    used 5698K, capacity 6117K, committed 6144K, reserved 1048576K
}
Event: 4.721 GC heap before
{Heap before GC invocations=18 (full 0):
 garbage-first heap   total 145408K, used 106454K [0x0000000080000000, 0x0000000100000000)
  region size 1024K, 27 young (27648K), 3 survivors (3072K)
 Metaspace       used 45762K, capacity 47103K, committed 47228K, reserved 1089536K
  class space    used 5847K, capacity 6344K, committed 6400K, reserved 1048576K
}
Event: 4.728 GC heap after
{Heap after GC invocations=19 (full 0):
 garbage-first heap   total 145408K, used 87095K [0x0000000080000000, 0x0000000100000000)
  region size 1024K, 4 young (4096K), 4 survivors (4096K)
 Metaspace       used 45762K, capacity 47103K, committed 47228K, reserved 1089536K
  class space    used 5847K, capacity 6344K, committed 6400K, reserved 1048576K
}
Event: 4.905 GC heap before
{Heap before GC invocations=20 (full 0):
 garbage-first heap   total 145408K, used 114743K [0x0000000080000000, 0x0000000100000000)
  region size 1024K, 30 young (30720K), 4 survivors (4096K)
 Metaspace       used 47254K, capacity 48638K, committed 48892K, reserved 1091584K
  class space    used 5968K, capacity 6467K, committed 6528K, reserved 1048576K
}
Event: 4.909 GC heap after
{Heap after GC invocations=21 (full 0):
 garbage-first heap   total 145408K, used 88900K [0x0000000080000000, 0x0000000100000000)
  region size 1024K, 3 young (3072K), 3 survivors (3072K)
 Metaspace       used 47254K, capacity 48638K, committed 48892K, reserved 1091584K
  class space    used 5968K, capacity 6467K, committed 6528K, reserved 1048576K
}
Event: 5.038 GC heap before
{Heap before GC invocations=21 (full 0):
 garbage-first heap   total 145408K, used 103236K [0x0000000080000000, 0x0000000100000000)
  region size 1024K, 18 young (18432K), 3 survivors (3072K)
 Metaspace       used 48512K, capacity 49889K, committed 50172K, reserved 1093632K
  class space    used 6175K, capacity 6692K, committed 6784K, reserved 1048576K
}
Event: 5.043 GC heap after
{Heap after GC invocations=22 (full 0):
 garbage-first heap   total 175104K, used 89676K [0x0000000080000000, 0x0000000100000000)
  region size 1024K, 3 young (3072K), 3 survivors (3072K)
 Metaspace       used 48512K, capacity 49889K, committed 50172K, reserved 1093632K
  class space    used 6175K, capacity 6692K, committed 6784K, reserved 1048576K
}
Event: 5.396 GC heap before
{Heap before GC invocations=23 (full 0):
 garbage-first heap   total 175104K, used 134732K [0x0000000080000000, 0x0000000100000000)
  region size 1024K, 42 young (43008K), 3 survivors (3072K)
 Metaspace       used 51290K, capacity 52755K, committed 52988K, reserved 1095680K
  class space    used 6616K, capacity 7178K, committed 7296K, reserved 1048576K
}
Event: 5.401 GC heap after
{Heap after GC invocations=24 (full 0):
 garbage-first heap   total 175104K, used 97385K [0x0000000080000000, 0x0000000100000000)
  region size 1024K, 6 young (6144K), 6 survivors (6144K)
 Metaspace       used 51290K, capacity 52755K, committed 52988K, reserved 1095680K
  class space    used 6616K, capacity 7178K, committed 7296K, reserved 1048576K
}
Event: 5.707 GC heap before
{Heap before GC invocations=24 (full 0):
 garbage-first heap   total 175104K, used 124009K [0x0000000080000000, 0x0000000100000000)
  region size 1024K, 34 young (34816K), 6 survivors (6144K)
 Metaspace       used 52150K, capacity 53666K, committed 53756K, reserved 1095680K
  class space    used 6681K, capacity 7283K, committed 7296K, reserved 1048576K
}
Event: 5.713 GC heap after
{Heap after GC invocations=25 (full 0):
 garbage-first heap   total 175104K, used 98806K [0x0000000080000000, 0x0000000100000000)
  region size 1024K, 5 young (5120K), 5 survivors (5120K)
 Metaspace       used 52150K, capacity 53666K, committed 53756K, reserved 1095680K
  class space    used 6681K, capacity 7283K, committed 7296K, reserved 1048576K
}
Event: 5.780 GC heap before
{Heap before GC invocations=26 (full 0):
 garbage-first heap   total 175104K, used 109046K [0x0000000080000000, 0x0000000100000000)
  region size 1024K, 14 young (14336K), 5 survivors (5120K)
 Metaspace       used 52558K, capacity 54200K, committed 54396K, reserved 1095680K
  class space    used 6745K, capacity 7357K, committed 7424K, reserved 1048576K
}
Event: 5.786 GC heap after
{Heap after GC invocations=27 (full 0):
 garbage-first heap   total 175104K, used 105077K [0x0000000080000000, 0x0000000100000000)
  region size 1024K, 6 young (6144K), 6 survivors (6144K)
 Metaspace       used 52558K, capacity 54200K, committed 54396K, reserved 1095680K
  class space    used 6745K, capacity 7357K, committed 7424K, reserved 1048576K
}
Event: 6.033 GC heap before
{Heap before GC invocations=28 (full 0):
 garbage-first heap   total 175104K, used 135797K [0x0000000080000000, 0x0000000100000000)
  region size 1024K, 35 young (35840K), 6 survivors (6144K)
 Metaspace       used 55721K, capacity 57305K, committed 57596K, reserved 1099776K
  class space    used 7144K, capacity 7770K, committed 7808K, reserved 1048576K
}
Event: 6.037 GC heap after
{Heap after GC invocations=29 (full 0):
 garbage-first heap   total 210944K, used 106888K [0x0000000080000000, 0x0000000100000000)
  region size 1024K, 3 young (3072K), 3 survivors (3072K)
 Metaspace       used 55721K, capacity 57305K, committed 57596K, reserved 1099776K
  class space    used 7144K, capacity 7770K, committed 7808K, reserved 1048576K
}

