# JRE version: OpenJDK Runtime Environment (11.0.15) (build 11.0.15+0-b2043.56-8887301)
# Java VM: OpenJDK 64-Bit Server VM (11.0.15+0-b2043.56-8887301, mixed mode, tiered, compressed oops, g1 gc, windows-amd64)
Heap:
 garbage-first heap   total 437248K, used 227585K [0x0000000080000000, 0x0000000100000000)
  region size 1024K, 9 young (9216K), 9 survivors (9216K)
 Metaspace       used 104649K, capacity 107733K, committed 107952K, reserved 1142784K
  class space    used 13656K, capacity 14859K, committed 15000K, reserved 1048576K
GC Heap History (20 events):
Event: 11.140 GC heap after
{Heap after GC invocations=27 (full 0):
 garbage-first heap   total 262144K, used 138712K [0x0000000080000000, 0x0000000100000000)
  region size 1024K, 8 young (8192K), 8 survivors (8192K)
 Metaspace       used 96666K, capacity 99405K, committed 100016K, reserved 1136640K
  class space    used 12490K, capacity 13533K, committed 13720K, reserved 1048576K
}
Event: 11.574 GC heap before
{Heap before GC invocations=28 (full 0):
 garbage-first heap   total 262144K, used 205272K [0x0000000080000000, 0x0000000100000000)
  region size 1024K, 72 young (73728K), 8 survivors (8192K)
 Metaspace       used 99305K, capacity 102152K, committed 102320K, reserved 1138688K
  class space    used 12999K, capacity 14100K, committed 14232K, reserved 1048576K
}
Event: 11.605 GC heap after
{Heap after GC invocations=29 (full 0):
 garbage-first heap   total 262144K, used 168884K [0x0000000080000000, 0x0000000100000000)
  region size 1024K, 9 young (9216K), 9 survivors (9216K)
 Metaspace       used 99305K, capacity 102152K, committed 102320K, reserved 1138688K
  class space    used 12999K, capacity 14100K, committed 14232K, reserved 1048576K
}
Event: 11.749 GC heap before
{Heap before GC invocations=29 (full 0):
 garbage-first heap   total 262144K, used 205748K [0x0000000080000000, 0x0000000100000000)
  region size 1024K, 45 young (46080K), 9 survivors (9216K)
 Metaspace       used 99350K, capacity 102153K, committed 102320K, reserved 1138688K
  class space    used 12999K, capacity 14100K, committed 14232K, reserved 1048576K
}
Event: 11.776 GC heap after
{Heap after GC invocations=30 (full 0):
 garbage-first heap   total 262144K, used 188928K [0x0000000080000000, 0x0000000100000000)
  region size 1024K, 6 young (6144K), 6 survivors (6144K)
 Metaspace       used 99350K, capacity 102153K, committed 102320K, reserved 1138688K
  class space    used 12999K, capacity 14100K, committed 14232K, reserved 1048576K
}
Event: 11.989 GC heap before
{Heap before GC invocations=30 (full 0):
 garbage-first heap   total 262144K, used 212480K [0x0000000080000000, 0x0000000100000000)
  region size 1024K, 29 young (29696K), 6 survivors (6144K)
 Metaspace       used 99949K, capacity 102720K, committed 102832K, reserved 1138688K
  class space    used 13096K, capacity 14182K, committed 14232K, reserved 1048576K
}
Event: 12.002 GC heap after
{Heap after GC invocations=31 (full 0):
 garbage-first heap   total 262144K, used 201216K [0x0000000080000000, 0x0000000100000000)
  region size 1024K, 4 young (4096K), 4 survivors (4096K)
 Metaspace       used 99949K, capacity 102720K, committed 102832K, reserved 1138688K
  class space    used 13096K, capacity 14182K, committed 14232K, reserved 1048576K
}
Event: 12.262 GC heap before
{Heap before GC invocations=32 (full 0):
 garbage-first heap   total 262144K, used 216576K [0x0000000080000000, 0x0000000100000000)
  region size 1024K, 20 young (20480K), 4 survivors (4096K)
 Metaspace       used 101695K, capacity 104552K, committed 104624K, reserved 1140736K
  class space    used 13319K, capacity 14425K, committed 14488K, reserved 1048576K
}
Event: 12.271 GC heap after
{Heap after GC invocations=33 (full 0):
 garbage-first heap   total 367616K, used 204026K [0x0000000080000000, 0x0000000100000000)
  region size 1024K, 2 young (2048K), 2 survivors (2048K)
 Metaspace       used 101695K, capacity 104552K, committed 104624K, reserved 1140736K
  class space    used 13319K, capacity 14425K, committed 14488K, reserved 1048576K
}
Event: 12.466 GC heap before
{Heap before GC invocations=33 (full 0):
 garbage-first heap   total 367616K, used 218362K [0x0000000080000000, 0x0000000100000000)
  region size 1024K, 17 young (17408K), 2 survivors (2048K)
 Metaspace       used 102548K, capacity 105557K, committed 105904K, reserved 1140736K
  class space    used 13446K, capacity 14633K, committed 14744K, reserved 1048576K
}
Event: 12.472 GC heap after
{Heap after GC invocations=34 (full 0):
 garbage-first heap   total 367616K, used 204487K [0x0000000080000000, 0x0000000100000000)
  region size 1024K, 2 young (2048K), 2 survivors (2048K)
 Metaspace       used 102548K, capacity 105557K, committed 105904K, reserved 1140736K
  class space    used 13446K, capacity 14633K, committed 14744K, reserved 1048576K
}
Event: 12.839 GC heap before
{Heap before GC invocations=34 (full 0):
 garbage-first heap   total 367616K, used 257735K [0x0000000080000000, 0x0000000100000000)
  region size 1024K, 54 young (55296K), 2 survivors (2048K)
 Metaspace       used 103397K, capacity 106500K, committed 106800K, reserved 1140736K
  class space    used 13541K, capacity 14764K, committed 14872K, reserved 1048576K
}
Event: 12.851 GC heap after
{Heap after GC invocations=35 (full 0):
 garbage-first heap   total 367616K, used 209428K [0x0000000080000000, 0x0000000100000000)
  region size 1024K, 7 young (7168K), 7 survivors (7168K)
 Metaspace       used 103397K, capacity 106500K, committed 106800K, reserved 1140736K
  class space    used 13541K, capacity 14764K, committed 14872K, reserved 1048576K
}
Event: 13.513 GC heap before
{Heap before GC invocations=36 (full 0):
 garbage-first heap   total 367616K, used 264724K [0x0000000080000000, 0x0000000100000000)
  region size 1024K, 62 young (63488K), 7 survivors (7168K)
 Metaspace       used 103563K, capacity 106640K, committed 107056K, reserved 1142784K
  class space    used 13540K, capacity 14734K, committed 14872K, reserved 1048576K
}
Event: 13.527 GC heap after
{Heap after GC invocations=37 (full 0):
 garbage-first heap   total 367616K, used 210745K [0x0000000080000000, 0x0000000100000000)
  region size 1024K, 4 young (4096K), 4 survivors (4096K)
 Metaspace       used 103563K, capacity 106640K, committed 107056K, reserved 1142784K
  class space    used 13540K, capacity 14734K, committed 14872K, reserved 1048576K
}
Event: 13.741 GC heap before
{Heap before GC invocations=37 (full 0):
 garbage-first heap   total 367616K, used 227129K [0x0000000080000000, 0x0000000100000000)
  region size 1024K, 17 young (17408K), 4 survivors (4096K)
 Metaspace       used 103746K, capacity 106836K, committed 107056K, reserved 1142784K
  class space    used 13559K, capacity 14776K, committed 14872K, reserved 1048576K
}
Event: 13.756 GC heap after
{Heap after GC invocations=38 (full 0):
 garbage-first heap   total 367616K, used 207694K [0x0000000080000000, 0x0000000100000000)
  region size 1024K, 2 young (2048K), 2 survivors (2048K)
 Metaspace       used 103746K, capacity 106836K, committed 107056K, reserved 1142784K
  class space    used 13559K, capacity 14776K, committed 14872K, reserved 1048576K
}
Event: 13.982 GC heap before
{Heap before GC invocations=38 (full 0):
 garbage-first heap   total 367616K, used 244558K [0x0000000080000000, 0x0000000100000000)
  region size 1024K, 40 young (40960K), 2 survivors (2048K)
 Metaspace       used 104463K, capacity 107601K, committed 107952K, reserved 1142784K
  class space    used 13636K, capacity 14861K, committed 15000K, reserved 1048576K
}
Event: 13.990 GC heap after
{Heap after GC invocations=39 (full 0):
 garbage-first heap   total 367616K, used 213679K [0x0000000080000000, 0x0000000100000000)
  region size 1024K, 8 young (8192K), 8 survivors (8192K)
 Metaspace       used 104463K, capacity 107601K, committed 107952K, reserved 1142784K
  class space    used 13636K, capacity 14861K, committed 15000K, reserved 1048576K
}
Event: 14.419 GC heap before
{Heap before GC invocations=40 (full 0):
 garbage-first heap   total 367616K, used 280239K [0x0000000080000000, 0x0000000100000000)
  region size 1024K, 69 young (70656K), 8 survivors (8192K)
 Metaspace       used 104649K, capacity 107733K, committed 107952K, reserved 1142784K
  class space    used 13656K, capacity 14859K, committed 15000K, reserved 1048576K
}

