# JRE version: OpenJDK Runtime Environment (11.0.15) (build 11.0.15+0-b2043.56-8887301)
# Java VM: OpenJDK 64-Bit Server VM (11.0.15+0-b2043.56-8887301, mixed mode, tiered, compressed oops, g1 gc, windows-amd64)
Heap:
 garbage-first heap   total 305152K, used 244736K [0x0000000080000000, 0x0000000100000000)
  region size 1024K, 71 young (72704K), 10 survivors (10240K)
 Metaspace       used 110413K, capacity 113793K, committed 113916K, reserved 1148928K
  class space    used 13924K, capacity 15125K, committed 15232K, reserved 1048576K
GC Heap History (20 events):
Event: 22.726 GC heap before
{Heap before GC invocations=58 (full 0):
 garbage-first heap   total 210944K, used 175952K [0x0000000080000000, 0x0000000100000000)
  region size 1024K, 17 young (17408K), 2 survivors (2048K)
 Metaspace       used 85735K, capacity 87968K, committed 88188K, reserved 1126400K
  class space    used 11119K, capacity 11990K, committed 12032K, reserved 1048576K
}
Event: 22.729 GC heap after
{Heap after GC invocations=59 (full 0):
 garbage-first heap   total 210944K, used 160845K [0x0000000080000000, 0x0000000100000000)
  region size 1024K, 2 young (2048K), 2 survivors (2048K)
 Metaspace       used 85735K, capacity 87968K, committed 88188K, reserved 1126400K
  class space    used 11119K, capacity 11990K, committed 12032K, reserved 1048576K
}
Event: 23.087 GC heap before
{Heap before GC invocations=59 (full 0):
 garbage-first heap   total 210944K, used 176205K [0x0000000080000000, 0x0000000100000000)
  region size 1024K, 18 young (18432K), 2 survivors (2048K)
 Metaspace       used 86279K, capacity 88647K, committed 88828K, reserved 1126400K
  class space    used 11183K, capacity 12065K, committed 12160K, reserved 1048576K
}
Event: 23.092 GC heap after
{Heap after GC invocations=60 (full 0):
 garbage-first heap   total 210944K, used 161988K [0x0000000080000000, 0x0000000100000000)
  region size 1024K, 3 young (3072K), 3 survivors (3072K)
 Metaspace       used 86279K, capacity 88647K, committed 88828K, reserved 1126400K
  class space    used 11183K, capacity 12065K, committed 12160K, reserved 1048576K
}
Event: 23.374 GC heap before
{Heap before GC invocations=61 (full 0):
 garbage-first heap   total 210944K, used 178372K [0x0000000080000000, 0x0000000100000000)
  region size 1024K, 19 young (19456K), 3 survivors (3072K)
 Metaspace       used 86784K, capacity 89163K, committed 89468K, reserved 1126400K
  class space    used 11239K, capacity 12169K, committed 12288K, reserved 1048576K
}
Event: 23.381 GC heap after
{Heap after GC invocations=62 (full 0):
 garbage-first heap   total 253952K, used 162193K [0x0000000080000000, 0x0000000100000000)
  region size 1024K, 2 young (2048K), 2 survivors (2048K)
 Metaspace       used 86784K, capacity 89163K, committed 89468K, reserved 1126400K
  class space    used 11239K, capacity 12169K, committed 12288K, reserved 1048576K
}
Event: 23.931 GC heap before
{Heap before GC invocations=62 (full 0):
 garbage-first heap   total 253952K, used 199057K [0x0000000080000000, 0x0000000100000000)
  region size 1024K, 38 young (38912K), 2 survivors (2048K)
 Metaspace       used 88717K, capacity 91193K, committed 91388K, reserved 1128448K
  class space    used 11495K, capacity 12397K, committed 12416K, reserved 1048576K
}
Event: 23.939 GC heap after
{Heap after GC invocations=63 (full 0):
 garbage-first heap   total 253952K, used 164007K [0x0000000080000000, 0x0000000100000000)
  region size 1024K, 4 young (4096K), 4 survivors (4096K)
 Metaspace       used 88717K, capacity 91193K, committed 91388K, reserved 1128448K
  class space    used 11495K, capacity 12397K, committed 12416K, reserved 1048576K
}
Event: 24.177 GC heap before
{Heap before GC invocations=64 (full 0):
 garbage-first heap   total 253952K, used 202919K [0x0000000080000000, 0x0000000100000000)
  region size 1024K, 42 young (43008K), 4 survivors (4096K)
 Metaspace       used 91071K, capacity 93568K, committed 93692K, reserved 1130496K
  class space    used 11699K, capacity 12589K, committed 12672K, reserved 1048576K
}
Event: 24.183 GC heap after
{Heap after GC invocations=65 (full 0):
 garbage-first heap   total 253952K, used 164158K [0x0000000080000000, 0x0000000100000000)
  region size 1024K, 3 young (3072K), 3 survivors (3072K)
 Metaspace       used 91071K, capacity 93568K, committed 93692K, reserved 1130496K
  class space    used 11699K, capacity 12589K, committed 12672K, reserved 1048576K
}
Event: 25.333 GC heap before
{Heap before GC invocations=65 (full 0):
 garbage-first heap   total 253952K, used 205118K [0x0000000080000000, 0x0000000100000000)
  region size 1024K, 43 young (44032K), 3 survivors (3072K)
 Metaspace       used 96229K, capacity 98909K, committed 99068K, reserved 1134592K
  class space    used 12441K, capacity 13399K, committed 13440K, reserved 1048576K
}
Event: 25.343 GC heap after
{Heap after GC invocations=66 (full 0):
 garbage-first heap   total 253952K, used 165945K [0x0000000080000000, 0x0000000100000000)
  region size 1024K, 5 young (5120K), 5 survivors (5120K)
 Metaspace       used 96229K, capacity 98909K, committed 99068K, reserved 1134592K
  class space    used 12441K, capacity 13399K, committed 13440K, reserved 1048576K
}
Event: 26.700 GC heap before
{Heap before GC invocations=67 (full 0):
 garbage-first heap   total 253952K, used 207929K [0x0000000080000000, 0x0000000100000000)
  region size 1024K, 46 young (47104K), 5 survivors (5120K)
 Metaspace       used 100265K, capacity 103199K, committed 103292K, reserved 1138688K
  class space    used 12988K, capacity 14050K, committed 14080K, reserved 1048576K
}
Event: 26.714 GC heap after
{Heap after GC invocations=68 (full 0):
 garbage-first heap   total 305152K, used 168496K [0x0000000080000000, 0x0000000100000000)
  region size 1024K, 5 young (5120K), 5 survivors (5120K)
 Metaspace       used 100265K, capacity 103199K, committed 103292K, reserved 1138688K
  class space    used 12988K, capacity 14050K, committed 14080K, reserved 1048576K
}
Event: 28.449 GC heap before
{Heap before GC invocations=68 (full 0):
 garbage-first heap   total 305152K, used 238128K [0x0000000080000000, 0x0000000100000000)
  region size 1024K, 74 young (75776K), 5 survivors (5120K)
 Metaspace       used 102541K, capacity 105468K, committed 105596K, reserved 1140736K
  class space    used 13199K, capacity 14293K, committed 14336K, reserved 1048576K
}
Event: 28.469 GC heap after
{Heap after GC invocations=69 (full 0):
 garbage-first heap   total 305152K, used 174338K [0x0000000080000000, 0x0000000100000000)
  region size 1024K, 10 young (10240K), 10 survivors (10240K)
 Metaspace       used 102541K, capacity 105468K, committed 105596K, reserved 1140736K
  class space    used 13199K, capacity 14293K, committed 14336K, reserved 1048576K
}
Event: 29.834 GC heap before
{Heap before GC invocations=70 (full 0):
 garbage-first heap   total 305152K, used 243970K [0x0000000080000000, 0x0000000100000000)
  region size 1024K, 78 young (79872K), 10 survivors (10240K)
 Metaspace       used 104674K, capacity 107864K, committed 108156K, reserved 1142784K
  class space    used 13391K, capacity 14548K, committed 14592K, reserved 1048576K
}
Event: 29.865 GC heap after
{Heap after GC invocations=71 (full 0):
 garbage-first heap   total 305152K, used 179456K [0x0000000080000000, 0x0000000100000000)
  region size 1024K, 6 young (6144K), 6 survivors (6144K)
 Metaspace       used 104674K, capacity 107864K, committed 108156K, reserved 1142784K
  class space    used 13391K, capacity 14548K, committed 14592K, reserved 1048576K
}
Event: 43.119 GC heap before
{Heap before GC invocations=71 (full 0):
 garbage-first heap   total 305152K, used 247040K [0x0000000080000000, 0x0000000100000000)
  region size 1024K, 73 young (74752K), 6 survivors (6144K)
 Metaspace       used 109474K, capacity 112755K, committed 113020K, reserved 1146880K
  class space    used 13823K, capacity 15023K, committed 15104K, reserved 1048576K
}
Event: 43.149 GC heap after
{Heap after GC invocations=72 (full 0):
 garbage-first heap   total 305152K, used 184320K [0x0000000080000000, 0x0000000100000000)
  region size 1024K, 10 young (10240K), 10 survivors (10240K)
 Metaspace       used 109474K, capacity 112755K, committed 113020K, reserved 1146880K
  class space    used 13823K, capacity 15023K, committed 15104K, reserved 1048576K
}

