# JRE version: OpenJDK Runtime Environment (17.0.9) (build 17.0.9+0--11185874)
# Java VM: OpenJDK 64-Bit Server VM (17.0.9+0--11185874, mixed mode, tiered, compressed oops, compressed class ptrs, g1 gc, windows-amd64)
GC Precious Log:
 CPUs: 6 total, 6 available
 Memory: 7542M
 Large Page Support: Disabled
 NUMA Support: Disabled
 Compressed Oops: Enabled (32-bit)
 Heap Region Size: 1M
 Heap Min Capacity: 8M
 Heap Initial Capacity: 118M
 Heap Max Capacity: 2G
 Pre-touch: Disabled
 Parallel Workers: 6
 Concurrent Workers: 2
 Concurrent Refinement Workers: 6
 Periodic GC: Disabled
Heap:
 garbage-first heap   total 477184K, used 410624K [0x0000000080000000, 0x0000000100000000)
  region size 1024K, 3 young (3072K), 3 survivors (3072K)
 Metaspace       used 215656K, committed 217088K, reserved 1245184K
  class space    used 27443K, committed 28160K, reserved 1048576K
GC Heap History (20 events):
Event: 744.302 GC heap after
{Heap after GC invocations=74 (full 0):
 garbage-first heap   total 345088K, used 289187K [0x0000000080000000, 0x0000000100000000)
  region size 1024K, 2 young (2048K), 2 survivors (2048K)
 Metaspace       used 201012K, committed 202368K, reserved 1245184K
  class space    used 25393K, committed 26048K, reserved 1048576K
}
Event: 744.434 GC heap before
{Heap before GC invocations=74 (full 0):
 garbage-first heap   total 345088K, used 303523K [0x0000000080000000, 0x0000000100000000)
  region size 1024K, 16 young (16384K), 2 survivors (2048K)
 Metaspace       used 201256K, committed 202560K, reserved 1245184K
  class space    used 25404K, committed 26048K, reserved 1048576K
}
Event: 744.440 GC heap after
{Heap after GC invocations=75 (full 0):
 garbage-first heap   total 477184K, used 290906K [0x0000000080000000, 0x0000000100000000)
  region size 1024K, 2 young (2048K), 2 survivors (2048K)
 Metaspace       used 201256K, committed 202560K, reserved 1245184K
  class space    used 25404K, committed 26048K, reserved 1048576K
}
Event: 745.643 GC heap before
{Heap before GC invocations=75 (full 0):
 garbage-first heap   total 477184K, used 389210K [0x0000000080000000, 0x0000000100000000)
  region size 1024K, 99 young (101376K), 2 survivors (2048K)
 Metaspace       used 203239K, committed 204608K, reserved 1245184K
  class space    used 25588K, committed 26240K, reserved 1048576K
}
Event: 745.648 GC heap after
{Heap after GC invocations=76 (full 0):
 garbage-first heap   total 477184K, used 292536K [0x0000000080000000, 0x0000000100000000)
  region size 1024K, 4 young (4096K), 4 survivors (4096K)
 Metaspace       used 203239K, committed 204608K, reserved 1245184K
  class space    used 25588K, committed 26240K, reserved 1048576K
}
Event: 748.245 GC heap before
{Heap before GC invocations=76 (full 0):
 garbage-first heap   total 477184K, used 393912K [0x0000000080000000, 0x0000000100000000)
  region size 1024K, 104 young (106496K), 4 survivors (4096K)
 Metaspace       used 206070K, committed 207360K, reserved 1245184K
  class space    used 25932K, committed 26560K, reserved 1048576K
}
Event: 748.256 GC heap after
{Heap after GC invocations=77 (full 0):
 garbage-first heap   total 477184K, used 301330K [0x0000000080000000, 0x0000000100000000)
  region size 1024K, 12 young (12288K), 12 survivors (12288K)
 Metaspace       used 206070K, committed 207360K, reserved 1245184K
  class space    used 25932K, committed 26560K, reserved 1048576K
}
Event: 748.647 GC heap before
{Heap before GC invocations=77 (full 0):
 garbage-first heap   total 477184K, used 401682K [0x0000000080000000, 0x0000000100000000)
  region size 1024K, 107 young (109568K), 12 survivors (12288K)
 Metaspace       used 207824K, committed 209152K, reserved 1245184K
  class space    used 26185K, committed 26816K, reserved 1048576K
}
Event: 748.659 GC heap after
{Heap after GC invocations=78 (full 0):
 garbage-first heap   total 477184K, used 315367K [0x0000000080000000, 0x0000000100000000)
  region size 1024K, 11 young (11264K), 11 survivors (11264K)
 Metaspace       used 207824K, committed 209152K, reserved 1245184K
  class space    used 26185K, committed 26816K, reserved 1048576K
}
Event: 749.931 GC heap before
{Heap before GC invocations=78 (full 0):
 garbage-first heap   total 477184K, used 413671K [0x0000000080000000, 0x0000000100000000)
  region size 1024K, 75 young (76800K), 11 survivors (11264K)
 Metaspace       used 212359K, committed 213696K, reserved 1245184K
  class space    used 26814K, committed 27456K, reserved 1048576K
}
Event: 749.939 GC heap after
{Heap after GC invocations=79 (full 0):
 garbage-first heap   total 477184K, used 338903K [0x0000000080000000, 0x0000000100000000)
  region size 1024K, 6 young (6144K), 6 survivors (6144K)
 Metaspace       used 212359K, committed 213696K, reserved 1245184K
  class space    used 26814K, committed 27456K, reserved 1048576K
}
Event: 750.710 GC heap before
{Heap before GC invocations=79 (full 0):
 garbage-first heap   total 477184K, used 411607K [0x0000000080000000, 0x0000000100000000)
  region size 1024K, 73 young (74752K), 6 survivors (6144K)
 Metaspace       used 214129K, committed 215488K, reserved 1245184K
  class space    used 27221K, committed 27840K, reserved 1048576K
}
Event: 750.734 GC heap after
{Heap after GC invocations=80 (full 0):
 garbage-first heap   total 477184K, used 356606K [0x0000000080000000, 0x0000000100000000)
  region size 1024K, 10 young (10240K), 10 survivors (10240K)
 Metaspace       used 214129K, committed 215488K, reserved 1245184K
  class space    used 27221K, committed 27840K, reserved 1048576K
}
Event: 751.003 GC heap before
{Heap before GC invocations=80 (full 0):
 garbage-first heap   total 477184K, used 403710K [0x0000000080000000, 0x0000000100000000)
  region size 1024K, 57 young (58368K), 10 survivors (10240K)
 Metaspace       used 215411K, committed 216832K, reserved 1245184K
  class space    used 27439K, committed 28160K, reserved 1048576K
}
Event: 751.023 GC heap after
{Heap after GC invocations=81 (full 0):
 garbage-first heap   total 477184K, used 373738K [0x0000000080000000, 0x0000000100000000)
  region size 1024K, 8 young (8192K), 8 survivors (8192K)
 Metaspace       used 215411K, committed 216832K, reserved 1245184K
  class space    used 27439K, committed 28160K, reserved 1048576K
}
Event: 751.089 GC heap before
{Heap before GC invocations=81 (full 0):
 garbage-first heap   total 477184K, used 405482K [0x0000000080000000, 0x0000000100000000)
  region size 1024K, 39 young (39936K), 8 survivors (8192K)
 Metaspace       used 215579K, committed 217024K, reserved 1245184K
  class space    used 27443K, committed 28160K, reserved 1048576K
}
Event: 751.106 GC heap after
{Heap after GC invocations=82 (full 0):
 garbage-first heap   total 477184K, used 390652K [0x0000000080000000, 0x0000000100000000)
  region size 1024K, 5 young (5120K), 5 survivors (5120K)
 Metaspace       used 215579K, committed 217024K, reserved 1245184K
  class space    used 27443K, committed 28160K, reserved 1048576K
}
Event: 751.141 GC heap before
{Heap before GC invocations=82 (full 0):
 garbage-first heap   total 477184K, used 409084K [0x0000000080000000, 0x0000000100000000)
  region size 1024K, 24 young (24576K), 5 survivors (5120K)
 Metaspace       used 215622K, committed 217024K, reserved 1245184K
  class space    used 27443K, committed 28160K, reserved 1048576K
}
Event: 751.156 GC heap after
{Heap after GC invocations=83 (full 0):
 garbage-first heap   total 477184K, used 400384K [0x0000000080000000, 0x0000000100000000)
  region size 1024K, 3 young (3072K), 3 survivors (3072K)
 Metaspace       used 215622K, committed 217024K, reserved 1245184K
  class space    used 27443K, committed 28160K, reserved 1048576K
}
Event: 751.184 GC heap before
{Heap before GC invocations=83 (full 0):
 garbage-first heap   total 477184K, used 419840K [0x0000000080000000, 0x0000000100000000)
  region size 1024K, 23 young (23552K), 3 survivors (3072K)
 Metaspace       used 215656K, committed 217088K, reserved 1245184K
  class space    used 27443K, committed 28160K, reserved 1048576K
}

