# JRE version: OpenJDK Runtime Environment (17.0.9) (build 17.0.9+0--11185874)
# Java VM: OpenJDK 64-Bit Server VM (17.0.9+0--11185874, mixed mode, tiered, compressed oops, compressed class ptrs, g1 gc, windows-amd64)
GC Precious Log:
 CPUs: 6 total, 6 available
 Memory: 7542M
 Large Page Support: Disabled
 NUMA Support: Disabled
 Compressed Oops: Enabled (32-bit)
 Heap Region Size: 1M
 Heap Min Capacity: 8M
 Heap Initial Capacity: 118M
 Heap Max Capacity: 2G
 Pre-touch: Disabled
 Parallel Workers: 6
 Concurrent Workers: 2
 Concurrent Refinement Workers: 6
 Periodic GC: Disabled
Heap:
 garbage-first heap   total 86016K, used 54049K [0x0000000080000000, 0x0000000100000000)
  region size 1024K, 23 young (23552K), 5 survivors (5120K)
 Metaspace       used 55810K, committed 56384K, reserved 1114112K
  class space    used 7660K, committed 7936K, reserved 1048576K
GC Heap History (20 events):
Event: 1.988 GC heap before
{Heap before GC invocations=2 (full 0):
 garbage-first heap   total 120832K, used 62600K [0x0000000080000000, 0x0000000100000000)
  region size 1024K, 51 young (52224K), 1 survivors (1024K)
 Metaspace       used 21307K, committed 21504K, reserved 1114112K
  class space    used 2515K, committed 2624K, reserved 1048576K
}
Event: 1.994 GC heap after
{Heap after GC invocations=3 (full 0):
 garbage-first heap   total 120832K, used 18827K [0x0000000080000000, 0x0000000100000000)
  region size 1024K, 9 young (9216K), 9 survivors (9216K)
 Metaspace       used 21307K, committed 21504K, reserved 1114112K
  class space    used 2515K, committed 2624K, reserved 1048576K
}
Event: 2.506 GC heap before
{Heap before GC invocations=4 (full 0):
 garbage-first heap   total 71680K, used 52619K [0x0000000080000000, 0x0000000100000000)
  region size 1024K, 42 young (43008K), 9 survivors (9216K)
 Metaspace       used 26512K, committed 26752K, reserved 1114112K
  class space    used 3411K, committed 3520K, reserved 1048576K
}
Event: 2.511 GC heap after
{Heap after GC invocations=5 (full 0):
 garbage-first heap   total 71680K, used 20675K [0x0000000080000000, 0x0000000100000000)
  region size 1024K, 2 young (2048K), 2 survivors (2048K)
 Metaspace       used 26512K, committed 26752K, reserved 1114112K
  class space    used 3411K, committed 3520K, reserved 1048576K
}
Event: 2.892 GC heap before
{Heap before GC invocations=5 (full 0):
 garbage-first heap   total 71680K, used 49347K [0x0000000080000000, 0x0000000100000000)
  region size 1024K, 30 young (30720K), 2 survivors (2048K)
 Metaspace       used 30494K, committed 30720K, reserved 1114112K
  class space    used 4055K, committed 4160K, reserved 1048576K
}
Event: 2.894 GC heap after
{Heap after GC invocations=6 (full 0):
 garbage-first heap   total 71680K, used 22043K [0x0000000080000000, 0x0000000100000000)
  region size 1024K, 4 young (4096K), 4 survivors (4096K)
 Metaspace       used 30494K, committed 30720K, reserved 1114112K
  class space    used 4055K, committed 4160K, reserved 1048576K
}
Event: 3.290 GC heap before
{Heap before GC invocations=6 (full 0):
 garbage-first heap   total 71680K, used 50715K [0x0000000080000000, 0x0000000100000000)
  region size 1024K, 32 young (32768K), 4 survivors (4096K)
 Metaspace       used 33852K, committed 34176K, reserved 1114112K
  class space    used 4611K, committed 4736K, reserved 1048576K
}
Event: 3.293 GC heap after
{Heap after GC invocations=7 (full 0):
 garbage-first heap   total 71680K, used 23302K [0x0000000080000000, 0x0000000100000000)
  region size 1024K, 3 young (3072K), 3 survivors (3072K)
 Metaspace       used 33852K, committed 34176K, reserved 1114112K
  class space    used 4611K, committed 4736K, reserved 1048576K
}
Event: 3.425 GC heap before
{Heap before GC invocations=7 (full 0):
 garbage-first heap   total 71680K, used 32518K [0x0000000080000000, 0x0000000100000000)
  region size 1024K, 14 young (14336K), 3 survivors (3072K)
 Metaspace       used 35660K, committed 35968K, reserved 1114112K
  class space    used 4858K, committed 5056K, reserved 1048576K
}
Event: 3.428 GC heap after
{Heap after GC invocations=8 (full 0):
 garbage-first heap   total 71680K, used 23824K [0x0000000080000000, 0x0000000100000000)
  region size 1024K, 2 young (2048K), 2 survivors (2048K)
 Metaspace       used 35660K, committed 35968K, reserved 1114112K
  class space    used 4858K, committed 5056K, reserved 1048576K
}
Event: 3.775 GC heap before
{Heap before GC invocations=9 (full 0):
 garbage-first heap   total 71680K, used 53520K [0x0000000080000000, 0x0000000100000000)
  region size 1024K, 32 young (32768K), 2 survivors (2048K)
 Metaspace       used 40931K, committed 41216K, reserved 1114112K
  class space    used 5421K, committed 5568K, reserved 1048576K
}
Event: 3.779 GC heap after
{Heap after GC invocations=10 (full 0):
 garbage-first heap   total 71680K, used 27634K [0x0000000080000000, 0x0000000100000000)
  region size 1024K, 4 young (4096K), 4 survivors (4096K)
 Metaspace       used 40931K, committed 41216K, reserved 1114112K
  class space    used 5421K, committed 5568K, reserved 1048576K
}
Event: 3.962 GC heap before
{Heap before GC invocations=10 (full 0):
 garbage-first heap   total 71680K, used 54258K [0x0000000080000000, 0x0000000100000000)
  region size 1024K, 30 young (30720K), 4 survivors (4096K)
 Metaspace       used 42115K, committed 42496K, reserved 1114112K
  class space    used 5597K, committed 5760K, reserved 1048576K
}
Event: 3.966 GC heap after
{Heap after GC invocations=11 (full 0):
 garbage-first heap   total 86016K, used 28707K [0x0000000080000000, 0x0000000100000000)
  region size 1024K, 2 young (2048K), 2 survivors (2048K)
 Metaspace       used 42115K, committed 42496K, reserved 1114112K
  class space    used 5597K, committed 5760K, reserved 1048576K
}
Event: 4.462 GC heap before
{Heap before GC invocations=11 (full 0):
 garbage-first heap   total 86016K, used 65571K [0x0000000080000000, 0x0000000100000000)
  region size 1024K, 37 young (37888K), 2 survivors (2048K)
 Metaspace       used 47003K, committed 47360K, reserved 1114112K
  class space    used 6314K, committed 6464K, reserved 1048576K
}
Event: 4.465 GC heap after
{Heap after GC invocations=12 (full 0):
 garbage-first heap   total 86016K, used 30881K [0x0000000080000000, 0x0000000100000000)
  region size 1024K, 4 young (4096K), 4 survivors (4096K)
 Metaspace       used 47003K, committed 47360K, reserved 1114112K
  class space    used 6314K, committed 6464K, reserved 1048576K
}
Event: 4.976 GC heap before
{Heap before GC invocations=12 (full 0):
 garbage-first heap   total 86016K, used 65697K [0x0000000080000000, 0x0000000100000000)
  region size 1024K, 38 young (38912K), 4 survivors (4096K)
 Metaspace       used 51560K, committed 52032K, reserved 1114112K
  class space    used 7042K, committed 7232K, reserved 1048576K
}
Event: 4.980 GC heap after
{Heap after GC invocations=13 (full 0):
 garbage-first heap   total 86016K, used 32536K [0x0000000080000000, 0x0000000100000000)
  region size 1024K, 4 young (4096K), 4 survivors (4096K)
 Metaspace       used 51560K, committed 52032K, reserved 1114112K
  class space    used 7042K, committed 7232K, reserved 1048576K
}
Event: 5.700 GC heap before
{Heap before GC invocations=13 (full 0):
 garbage-first heap   total 86016K, used 67352K [0x0000000080000000, 0x0000000100000000)
  region size 1024K, 38 young (38912K), 4 survivors (4096K)
 Metaspace       used 55230K, committed 55680K, reserved 1114112K
  class space    used 7603K, committed 7808K, reserved 1048576K
}
Event: 5.704 GC heap after
{Heap after GC invocations=14 (full 0):
 garbage-first heap   total 86016K, used 35617K [0x0000000080000000, 0x0000000100000000)
  region size 1024K, 5 young (5120K), 5 survivors (5120K)
 Metaspace       used 55230K, committed 55680K, reserved 1114112K
  class space    used 7603K, committed 7808K, reserved 1048576K
}

