# JRE version: OpenJDK Runtime Environment (11.0.15) (build 11.0.15+0-b2043.56-8887301)
# Java VM: OpenJDK 64-Bit Server VM (11.0.15+0-b2043.56-8887301, mixed mode, tiered, compressed oops, g1 gc, windows-amd64)
Heap:
 garbage-first heap   total 175104K, used 111132K [0x0000000080000000, 0x0000000100000000)
  region size 1024K, 2 young (2048K), 2 survivors (2048K)
 Metaspace       used 90167K, capacity 92725K, committed 93392K, reserved 1130496K
  class space    used 11617K, capacity 12617K, committed 12876K, reserved 1048576K
GC Heap History (20 events):
Event: 11.895 GC heap after
{Heap after GC invocations=20 (full 0):
 garbage-first heap   total 145408K, used 61203K [0x0000000080000000, 0x0000000100000000)
  region size 1024K, 7 young (7168K), 7 survivors (7168K)
 Metaspace       used 79971K, capacity 81945K, committed 82000K, reserved 1120256K
  class space    used 10428K, capacity 11178K, committed 11212K, reserved 1048576K
}
Event: 12.258 GC heap before
{Heap before GC invocations=20 (full 0):
 garbage-first heap   total 145408K, used 116499K [0x0000000080000000, 0x0000000100000000)
  region size 1024K, 61 young (62464K), 7 survivors (7168K)
 Metaspace       used 81501K, capacity 83561K, committed 83792K, reserved 1122304K
  class space    used 10599K, capacity 11346K, committed 11468K, reserved 1048576K
}
Event: 12.266 GC heap after
{Heap after GC invocations=21 (full 0):
 garbage-first heap   total 145408K, used 67030K [0x0000000080000000, 0x0000000100000000)
  region size 1024K, 8 young (8192K), 8 survivors (8192K)
 Metaspace       used 81501K, capacity 83561K, committed 83792K, reserved 1122304K
  class space    used 10599K, capacity 11346K, committed 11468K, reserved 1048576K
}
Event: 12.626 GC heap before
{Heap before GC invocations=21 (full 0):
 garbage-first heap   total 145408K, used 116182K [0x0000000080000000, 0x0000000100000000)
  region size 1024K, 57 young (58368K), 8 survivors (8192K)
 Metaspace       used 84318K, capacity 86528K, committed 86736K, reserved 1124352K
  class space    used 10930K, capacity 11750K, committed 11852K, reserved 1048576K
}
Event: 12.637 GC heap after
{Heap after GC invocations=22 (full 0):
 garbage-first heap   total 145408K, used 74972K [0x0000000080000000, 0x0000000100000000)
  region size 1024K, 8 young (8192K), 8 survivors (8192K)
 Metaspace       used 84318K, capacity 86528K, committed 86736K, reserved 1124352K
  class space    used 10930K, capacity 11750K, committed 11852K, reserved 1048576K
}
Event: 13.543 GC heap before
{Heap before GC invocations=22 (full 0):
 garbage-first heap   total 145408K, used 116956K [0x0000000080000000, 0x0000000100000000)
  region size 1024K, 49 young (50176K), 8 survivors (8192K)
 Metaspace       used 86409K, capacity 88955K, committed 89296K, reserved 1126400K
  class space    used 11278K, capacity 12257K, committed 12364K, reserved 1048576K
}
Event: 13.551 GC heap after
{Heap after GC invocations=23 (full 0):
 garbage-first heap   total 145408K, used 78533K [0x0000000080000000, 0x0000000100000000)
  region size 1024K, 4 young (4096K), 4 survivors (4096K)
 Metaspace       used 86409K, capacity 88955K, committed 89296K, reserved 1126400K
  class space    used 11278K, capacity 12257K, committed 12364K, reserved 1048576K
}
Event: 13.992 GC heap before
{Heap before GC invocations=24 (full 0):
 garbage-first heap   total 145408K, used 116421K [0x0000000080000000, 0x0000000100000000)
  region size 1024K, 42 young (43008K), 4 survivors (4096K)
 Metaspace       used 87198K, capacity 89821K, committed 90064K, reserved 1126400K
  class space    used 11369K, capacity 12363K, committed 12364K, reserved 1048576K
}
Event: 13.999 GC heap after
{Heap after GC invocations=25 (full 0):
 garbage-first heap   total 145408K, used 79968K [0x0000000080000000, 0x0000000100000000)
  region size 1024K, 5 young (5120K), 5 survivors (5120K)
 Metaspace       used 87198K, capacity 89821K, committed 90064K, reserved 1126400K
  class space    used 11369K, capacity 12363K, committed 12364K, reserved 1048576K
}
Event: 15.144 GC heap before
{Heap before GC invocations=25 (full 0):
 garbage-first heap   total 145408K, used 117856K [0x0000000080000000, 0x0000000100000000)
  region size 1024K, 43 young (44032K), 5 survivors (5120K)
 Metaspace       used 89771K, capacity 92469K, committed 92752K, reserved 1130496K
  class space    used 11646K, capacity 12709K, committed 12748K, reserved 1048576K
}
Event: 15.157 GC heap after
{Heap after GC invocations=26 (full 0):
 garbage-first heap   total 145408K, used 84664K [0x0000000080000000, 0x0000000100000000)
  region size 1024K, 6 young (6144K), 6 survivors (6144K)
 Metaspace       used 89771K, capacity 92469K, committed 92752K, reserved 1130496K
  class space    used 11646K, capacity 12709K, committed 12748K, reserved 1048576K
}
Event: 15.718 GC heap before
{Heap before GC invocations=27 (full 0):
 garbage-first heap   total 145408K, used 95928K [0x0000000080000000, 0x0000000100000000)
  region size 1024K, 19 young (19456K), 6 survivors (6144K)
 Metaspace       used 89817K, capacity 92519K, committed 92752K, reserved 1130496K
  class space    used 11644K, capacity 12704K, committed 12748K, reserved 1048576K
}
Event: 15.733 GC heap after
{Heap after GC invocations=28 (full 0):
 garbage-first heap   total 145408K, used 89547K [0x0000000080000000, 0x0000000100000000)
  region size 1024K, 5 young (5120K), 5 survivors (5120K)
 Metaspace       used 89817K, capacity 92519K, committed 92752K, reserved 1130496K
  class space    used 11644K, capacity 12704K, committed 12748K, reserved 1048576K
}
Event: 16.312 GC heap before
{Heap before GC invocations=29 (full 0):
 garbage-first heap   total 145408K, used 119243K [0x0000000080000000, 0x0000000100000000)
  region size 1024K, 26 young (26624K), 5 survivors (5120K)
 Metaspace       used 89665K, capacity 92264K, committed 92752K, reserved 1130496K
  class space    used 11569K, capacity 12571K, committed 12748K, reserved 1048576K
}
Event: 16.319 GC heap after
{Heap after GC invocations=30 (full 0):
 garbage-first heap   total 145408K, used 102341K [0x0000000080000000, 0x0000000100000000)
  region size 1024K, 4 young (4096K), 4 survivors (4096K)
 Metaspace       used 89665K, capacity 92264K, committed 92752K, reserved 1130496K
  class space    used 11569K, capacity 12571K, committed 12748K, reserved 1048576K
}
Event: 16.632 GC heap before
{Heap before GC invocations=30 (full 0):
 garbage-first heap   total 145408K, used 116677K [0x0000000080000000, 0x0000000100000000)
  region size 1024K, 18 young (18432K), 4 survivors (4096K)
 Metaspace       used 89838K, capacity 92330K, committed 93008K, reserved 1130496K
  class space    used 11588K, capacity 12572K, committed 12748K, reserved 1048576K
}
Event: 16.638 GC heap after
{Heap after GC invocations=31 (full 0):
 garbage-first heap   total 145408K, used 107827K [0x0000000080000000, 0x0000000100000000)
  region size 1024K, 3 young (3072K), 3 survivors (3072K)
 Metaspace       used 89838K, capacity 92330K, committed 93008K, reserved 1130496K
  class space    used 11588K, capacity 12572K, committed 12748K, reserved 1048576K
}
Event: 16.760 GC heap before
{Heap before GC invocations=32 (full 0):
 garbage-first heap   total 145408K, used 116019K [0x0000000080000000, 0x0000000100000000)
  region size 1024K, 11 young (11264K), 3 survivors (3072K)
 Metaspace       used 90046K, capacity 92618K, committed 93392K, reserved 1130496K
  class space    used 11602K, capacity 12604K, committed 12876K, reserved 1048576K
}
Event: 16.766 GC heap after
{Heap after GC invocations=33 (full 0):
 garbage-first heap   total 145408K, used 110740K [0x0000000080000000, 0x0000000100000000)
  region size 1024K, 2 young (2048K), 2 survivors (2048K)
 Metaspace       used 90046K, capacity 92618K, committed 93392K, reserved 1130496K
  class space    used 11602K, capacity 12604K, committed 12876K, reserved 1048576K
}
Event: 16.944 GC heap before
{Heap before GC invocations=34 (full 0):
 garbage-first heap   total 145408K, used 126100K [0x0000000080000000, 0x0000000100000000)
  region size 1024K, 11 young (11264K), 2 survivors (2048K)
 Metaspace       used 90167K, capacity 92725K, committed 93392K, reserved 1130496K
  class space    used 11617K, capacity 12617K, committed 12876K, reserved 1048576K
}

