# JRE version: OpenJDK Runtime Environment (17.0.9) (build 17.0.9+0--11185874)
# Java VM: OpenJDK 64-Bit Server VM (17.0.9+0--11185874, mixed mode, tiered, compressed oops, compressed class ptrs, g1 gc, windows-amd64)
GC Precious Log:
 CPUs: 6 total, 6 available
 Memory: 7542M
 Large Page Support: Disabled
 NUMA Support: Disabled
 Compressed Oops: Enabled (32-bit)
 Heap Region Size: 1M
 Heap Min Capacity: 8M
 Heap Initial Capacity: 118M
 Heap Max Capacity: 2G
 Pre-touch: Disabled
 Parallel Workers: 6
 Concurrent Workers: 2
 Concurrent Refinement Workers: 6
 Periodic GC: Disabled
Heap:
 garbage-first heap   total 253952K, used 62422K [0x0000000080000000, 0x0000000100000000)
  region size 1024K, 12 young (12288K), 12 survivors (12288K)
 Metaspace       used 59551K, committed 60096K, reserved 1114112K
  class space    used 7863K, committed 8128K, reserved 1048576K
GC Heap History (20 events):
Event: 6.644 GC heap after
{Heap after GC invocations=21 (full 0):
 garbage-first heap   total 210944K, used 53500K [0x0000000080000000, 0x0000000100000000)
  region size 1024K, 8 young (8192K), 8 survivors (8192K)
 Metaspace       used 46090K, committed 46528K, reserved 1114112K
  class space    used 6071K, committed 6272K, reserved 1048576K
}
Event: 7.124 GC heap before
{Heap before GC invocations=21 (full 0):
 garbage-first heap   total 210944K, used 179452K [0x0000000080000000, 0x0000000100000000)
  region size 1024K, 123 young (125952K), 8 survivors (8192K)
 Metaspace       used 46258K, committed 46656K, reserved 1114112K
  class space    used 6098K, committed 6272K, reserved 1048576K
}
Event: 7.127 GC heap after
{Heap after GC invocations=22 (full 0):
 garbage-first heap   total 253952K, used 49136K [0x0000000080000000, 0x0000000100000000)
  region size 1024K, 4 young (4096K), 4 survivors (4096K)
 Metaspace       used 46258K, committed 46656K, reserved 1114112K
  class space    used 6098K, committed 6272K, reserved 1048576K
}
Event: 7.382 GC heap before
{Heap before GC invocations=22 (full 0):
 garbage-first heap   total 253952K, used 196592K [0x0000000080000000, 0x0000000100000000)
  region size 1024K, 148 young (151552K), 4 survivors (4096K)
 Metaspace       used 46259K, committed 46656K, reserved 1114112K
  class space    used 6098K, committed 6272K, reserved 1048576K
}
Event: 7.384 GC heap after
{Heap after GC invocations=23 (full 0):
 garbage-first heap   total 253952K, used 48895K [0x0000000080000000, 0x0000000100000000)
  region size 1024K, 3 young (3072K), 3 survivors (3072K)
 Metaspace       used 46259K, committed 46656K, reserved 1114112K
  class space    used 6098K, committed 6272K, reserved 1048576K
}
Event: 7.753 GC heap before
{Heap before GC invocations=23 (full 0):
 garbage-first heap   total 253952K, used 197375K [0x0000000080000000, 0x0000000100000000)
  region size 1024K, 148 young (151552K), 3 survivors (3072K)
 Metaspace       used 46259K, committed 46656K, reserved 1114112K
  class space    used 6098K, committed 6272K, reserved 1048576K
}
Event: 7.755 GC heap after
{Heap after GC invocations=24 (full 0):
 garbage-first heap   total 253952K, used 48672K [0x0000000080000000, 0x0000000100000000)
  region size 1024K, 3 young (3072K), 3 survivors (3072K)
 Metaspace       used 46259K, committed 46656K, reserved 1114112K
  class space    used 6098K, committed 6272K, reserved 1048576K
}
Event: 8.024 GC heap before
{Heap before GC invocations=24 (full 0):
 garbage-first heap   total 253952K, used 198176K [0x0000000080000000, 0x0000000100000000)
  region size 1024K, 148 young (151552K), 3 survivors (3072K)
 Metaspace       used 46260K, committed 46656K, reserved 1114112K
  class space    used 6098K, committed 6272K, reserved 1048576K
}
Event: 8.027 GC heap after
{Heap after GC invocations=25 (full 0):
 garbage-first heap   total 253952K, used 49862K [0x0000000080000000, 0x0000000100000000)
  region size 1024K, 4 young (4096K), 4 survivors (4096K)
 Metaspace       used 46260K, committed 46656K, reserved 1114112K
  class space    used 6098K, committed 6272K, reserved 1048576K
}
Event: 8.281 GC heap before
{Heap before GC invocations=25 (full 0):
 garbage-first heap   total 253952K, used 197318K [0x0000000080000000, 0x0000000100000000)
  region size 1024K, 148 young (151552K), 4 survivors (4096K)
 Metaspace       used 46260K, committed 46656K, reserved 1114112K
  class space    used 6098K, committed 6272K, reserved 1048576K
}
Event: 8.285 GC heap after
{Heap after GC invocations=26 (full 0):
 garbage-first heap   total 253952K, used 51047K [0x0000000080000000, 0x0000000100000000)
  region size 1024K, 6 young (6144K), 6 survivors (6144K)
 Metaspace       used 46260K, committed 46656K, reserved 1114112K
  class space    used 6098K, committed 6272K, reserved 1048576K
}
Event: 8.506 GC heap before
{Heap before GC invocations=26 (full 0):
 garbage-first heap   total 253952K, used 196455K [0x0000000080000000, 0x0000000100000000)
  region size 1024K, 148 young (151552K), 6 survivors (6144K)
 Metaspace       used 46260K, committed 46656K, reserved 1114112K
  class space    used 6098K, committed 6272K, reserved 1048576K
}
Event: 8.511 GC heap after
{Heap after GC invocations=27 (full 0):
 garbage-first heap   total 253952K, used 52379K [0x0000000080000000, 0x0000000100000000)
  region size 1024K, 7 young (7168K), 7 survivors (7168K)
 Metaspace       used 46260K, committed 46656K, reserved 1114112K
  class space    used 6098K, committed 6272K, reserved 1048576K
}
Event: 8.720 GC heap before
{Heap before GC invocations=27 (full 0):
 garbage-first heap   total 253952K, used 196763K [0x0000000080000000, 0x0000000100000000)
  region size 1024K, 148 young (151552K), 7 survivors (7168K)
 Metaspace       used 46261K, committed 46656K, reserved 1114112K
  class space    used 6098K, committed 6272K, reserved 1048576K
}
Event: 8.724 GC heap after
{Heap after GC invocations=28 (full 0):
 garbage-first heap   total 253952K, used 54015K [0x0000000080000000, 0x0000000100000000)
  region size 1024K, 8 young (8192K), 8 survivors (8192K)
 Metaspace       used 46261K, committed 46656K, reserved 1114112K
  class space    used 6098K, committed 6272K, reserved 1048576K
}
Event: 8.956 GC heap before
{Heap before GC invocations=28 (full 0):
 garbage-first heap   total 253952K, used 197375K [0x0000000080000000, 0x0000000100000000)
  region size 1024K, 148 young (151552K), 8 survivors (8192K)
 Metaspace       used 46261K, committed 46656K, reserved 1114112K
  class space    used 6098K, committed 6272K, reserved 1048576K
}
Event: 8.962 GC heap after
{Heap after GC invocations=29 (full 0):
 garbage-first heap   total 253952K, used 55513K [0x0000000080000000, 0x0000000100000000)
  region size 1024K, 10 young (10240K), 10 survivors (10240K)
 Metaspace       used 46261K, committed 46656K, reserved 1114112K
  class space    used 6098K, committed 6272K, reserved 1048576K
}
Event: 9.201 GC heap before
{Heap before GC invocations=29 (full 0):
 garbage-first heap   total 253952K, used 200921K [0x0000000080000000, 0x0000000100000000)
  region size 1024K, 148 young (151552K), 10 survivors (10240K)
 Metaspace       used 46262K, committed 46656K, reserved 1114112K
  class space    used 6098K, committed 6272K, reserved 1048576K
}
Event: 9.207 GC heap after
{Heap after GC invocations=30 (full 0):
 garbage-first heap   total 253952K, used 53584K [0x0000000080000000, 0x0000000100000000)
  region size 1024K, 11 young (11264K), 11 survivors (11264K)
 Metaspace       used 46262K, committed 46656K, reserved 1114112K
  class space    used 6098K, committed 6272K, reserved 1048576K
}
Event: 12.166 GC heap before
{Heap before GC invocations=30 (full 0):
 garbage-first heap   total 253952K, used 167248K [0x0000000080000000, 0x0000000100000000)
  region size 1024K, 116 young (118784K), 11 survivors (11264K)
 Metaspace       used 59551K, committed 60096K, reserved 1114112K
  class space    used 7863K, committed 8128K, reserved 1048576K
}

