# JRE version: OpenJDK Runtime Environment (17.0.9) (build 17.0.9+0--11185874)
# Java VM: OpenJDK 64-Bit Server VM (17.0.9+0--11185874, mixed mode, tiered, compressed oops, compressed class ptrs, g1 gc, windows-amd64)
GC Precious Log:
 CPUs: 6 total, 6 available
 Memory: 7542M
 Large Page Support: Disabled
 NUMA Support: Disabled
 Compressed Oops: Enabled (32-bit)
 Heap Region Size: 1M
 Heap Min Capacity: 8M
 Heap Initial Capacity: 118M
 Heap Max Capacity: 2G
 Pre-touch: Disabled
 Parallel Workers: 6
 Concurrent Workers: 2
 Concurrent Refinement Workers: 6
 Periodic GC: Disabled
Heap:
 garbage-first heap   total 316416K, used 166319K [0x0000000080000000, 0x0000000100000000)
  region size 1024K, 2 young (2048K), 2 survivors (2048K)
 Metaspace       used 137163K, committed 138752K, reserved 1179648K
  class space    used 17932K, committed 18560K, reserved 1048576K
GC Heap History (20 events):
Event: 2638.463 GC heap after
{Heap after GC invocations=61 (full 0):
 garbage-first heap   total 211968K, used 144491K [0x0000000080000000, 0x0000000100000000)
  region size 1024K, 1 young (1024K), 1 survivors (1024K)
 Metaspace       used 132331K, committed 133312K, reserved 1179648K
  class space    used 17384K, committed 17856K, reserved 1048576K
}
Event: 4762.413 GC heap before
{Heap before GC invocations=61 (full 0):
 garbage-first heap   total 211968K, used 183403K [0x0000000080000000, 0x0000000100000000)
  region size 1024K, 39 young (39936K), 1 survivors (1024K)
 Metaspace       used 132347K, committed 133312K, reserved 1179648K
  class space    used 17384K, committed 17856K, reserved 1048576K
}
Event: 4762.417 GC heap after
{Heap after GC invocations=62 (full 0):
 garbage-first heap   total 211968K, used 144511K [0x0000000080000000, 0x0000000100000000)
  region size 1024K, 1 young (1024K), 1 survivors (1024K)
 Metaspace       used 132347K, committed 133312K, reserved 1179648K
  class space    used 17384K, committed 17856K, reserved 1048576K
}
Event: 4763.368 GC heap before
{Heap before GC invocations=62 (full 0):
 garbage-first heap   total 211968K, used 183423K [0x0000000080000000, 0x0000000100000000)
  region size 1024K, 40 young (40960K), 1 survivors (1024K)
 Metaspace       used 133479K, committed 134464K, reserved 1179648K
  class space    used 17535K, committed 17984K, reserved 1048576K
}
Event: 4763.380 GC heap after
{Heap after GC invocations=63 (full 0):
 garbage-first heap   total 211968K, used 149289K [0x0000000080000000, 0x0000000100000000)
  region size 1024K, 5 young (5120K), 5 survivors (5120K)
 Metaspace       used 133479K, committed 134464K, reserved 1179648K
  class space    used 17535K, committed 17984K, reserved 1048576K
}
Event: 4763.805 GC heap before
{Heap before GC invocations=63 (full 0):
 garbage-first heap   total 211968K, used 182057K [0x0000000080000000, 0x0000000100000000)
  region size 1024K, 38 young (38912K), 5 survivors (5120K)
 Metaspace       used 135216K, committed 136256K, reserved 1179648K
  class space    used 17786K, committed 18240K, reserved 1048576K
}
Event: 4763.825 GC heap after
{Heap after GC invocations=64 (full 0):
 garbage-first heap   total 211968K, used 152244K [0x0000000080000000, 0x0000000100000000)
  region size 1024K, 3 young (3072K), 3 survivors (3072K)
 Metaspace       used 135216K, committed 136256K, reserved 1179648K
  class space    used 17786K, committed 18240K, reserved 1048576K
}
Event: 4764.496 GC heap before
{Heap before GC invocations=64 (full 0):
 garbage-first heap   total 211968K, used 181940K [0x0000000080000000, 0x0000000100000000)
  region size 1024K, 33 young (33792K), 3 survivors (3072K)
 Metaspace       used 136044K, committed 137152K, reserved 1179648K
  class space    used 17908K, committed 18432K, reserved 1048576K
}
Event: 4764.503 GC heap after
{Heap after GC invocations=65 (full 0):
 garbage-first heap   total 211968K, used 155192K [0x0000000080000000, 0x0000000100000000)
  region size 1024K, 4 young (4096K), 4 survivors (4096K)
 Metaspace       used 136044K, committed 137152K, reserved 1179648K
  class space    used 17908K, committed 18432K, reserved 1048576K
}
Event: 4765.122 GC heap before
{Heap before GC invocations=65 (full 0):
 garbage-first heap   total 211968K, used 180792K [0x0000000080000000, 0x0000000100000000)
  region size 1024K, 30 young (30720K), 4 survivors (4096K)
 Metaspace       used 137429K, committed 138496K, reserved 1179648K
  class space    used 18057K, committed 18560K, reserved 1048576K
}
Event: 4765.127 GC heap after
{Heap after GC invocations=66 (full 0):
 garbage-first heap   total 211968K, used 158438K [0x0000000080000000, 0x0000000100000000)
  region size 1024K, 4 young (4096K), 4 survivors (4096K)
 Metaspace       used 137429K, committed 138496K, reserved 1179648K
  class space    used 18057K, committed 18560K, reserved 1048576K
}
Event: 4765.425 GC heap before
{Heap before GC invocations=66 (full 0):
 garbage-first heap   total 211968K, used 190182K [0x0000000080000000, 0x0000000100000000)
  region size 1024K, 27 young (27648K), 4 survivors (4096K)
 Metaspace       used 137509K, committed 138560K, reserved 1179648K
  class space    used 18057K, committed 18560K, reserved 1048576K
}
Event: 4765.434 GC heap after
{Heap after GC invocations=67 (full 0):
 garbage-first heap   total 211968K, used 172512K [0x0000000080000000, 0x0000000100000000)
  region size 1024K, 4 young (4096K), 4 survivors (4096K)
 Metaspace       used 137509K, committed 138560K, reserved 1179648K
  class space    used 18057K, committed 18560K, reserved 1048576K
}
Event: 4765.504 GC heap before
{Heap before GC invocations=67 (full 0):
 garbage-first heap   total 211968K, used 180704K [0x0000000080000000, 0x0000000100000000)
  region size 1024K, 12 young (12288K), 4 survivors (4096K)
 Metaspace       used 137581K, committed 138688K, reserved 1179648K
  class space    used 18057K, committed 18560K, reserved 1048576K
}
Event: 4765.513 GC heap after
{Heap after GC invocations=68 (full 0):
 garbage-first heap   total 211968K, used 177436K [0x0000000080000000, 0x0000000100000000)
  region size 1024K, 2 young (2048K), 2 survivors (2048K)
 Metaspace       used 137581K, committed 138688K, reserved 1179648K
  class space    used 18057K, committed 18560K, reserved 1048576K
}
Event: 4765.589 GC heap before
{Heap before GC invocations=68 (full 0):
 garbage-first heap   total 211968K, used 185628K [0x0000000080000000, 0x0000000100000000)
  region size 1024K, 10 young (10240K), 2 survivors (2048K)
 Metaspace       used 137589K, committed 138688K, reserved 1179648K
  class space    used 18057K, committed 18560K, reserved 1048576K
}
Event: 4765.594 GC heap after
{Heap after GC invocations=69 (full 0):
 garbage-first heap   total 211968K, used 181698K [0x0000000080000000, 0x0000000100000000)
  region size 1024K, 2 young (2048K), 2 survivors (2048K)
 Metaspace       used 137589K, committed 138688K, reserved 1179648K
  class space    used 18057K, committed 18560K, reserved 1048576K
}
Event: 4765.894 GC heap before
{Heap before GC invocations=70 (full 0):
 garbage-first heap   total 316416K, used 188866K [0x0000000080000000, 0x0000000100000000)
  region size 1024K, 10 young (10240K), 2 survivors (2048K)
 Metaspace       used 136924K, committed 138688K, reserved 1179648K
  class space    used 17908K, committed 18560K, reserved 1048576K
}
Event: 4765.897 GC heap after
{Heap after GC invocations=71 (full 0):
 garbage-first heap   total 316416K, used 184505K [0x0000000080000000, 0x0000000100000000)
  region size 1024K, 2 young (2048K), 2 survivors (2048K)
 Metaspace       used 136924K, committed 138688K, reserved 1179648K
  class space    used 17908K, committed 18560K, reserved 1048576K
}
Event: 4766.080 GC heap before
{Heap before GC invocations=71 (full 0):
 garbage-first heap   total 316416K, used 204985K [0x0000000080000000, 0x0000000100000000)
  region size 1024K, 15 young (15360K), 2 survivors (2048K)
 Metaspace       used 137163K, committed 138752K, reserved 1179648K
  class space    used 17932K, committed 18560K, reserved 1048576K
}

