# JRE version: OpenJDK Runtime Environment (11.0.15) (build 11.0.15+0-b2043.56-8887301)
# Java VM: OpenJDK 64-Bit Server VM (11.0.15+0-b2043.56-8887301, mixed mode, tiered, compressed oops, g1 gc, windows-amd64)
Heap:
 garbage-first heap   total 120832K, used 77533K [0x0000000080000000, 0x0000000100000000)
  region size 1024K, 7 young (7168K), 2 survivors (2048K)
 Metaspace       used 46753K, capacity 48024K, committed 48208K, reserved 1091584K
  class space    used 5890K, capacity 6352K, committed 6400K, reserved 1048576K
GC Heap History (20 events):
Event: 11.396 GC heap before
{Heap before GC invocations=7 (full 0):
 garbage-first heap   total 120832K, used 80779K [0x0000000080000000, 0x0000000100000000)
  region size 1024K, 48 young (49152K), 7 survivors (7168K)
 Metaspace       used 34103K, capacity 35047K, committed 35120K, reserved 1079296K
  class space    used 4591K, capacity 4941K, committed 4992K, reserved 1048576K
}
Event: 11.402 GC heap after
{Heap after GC invocations=8 (full 0):
 garbage-first heap   total 120832K, used 40676K [0x0000000080000000, 0x0000000100000000)
  region size 1024K, 2 young (2048K), 2 survivors (2048K)
 Metaspace       used 34103K, capacity 35047K, committed 35120K, reserved 1079296K
  class space    used 4591K, capacity 4941K, committed 4992K, reserved 1048576K
}
Event: 11.492 GC heap before
{Heap before GC invocations=8 (full 0):
 garbage-first heap   total 120832K, used 43748K [0x0000000080000000, 0x0000000100000000)
  region size 1024K, 6 young (6144K), 2 survivors (2048K)
 Metaspace       used 34828K, capacity 35795K, committed 35920K, reserved 1081344K
  class space    used 4668K, capacity 5042K, committed 5120K, reserved 1048576K
}
Event: 11.495 GC heap after
{Heap after GC invocations=9 (full 0):
 garbage-first heap   total 120832K, used 41277K [0x0000000080000000, 0x0000000100000000)
  region size 1024K, 3 young (3072K), 3 survivors (3072K)
 Metaspace       used 34828K, capacity 35795K, committed 35920K, reserved 1081344K
  class space    used 4668K, capacity 5042K, committed 5120K, reserved 1048576K
}
Event: 12.008 GC heap before
{Heap before GC invocations=10 (full 0):
 garbage-first heap   total 120832K, used 76093K [0x0000000080000000, 0x0000000100000000)
  region size 1024K, 38 young (38912K), 3 survivors (3072K)
 Metaspace       used 39855K, capacity 40998K, committed 41296K, reserved 1085440K
  class space    used 5139K, capacity 5580K, committed 5632K, reserved 1048576K
}
Event: 12.013 GC heap after
{Heap after GC invocations=11 (full 0):
 garbage-first heap   total 120832K, used 44853K [0x0000000080000000, 0x0000000100000000)
  region size 1024K, 5 young (5120K), 5 survivors (5120K)
 Metaspace       used 39855K, capacity 40998K, committed 41296K, reserved 1085440K
  class space    used 5139K, capacity 5580K, committed 5632K, reserved 1048576K
}
Event: 12.997 GC heap before
{Heap before GC invocations=11 (full 0):
 garbage-first heap   total 120832K, used 84789K [0x0000000080000000, 0x0000000100000000)
  region size 1024K, 41 young (41984K), 5 survivors (5120K)
 Metaspace       used 43356K, capacity 44474K, committed 44752K, reserved 1087488K
  class space    used 5525K, capacity 5969K, committed 6016K, reserved 1048576K
}
Event: 13.002 GC heap after
{Heap after GC invocations=12 (full 0):
 garbage-first heap   total 120832K, used 47077K [0x0000000080000000, 0x0000000100000000)
  region size 1024K, 5 young (5120K), 5 survivors (5120K)
 Metaspace       used 43356K, capacity 44474K, committed 44752K, reserved 1087488K
  class space    used 5525K, capacity 5969K, committed 6016K, reserved 1048576K
}
Event: 13.317 GC heap before
{Heap before GC invocations=12 (full 0):
 garbage-first heap   total 120832K, used 64485K [0x0000000080000000, 0x0000000100000000)
  region size 1024K, 20 young (20480K), 5 survivors (5120K)
 Metaspace       used 44258K, capacity 45429K, committed 45648K, reserved 1089536K
  class space    used 5656K, capacity 6110K, committed 6144K, reserved 1048576K
}
Event: 13.324 GC heap after
{Heap after GC invocations=13 (full 0):
 garbage-first heap   total 120832K, used 51851K [0x0000000080000000, 0x0000000100000000)
  region size 1024K, 4 young (4096K), 4 survivors (4096K)
 Metaspace       used 44258K, capacity 45429K, committed 45648K, reserved 1089536K
  class space    used 5656K, capacity 6110K, committed 6144K, reserved 1048576K
}
Event: 13.412 GC heap before
{Heap before GC invocations=14 (full 0):
 garbage-first heap   total 120832K, used 62091K [0x0000000080000000, 0x0000000100000000)
  region size 1024K, 5 young (5120K), 4 survivors (4096K)
 Metaspace       used 44258K, capacity 45429K, committed 45648K, reserved 1089536K
  class space    used 5656K, capacity 6110K, committed 6144K, reserved 1048576K
}
Event: 13.416 GC heap after
{Heap after GC invocations=15 (full 0):
 garbage-first heap   total 120832K, used 62247K [0x0000000080000000, 0x0000000100000000)
  region size 1024K, 2 young (2048K), 2 survivors (2048K)
 Metaspace       used 44258K, capacity 45429K, committed 45648K, reserved 1089536K
  class space    used 5656K, capacity 6110K, committed 6144K, reserved 1048576K
}
Event: 13.476 GC heap before
{Heap before GC invocations=16 (full 0):
 garbage-first heap   total 120832K, used 64295K [0x0000000080000000, 0x0000000100000000)
  region size 1024K, 3 young (3072K), 2 survivors (2048K)
 Metaspace       used 44258K, capacity 45429K, committed 45648K, reserved 1089536K
  class space    used 5656K, capacity 6110K, committed 6144K, reserved 1048576K
}
Event: 13.478 GC heap after
{Heap after GC invocations=17 (full 0):
 garbage-first heap   total 120832K, used 64277K [0x0000000080000000, 0x0000000100000000)
  region size 1024K, 2 young (2048K), 2 survivors (2048K)
 Metaspace       used 44258K, capacity 45429K, committed 45648K, reserved 1089536K
  class space    used 5656K, capacity 6110K, committed 6144K, reserved 1048576K
}
Event: 13.814 GC heap before
{Heap before GC invocations=18 (full 0):
 garbage-first heap   total 120832K, used 89877K [0x0000000080000000, 0x0000000100000000)
  region size 1024K, 23 young (23552K), 2 survivors (2048K)
 Metaspace       used 45294K, capacity 46503K, committed 46672K, reserved 1089536K
  class space    used 5796K, capacity 6273K, committed 6400K, reserved 1048576K
}
Event: 13.817 GC heap after
{Heap after GC invocations=19 (full 0):
 garbage-first heap   total 120832K, used 72074K [0x0000000080000000, 0x0000000100000000)
  region size 1024K, 3 young (3072K), 3 survivors (3072K)
 Metaspace       used 45294K, capacity 46503K, committed 46672K, reserved 1089536K
  class space    used 5796K, capacity 6273K, committed 6400K, reserved 1048576K
}
Event: 13.845 GC heap before
{Heap before GC invocations=19 (full 0):
 garbage-first heap   total 120832K, used 73098K [0x0000000080000000, 0x0000000100000000)
  region size 1024K, 6 young (6144K), 3 survivors (3072K)
 Metaspace       used 45488K, capacity 46759K, committed 46928K, reserved 1089536K
  class space    used 5805K, capacity 6273K, committed 6400K, reserved 1048576K
}
Event: 13.848 GC heap after
{Heap after GC invocations=20 (full 0):
 garbage-first heap   total 120832K, used 73018K [0x0000000080000000, 0x0000000100000000)
  region size 1024K, 1 young (1024K), 1 survivors (1024K)
 Metaspace       used 45488K, capacity 46759K, committed 46928K, reserved 1089536K
  class space    used 5805K, capacity 6273K, committed 6400K, reserved 1048576K
}
Event: 14.014 GC heap before
{Heap before GC invocations=21 (full 0):
 garbage-first heap   total 120832K, used 89402K [0x0000000080000000, 0x0000000100000000)
  region size 1024K, 16 young (16384K), 1 survivors (1024K)
 Metaspace       used 46619K, capacity 47864K, committed 47952K, reserved 1091584K
  class space    used 5859K, capacity 6320K, committed 6400K, reserved 1048576K
}
Event: 14.017 GC heap after
{Heap after GC invocations=22 (full 0):
 garbage-first heap   total 120832K, used 73437K [0x0000000080000000, 0x0000000100000000)
  region size 1024K, 2 young (2048K), 2 survivors (2048K)
 Metaspace       used 46619K, capacity 47864K, committed 47952K, reserved 1091584K
  class space    used 5859K, capacity 6320K, committed 6400K, reserved 1048576K
}

